I0419 11:52:08.138376 45008 caffe.cpp:185] Using GPUs 0
I0419 11:52:10.456010 45008 caffe.cpp:190] GPU 0: Tesla K40m
I0419 11:52:11.323550 45008 solver.cpp:48] Initializing solver from parameters: 
test_iter: 60
test_interval: 500
base_lr: 1e-07
display: 100
max_iter: 5000
lr_policy: "inv"
gamma: 0.0001
power: 0.75
momentum: 0.9
weight_decay: 0
snapshot: 1000
snapshot_prefix: "mnist_3_full/mnist_3_full"
solver_mode: GPU
device_id: 0
net: "pirc_mnist_3_full_train_test.prototxt"
I0419 11:52:11.326516 45008 solver.cpp:91] Creating training net from net file: pirc_mnist_3_full_train_test.prototxt
I0419 11:52:11.331107 45008 net.cpp:322] The NetState phase (0) differed from the phase (1) specified by a rule in layer data_1
I0419 11:52:11.331159 45008 net.cpp:322] The NetState phase (0) differed from the phase (1) specified by a rule in layer data_2
I0419 11:52:11.331370 45008 net.cpp:49] Initializing net from parameters: 
name: "pirc_mnist_full_train_test"
state {
  phase: TRAIN
}
layer {
  name: "data_1"
  type: "ImageData"
  top: "data"
  top: "sim"
  include {
    phase: TRAIN
  }
  image_data_param {
    source: "data/train1_full.txt"
    batch_size: 100
  }
}
layer {
  name: "data_2"
  type: "ImageData"
  top: "data_p"
  top: "dummy_labels"
  include {
    phase: TRAIN
  }
  image_data_param {
    source: "data/train2_full.txt"
    batch_size: 100
  }
}
layer {
  name: "conv1"
  type: "Convolution"
  bottom: "data"
  top: "conv1"
  param {
    name: "conv1_w"
    lr_mult: 1
  }
  param {
    name: "conv1_b"
    lr_mult: 2
  }
  convolution_param {
    num_output: 20
    kernel_size: 5
    stride: 1
    weight_filler {
      type: "xavier"
    }
    bias_filler {
      type: "constant"
    }
  }
}
layer {
  name: "pool1"
  type: "Pooling"
  bottom: "conv1"
  top: "pool1"
  pooling_param {
    pool: MAX
    kernel_size: 2
    stride: 2
  }
}
layer {
  name: "conv2"
  type: "Convolution"
  bottom: "pool1"
  top: "conv2"
  param {
    name: "conv2_w"
    lr_mult: 1
  }
  param {
    name: "conv2_b"
    lr_mult: 2
  }
  convolution_param {
    num_output: 50
    kernel_size: 5
    stride: 1
    weight_filler {
      type: "xavier"
    }
    bias_filler {
      type: "constant"
    }
  }
}
layer {
  name: "pool2"
  type: "Pooling"
  bottom: "conv2"
  top: "pool2"
  pooling_param {
    pool: MAX
    kernel_size: 2
    stride: 2
  }
}
layer {
  name: "ip1"
  type: "InnerProduct"
  bottom: "pool2"
  top: "ip1"
  param {
    name: "ip1_w"
    lr_mult: 1
  }
  param {
    name: "ip1_b"
    lr_mult: 2
  }
  inner_product_param {
    num_output: 500
    weight_filler {
      type: "xavier"
    }
    bias_filler {
      type: "constant"
    }
  }
}
layer {
  name: "relu1"
  type: "ReLU"
  bottom: "ip1"
  top: "ip1"
}
layer {
  name: "ip2"
  type: "InnerProduct"
  bottom: "ip1"
  top: "ip2"
  param {
    name: "ip2_w"
    lr_mult: 1
  }
  param {
    name: "ip2_b"
    lr_mult: 2
  }
  inner_product_param {
    num_output: 10
    weight_filler {
      type: "xavier"
    }
    bias_filler {
      type: "constant"
    }
  }
}
layer {
  name: "feat"
  type: "InnerProduct"
  bottom: "ip2"
  top: "feat"
  param {
    name: "feat_w"
    lr_mult: 1
  }
  param {
    name: "feat_b"
    lr_mult: 2
  }
  inner_product_param {
    num_output: 2
    weight_filler {
      type: "xavier"
    }
    bias_filler {
      type: "constant"
    }
  }
}
layer {
  name: "conv1_p"
  type: "Convolution"
  bottom: "data_p"
  top: "conv1_p"
  param {
    name: "conv1_w"
    lr_mult: 1
  }
  param {
    name: "conv1_b"
    lr_mult: 2
  }
  convolution_param {
    num_output: 20
    kernel_size: 5
    stride: 1
    weight_filler {
      type: "xavier"
    }
    bias_filler {
      type: "constant"
    }
  }
}
layer {
  name: "pool1_p"
  type: "Pooling"
  bottom: "conv1_p"
  top: "pool1_p"
  pooling_param {
    pool: MAX
    kernel_size: 2
    stride: 2
  }
}
layer {
  name: "conv2_p"
  type: "Convolution"
  bottom: "pool1_p"
  top: "conv2_p"
  param {
    name: "conv2_w"
    lr_mult: 1
  }
  param {
    name: "conv2_b"
    lr_mult: 2
  }
  convolution_param {
    num_output: 50
    kernel_size: 5
    stride: 1
    weight_filler {
      type: "xavier"
    }
    bias_filler {
      type: "constant"
    }
  }
}
layer {
  name: "pool2_p"
  type: "Pooling"
  bottom: "conv2_p"
  top: "pool2_p"
  pooling_param {
    pool: MAX
    kernel_size: 2
    stride: 2
  }
}
layer {
  name: "ip1_p"
  type: "InnerProduct"
  bottom: "pool2_p"
  top: "ip1_p"
  param {
    name: "ip1_w"
    lr_mult: 1
  }
  param {
    name: "ip1_b"
    lr_mult: 2
  }
  inner_product_param {
    num_output: 500
    weight_filler {
      type: "xavier"
    }
    bias_filler {
      type: "constant"
    }
  }
}
layer {
  name: "relu1_p"
  type: "ReLU"
  bottom: "ip1_p"
  top: "ip1_p"
}
layer {
  name: "ip2_p"
  type: "InnerProduct"
  bottom: "ip1_p"
  top: "ip2_p"
  param {
    name: "ip2_w"
    lr_mult: 1
  }
  param {
    name: "ip2_b"
    lr_mult: 2
  }
  inner_product_param {
    num_output: 10
    weight_filler {
      type: "xavier"
    }
    bias_filler {
      type: "constant"
    }
  }
}
layer {
  name: "feat_p"
  type: "InnerProduct"
  bottom: "ip2_p"
  top: "feat_p"
  param {
    name: "feat_w"
    lr_mult: 1
  }
  param {
    name: "feat_b"
    lr_mult: 2
  }
  inner_product_param {
    num_output: 2
    weight_filler {
      type: "xavier"
    }
    bias_filler {
      type: "constant"
    }
  }
}
layer {
  name: "loss"
  type: "ContrastiveLoss"
  bottom: "feat"
  bottom: "feat_p"
  bottom: "sim"
  top: "loss"
  contrastive_loss_param {
    margin: 1
  }
}
I0419 11:52:11.331665 45008 layer_factory.hpp:77] Creating layer data_1
I0419 11:52:11.331859 45008 net.cpp:106] Creating Layer data_1
I0419 11:52:11.331903 45008 net.cpp:411] data_1 -> data
I0419 11:52:11.331996 45008 net.cpp:411] data_1 -> sim
I0419 11:52:11.332111 45008 image_data_layer.cpp:38] Opening file data/train1_full.txt
I0419 11:52:11.392004 45008 image_data_layer.cpp:53] A total of 14000 images.
I0419 11:52:11.758970 45008 image_data_layer.cpp:80] output data size: 100,3,227,227
I0419 11:52:11.882285 45008 net.cpp:150] Setting up data_1
I0419 11:52:11.882406 45008 net.cpp:157] Top shape: 100 3 227 227 (15458700)
I0419 11:52:11.882438 45008 net.cpp:157] Top shape: 100 (100)
I0419 11:52:11.882462 45008 net.cpp:165] Memory required for data: 61835200
I0419 11:52:11.882505 45008 layer_factory.hpp:77] Creating layer data_2
I0419 11:52:11.882553 45008 net.cpp:106] Creating Layer data_2
I0419 11:52:11.882582 45008 net.cpp:411] data_2 -> data_p
I0419 11:52:11.882625 45008 net.cpp:411] data_2 -> dummy_labels
I0419 11:52:11.882659 45008 image_data_layer.cpp:38] Opening file data/train2_full.txt
I0419 11:52:11.925134 45008 image_data_layer.cpp:53] A total of 14000 images.
I0419 11:52:11.933881 45008 image_data_layer.cpp:80] output data size: 100,3,227,227
I0419 11:52:12.052845 45008 net.cpp:150] Setting up data_2
I0419 11:52:12.052948 45008 net.cpp:157] Top shape: 100 3 227 227 (15458700)
I0419 11:52:12.052976 45008 net.cpp:157] Top shape: 100 (100)
I0419 11:52:12.052999 45008 net.cpp:165] Memory required for data: 123670400
I0419 11:52:12.053025 45008 layer_factory.hpp:77] Creating layer conv1
I0419 11:52:12.053102 45008 net.cpp:106] Creating Layer conv1
I0419 11:52:12.053131 45008 net.cpp:454] conv1 <- data
I0419 11:52:12.053174 45008 net.cpp:411] conv1 -> conv1
I0419 11:52:12.054914 45008 net.cpp:150] Setting up conv1
I0419 11:52:12.054955 45008 net.cpp:157] Top shape: 100 20 223 223 (99458000)
I0419 11:52:12.054978 45008 net.cpp:165] Memory required for data: 521502400
I0419 11:52:12.055030 45008 layer_factory.hpp:77] Creating layer pool1
I0419 11:52:12.055063 45008 net.cpp:106] Creating Layer pool1
I0419 11:52:12.055088 45008 net.cpp:454] pool1 <- conv1
I0419 11:52:12.055112 45008 net.cpp:411] pool1 -> pool1
I0419 11:52:12.055274 45008 net.cpp:150] Setting up pool1
I0419 11:52:12.055305 45008 net.cpp:157] Top shape: 100 20 112 112 (25088000)
I0419 11:52:12.055327 45008 net.cpp:165] Memory required for data: 621854400
I0419 11:52:12.055351 45008 layer_factory.hpp:77] Creating layer conv2
I0419 11:52:12.055385 45008 net.cpp:106] Creating Layer conv2
I0419 11:52:12.055423 45008 net.cpp:454] conv2 <- pool1
I0419 11:52:12.055471 45008 net.cpp:411] conv2 -> conv2
I0419 11:52:12.056581 45008 net.cpp:150] Setting up conv2
I0419 11:52:12.056637 45008 net.cpp:157] Top shape: 100 50 108 108 (58320000)
I0419 11:52:12.056666 45008 net.cpp:165] Memory required for data: 855134400
I0419 11:52:12.056710 45008 layer_factory.hpp:77] Creating layer pool2
I0419 11:52:12.056738 45008 net.cpp:106] Creating Layer pool2
I0419 11:52:12.056763 45008 net.cpp:454] pool2 <- conv2
I0419 11:52:12.056790 45008 net.cpp:411] pool2 -> pool2
I0419 11:52:12.056849 45008 net.cpp:150] Setting up pool2
I0419 11:52:12.056892 45008 net.cpp:157] Top shape: 100 50 54 54 (14580000)
I0419 11:52:12.056915 45008 net.cpp:165] Memory required for data: 913454400
I0419 11:52:12.056949 45008 layer_factory.hpp:77] Creating layer ip1
I0419 11:52:12.056995 45008 net.cpp:106] Creating Layer ip1
I0419 11:52:12.057020 45008 net.cpp:454] ip1 <- pool2
I0419 11:52:12.057046 45008 net.cpp:411] ip1 -> ip1
I0419 11:52:12.701078 45008 net.cpp:150] Setting up ip1
I0419 11:52:12.701225 45008 net.cpp:157] Top shape: 100 500 (50000)
I0419 11:52:12.701251 45008 net.cpp:165] Memory required for data: 913654400
I0419 11:52:12.701292 45008 layer_factory.hpp:77] Creating layer relu1
I0419 11:52:12.701325 45008 net.cpp:106] Creating Layer relu1
I0419 11:52:12.701349 45008 net.cpp:454] relu1 <- ip1
I0419 11:52:12.701381 45008 net.cpp:397] relu1 -> ip1 (in-place)
I0419 11:52:12.701432 45008 net.cpp:150] Setting up relu1
I0419 11:52:12.701458 45008 net.cpp:157] Top shape: 100 500 (50000)
I0419 11:52:12.701493 45008 net.cpp:165] Memory required for data: 913854400
I0419 11:52:12.701515 45008 layer_factory.hpp:77] Creating layer ip2
I0419 11:52:12.701561 45008 net.cpp:106] Creating Layer ip2
I0419 11:52:12.701586 45008 net.cpp:454] ip2 <- ip1
I0419 11:52:12.701625 45008 net.cpp:411] ip2 -> ip2
I0419 11:52:12.701813 45008 net.cpp:150] Setting up ip2
I0419 11:52:12.701859 45008 net.cpp:157] Top shape: 100 10 (1000)
I0419 11:52:12.701895 45008 net.cpp:165] Memory required for data: 913858400
I0419 11:52:12.701920 45008 layer_factory.hpp:77] Creating layer feat
I0419 11:52:12.701972 45008 net.cpp:106] Creating Layer feat
I0419 11:52:12.701995 45008 net.cpp:454] feat <- ip2
I0419 11:52:12.702023 45008 net.cpp:411] feat -> feat
I0419 11:52:12.702122 45008 net.cpp:150] Setting up feat
I0419 11:52:12.702167 45008 net.cpp:157] Top shape: 100 2 (200)
I0419 11:52:12.702194 45008 net.cpp:165] Memory required for data: 913859200
I0419 11:52:12.702239 45008 layer_factory.hpp:77] Creating layer conv1_p
I0419 11:52:12.702273 45008 net.cpp:106] Creating Layer conv1_p
I0419 11:52:12.702301 45008 net.cpp:454] conv1_p <- data_p
I0419 11:52:12.702327 45008 net.cpp:411] conv1_p -> conv1_p
I0419 11:52:12.702631 45008 net.cpp:150] Setting up conv1_p
I0419 11:52:12.702672 45008 net.cpp:157] Top shape: 100 20 223 223 (99458000)
I0419 11:52:12.702720 45008 net.cpp:165] Memory required for data: 1311691200
I0419 11:52:12.702746 45008 net.cpp:514] Sharing parameters 'conv1_w' owned by layer 'conv1', param index 0
I0419 11:52:12.702774 45008 net.cpp:514] Sharing parameters 'conv1_b' owned by layer 'conv1', param index 1
I0419 11:52:12.702798 45008 layer_factory.hpp:77] Creating layer pool1_p
I0419 11:52:12.702828 45008 net.cpp:106] Creating Layer pool1_p
I0419 11:52:12.702853 45008 net.cpp:454] pool1_p <- conv1_p
I0419 11:52:12.702882 45008 net.cpp:411] pool1_p -> pool1_p
I0419 11:52:12.702946 45008 net.cpp:150] Setting up pool1_p
I0419 11:52:12.702993 45008 net.cpp:157] Top shape: 100 20 112 112 (25088000)
I0419 11:52:12.703017 45008 net.cpp:165] Memory required for data: 1412043200
I0419 11:52:12.703054 45008 layer_factory.hpp:77] Creating layer conv2_p
I0419 11:52:12.703084 45008 net.cpp:106] Creating Layer conv2_p
I0419 11:52:12.703121 45008 net.cpp:454] conv2_p <- pool1_p
I0419 11:52:12.703156 45008 net.cpp:411] conv2_p -> conv2_p
I0419 11:52:12.703595 45008 net.cpp:150] Setting up conv2_p
I0419 11:52:12.704396 45008 net.cpp:157] Top shape: 100 50 108 108 (58320000)
I0419 11:52:12.704531 45008 net.cpp:165] Memory required for data: 1645323200
I0419 11:52:12.704633 45008 net.cpp:514] Sharing parameters 'conv2_w' owned by layer 'conv2', param index 0
I0419 11:52:12.704668 45008 net.cpp:514] Sharing parameters 'conv2_b' owned by layer 'conv2', param index 1
I0419 11:52:12.704694 45008 layer_factory.hpp:77] Creating layer pool2_p
I0419 11:52:12.704731 45008 net.cpp:106] Creating Layer pool2_p
I0419 11:52:12.704758 45008 net.cpp:454] pool2_p <- conv2_p
I0419 11:52:12.704797 45008 net.cpp:411] pool2_p -> pool2_p
I0419 11:52:12.704919 45008 net.cpp:150] Setting up pool2_p
I0419 11:52:12.704967 45008 net.cpp:157] Top shape: 100 50 54 54 (14580000)
I0419 11:52:12.705081 45008 net.cpp:165] Memory required for data: 1703643200
I0419 11:52:12.705139 45008 layer_factory.hpp:77] Creating layer ip1_p
I0419 11:52:12.705199 45008 net.cpp:106] Creating Layer ip1_p
I0419 11:52:12.705229 45008 net.cpp:454] ip1_p <- pool2_p
I0419 11:52:12.705265 45008 net.cpp:411] ip1_p -> ip1_p
I0419 11:52:13.339985 45008 net.cpp:150] Setting up ip1_p
I0419 11:52:13.340075 45008 net.cpp:157] Top shape: 100 500 (50000)
I0419 11:52:13.340101 45008 net.cpp:165] Memory required for data: 1703843200
I0419 11:52:13.340129 45008 net.cpp:514] Sharing parameters 'ip1_w' owned by layer 'ip1', param index 0
I0419 11:52:13.340157 45008 net.cpp:514] Sharing parameters 'ip1_b' owned by layer 'ip1', param index 1
I0419 11:52:13.340180 45008 layer_factory.hpp:77] Creating layer relu1_p
I0419 11:52:13.340214 45008 net.cpp:106] Creating Layer relu1_p
I0419 11:52:13.340242 45008 net.cpp:454] relu1_p <- ip1_p
I0419 11:52:13.340271 45008 net.cpp:397] relu1_p -> ip1_p (in-place)
I0419 11:52:13.340308 45008 net.cpp:150] Setting up relu1_p
I0419 11:52:13.340334 45008 net.cpp:157] Top shape: 100 500 (50000)
I0419 11:52:13.340356 45008 net.cpp:165] Memory required for data: 1704043200
I0419 11:52:13.340383 45008 layer_factory.hpp:77] Creating layer ip2_p
I0419 11:52:13.340420 45008 net.cpp:106] Creating Layer ip2_p
I0419 11:52:13.340443 45008 net.cpp:454] ip2_p <- ip1_p
I0419 11:52:13.340471 45008 net.cpp:411] ip2_p -> ip2_p
I0419 11:52:13.340629 45008 net.cpp:150] Setting up ip2_p
I0419 11:52:13.340663 45008 net.cpp:157] Top shape: 100 10 (1000)
I0419 11:52:13.340687 45008 net.cpp:165] Memory required for data: 1704047200
I0419 11:52:13.340715 45008 net.cpp:514] Sharing parameters 'ip2_w' owned by layer 'ip2', param index 0
I0419 11:52:13.340742 45008 net.cpp:514] Sharing parameters 'ip2_b' owned by layer 'ip2', param index 1
I0419 11:52:13.340765 45008 layer_factory.hpp:77] Creating layer feat_p
I0419 11:52:13.340791 45008 net.cpp:106] Creating Layer feat_p
I0419 11:52:13.340814 45008 net.cpp:454] feat_p <- ip2_p
I0419 11:52:13.340854 45008 net.cpp:411] feat_p -> feat_p
I0419 11:52:13.341001 45008 net.cpp:150] Setting up feat_p
I0419 11:52:13.341037 45008 net.cpp:157] Top shape: 100 2 (200)
I0419 11:52:13.341061 45008 net.cpp:165] Memory required for data: 1704048000
I0419 11:52:13.341086 45008 net.cpp:514] Sharing parameters 'feat_w' owned by layer 'feat', param index 0
I0419 11:52:13.341112 45008 net.cpp:514] Sharing parameters 'feat_b' owned by layer 'feat', param index 1
I0419 11:52:13.341137 45008 layer_factory.hpp:77] Creating layer loss
I0419 11:52:13.341181 45008 net.cpp:106] Creating Layer loss
I0419 11:52:13.341205 45008 net.cpp:454] loss <- feat
I0419 11:52:13.341243 45008 net.cpp:454] loss <- feat_p
I0419 11:52:13.341269 45008 net.cpp:454] loss <- sim
I0419 11:52:13.341295 45008 net.cpp:411] loss -> loss
I0419 11:52:13.341501 45008 net.cpp:150] Setting up loss
I0419 11:52:13.341548 45008 net.cpp:157] Top shape: (1)
I0419 11:52:13.341574 45008 net.cpp:160]     with loss weight 1
I0419 11:52:13.341634 45008 net.cpp:165] Memory required for data: 1704048004
I0419 11:52:13.341660 45008 net.cpp:226] loss needs backward computation.
I0419 11:52:13.341691 45008 net.cpp:226] feat_p needs backward computation.
I0419 11:52:13.341714 45008 net.cpp:226] ip2_p needs backward computation.
I0419 11:52:13.341740 45008 net.cpp:226] relu1_p needs backward computation.
I0419 11:52:13.341794 45008 net.cpp:226] ip1_p needs backward computation.
I0419 11:52:13.341887 45008 net.cpp:226] pool2_p needs backward computation.
I0419 11:52:13.341925 45008 net.cpp:226] conv2_p needs backward computation.
I0419 11:52:13.341950 45008 net.cpp:226] pool1_p needs backward computation.
I0419 11:52:13.341985 45008 net.cpp:226] conv1_p needs backward computation.
I0419 11:52:13.342010 45008 net.cpp:226] feat needs backward computation.
I0419 11:52:13.342032 45008 net.cpp:226] ip2 needs backward computation.
I0419 11:52:13.342067 45008 net.cpp:226] relu1 needs backward computation.
I0419 11:52:13.342088 45008 net.cpp:226] ip1 needs backward computation.
I0419 11:52:13.342109 45008 net.cpp:226] pool2 needs backward computation.
I0419 11:52:13.342144 45008 net.cpp:226] conv2 needs backward computation.
I0419 11:52:13.342165 45008 net.cpp:226] pool1 needs backward computation.
I0419 11:52:13.342188 45008 net.cpp:226] conv1 needs backward computation.
I0419 11:52:13.342224 45008 net.cpp:228] data_2 does not need backward computation.
I0419 11:52:13.342248 45008 net.cpp:228] data_1 does not need backward computation.
I0419 11:52:13.342284 45008 net.cpp:270] This network produces output dummy_labels
I0419 11:52:13.342313 45008 net.cpp:270] This network produces output loss
I0419 11:52:13.378700 45008 net.cpp:283] Network initialization done.
I0419 11:52:13.380488 45008 solver.cpp:181] Creating test net (#0) specified by net file: pirc_mnist_3_full_train_test.prototxt
I0419 11:52:13.380565 45008 net.cpp:322] The NetState phase (1) differed from the phase (0) specified by a rule in layer data_1
I0419 11:52:13.380599 45008 net.cpp:322] The NetState phase (1) differed from the phase (0) specified by a rule in layer data_2
I0419 11:52:13.380800 45008 net.cpp:49] Initializing net from parameters: 
name: "pirc_mnist_full_train_test"
state {
  phase: TEST
}
layer {
  name: "data_1"
  type: "ImageData"
  top: "data"
  top: "sim"
  include {
    phase: TEST
  }
  image_data_param {
    source: "data/test1_full.txt"
    batch_size: 100
  }
}
layer {
  name: "data_2"
  type: "ImageData"
  top: "data_p"
  top: "dummy_labels"
  include {
    phase: TEST
  }
  image_data_param {
    source: "data/test2_full.txt"
    batch_size: 100
  }
}
layer {
  name: "conv1"
  type: "Convolution"
  bottom: "data"
  top: "conv1"
  param {
    name: "conv1_w"
    lr_mult: 1
  }
  param {
    name: "conv1_b"
    lr_mult: 2
  }
  convolution_param {
    num_output: 20
    kernel_size: 5
    stride: 1
    weight_filler {
      type: "xavier"
    }
    bias_filler {
      type: "constant"
    }
  }
}
layer {
  name: "pool1"
  type: "Pooling"
  bottom: "conv1"
  top: "pool1"
  pooling_param {
    pool: MAX
    kernel_size: 2
    stride: 2
  }
}
layer {
  name: "conv2"
  type: "Convolution"
  bottom: "pool1"
  top: "conv2"
  param {
    name: "conv2_w"
    lr_mult: 1
  }
  param {
    name: "conv2_b"
    lr_mult: 2
  }
  convolution_param {
    num_output: 50
    kernel_size: 5
    stride: 1
    weight_filler {
      type: "xavier"
    }
    bias_filler {
      type: "constant"
    }
  }
}
layer {
  name: "pool2"
  type: "Pooling"
  bottom: "conv2"
  top: "pool2"
  pooling_param {
    pool: MAX
    kernel_size: 2
    stride: 2
  }
}
layer {
  name: "ip1"
  type: "InnerProduct"
  bottom: "pool2"
  top: "ip1"
  param {
    name: "ip1_w"
    lr_mult: 1
  }
  param {
    name: "ip1_b"
    lr_mult: 2
  }
  inner_product_param {
    num_output: 500
    weight_filler {
      type: "xavier"
    }
    bias_filler {
      type: "constant"
    }
  }
}
layer {
  name: "relu1"
  type: "ReLU"
  bottom: "ip1"
  top: "ip1"
}
layer {
  name: "ip2"
  type: "InnerProduct"
  bottom: "ip1"
  top: "ip2"
  param {
    name: "ip2_w"
    lr_mult: 1
  }
  param {
    name: "ip2_b"
    lr_mult: 2
  }
  inner_product_param {
    num_output: 10
    weight_filler {
      type: "xavier"
    }
    bias_filler {
      type: "constant"
    }
  }
}
layer {
  name: "feat"
  type: "InnerProduct"
  bottom: "ip2"
  top: "feat"
  param {
    name: "feat_w"
    lr_mult: 1
  }
  param {
    name: "feat_b"
    lr_mult: 2
  }
  inner_product_param {
    num_output: 2
    weight_filler {
      type: "xavier"
    }
    bias_filler {
      type: "constant"
    }
  }
}
layer {
  name: "conv1_p"
  type: "Convolution"
  bottom: "data_p"
  top: "conv1_p"
  param {
    name: "conv1_w"
    lr_mult: 1
  }
  param {
    name: "conv1_b"
    lr_mult: 2
  }
  convolution_param {
    num_output: 20
    kernel_size: 5
    stride: 1
    weight_filler {
      type: "xavier"
    }
    bias_filler {
      type: "constant"
    }
  }
}
layer {
  name: "pool1_p"
  type: "Pooling"
  bottom: "conv1_p"
  top: "pool1_p"
  pooling_param {
    pool: MAX
    kernel_size: 2
    stride: 2
  }
}
layer {
  name: "conv2_p"
  type: "Convolution"
  bottom: "pool1_p"
  top: "conv2_p"
  param {
    name: "conv2_w"
    lr_mult: 1
  }
  param {
    name: "conv2_b"
    lr_mult: 2
  }
  convolution_param {
    num_output: 50
    kernel_size: 5
    stride: 1
    weight_filler {
      type: "xavier"
    }
    bias_filler {
      type: "constant"
    }
  }
}
layer {
  name: "pool2_p"
  type: "Pooling"
  bottom: "conv2_p"
  top: "pool2_p"
  pooling_param {
    pool: MAX
    kernel_size: 2
    stride: 2
  }
}
layer {
  name: "ip1_p"
  type: "InnerProduct"
  bottom: "pool2_p"
  top: "ip1_p"
  param {
    name: "ip1_w"
    lr_mult: 1
  }
  param {
    name: "ip1_b"
    lr_mult: 2
  }
  inner_product_param {
    num_output: 500
    weight_filler {
      type: "xavier"
    }
    bias_filler {
      type: "constant"
    }
  }
}
layer {
  name: "relu1_p"
  type: "ReLU"
  bottom: "ip1_p"
  top: "ip1_p"
}
layer {
  name: "ip2_p"
  type: "InnerProduct"
  bottom: "ip1_p"
  top: "ip2_p"
  param {
    name: "ip2_w"
    lr_mult: 1
  }
  param {
    name: "ip2_b"
    lr_mult: 2
  }
  inner_product_param {
    num_output: 10
    weight_filler {
      type: "xavier"
    }
    bias_filler {
      type: "constant"
    }
  }
}
layer {
  name: "feat_p"
  type: "InnerProduct"
  bottom: "ip2_p"
  top: "feat_p"
  param {
    name: "feat_w"
    lr_mult: 1
  }
  param {
    name: "feat_b"
    lr_mult: 2
  }
  inner_product_param {
    num_output: 2
    weight_filler {
      type: "xavier"
    }
    bias_filler {
      type: "constant"
    }
  }
}
layer {
  name: "loss"
  type: "ContrastiveLoss"
  bottom: "feat"
  bottom: "feat_p"
  bottom: "sim"
  top: "loss"
  contrastive_loss_param {
    margin: 1
  }
}
I0419 11:52:13.380959 45008 layer_factory.hpp:77] Creating layer data_1
I0419 11:52:13.381016 45008 net.cpp:106] Creating Layer data_1
I0419 11:52:13.381044 45008 net.cpp:411] data_1 -> data
I0419 11:52:13.381075 45008 net.cpp:411] data_1 -> sim
I0419 11:52:13.381109 45008 image_data_layer.cpp:38] Opening file data/test1_full.txt
I0419 11:52:13.426209 45008 image_data_layer.cpp:53] A total of 6000 images.
I0419 11:52:13.445448 45008 image_data_layer.cpp:80] output data size: 100,3,227,227
I0419 11:52:13.570050 45008 net.cpp:150] Setting up data_1
I0419 11:52:13.570148 45008 net.cpp:157] Top shape: 100 3 227 227 (15458700)
I0419 11:52:13.570189 45008 net.cpp:157] Top shape: 100 (100)
I0419 11:52:13.570212 45008 net.cpp:165] Memory required for data: 61835200
I0419 11:52:13.570252 45008 layer_factory.hpp:77] Creating layer data_2
I0419 11:52:13.570312 45008 net.cpp:106] Creating Layer data_2
I0419 11:52:13.570343 45008 net.cpp:411] data_2 -> data_p
I0419 11:52:13.570391 45008 net.cpp:411] data_2 -> dummy_labels
I0419 11:52:13.570441 45008 image_data_layer.cpp:38] Opening file data/test2_full.txt
I0419 11:52:13.594638 45008 image_data_layer.cpp:53] A total of 6000 images.
I0419 11:52:13.602205 45008 image_data_layer.cpp:80] output data size: 100,3,227,227
I0419 11:52:13.727262 45008 net.cpp:150] Setting up data_2
I0419 11:52:13.727373 45008 net.cpp:157] Top shape: 100 3 227 227 (15458700)
I0419 11:52:13.727404 45008 net.cpp:157] Top shape: 100 (100)
I0419 11:52:13.727427 45008 net.cpp:165] Memory required for data: 123670400
I0419 11:52:13.727463 45008 layer_factory.hpp:77] Creating layer conv1
I0419 11:52:13.727507 45008 net.cpp:106] Creating Layer conv1
I0419 11:52:13.727533 45008 net.cpp:454] conv1 <- data
I0419 11:52:13.727583 45008 net.cpp:411] conv1 -> conv1
I0419 11:52:13.728027 45008 net.cpp:150] Setting up conv1
I0419 11:52:13.728083 45008 net.cpp:157] Top shape: 100 20 223 223 (99458000)
I0419 11:52:13.728106 45008 net.cpp:165] Memory required for data: 521502400
I0419 11:52:13.728138 45008 layer_factory.hpp:77] Creating layer pool1
I0419 11:52:13.728176 45008 net.cpp:106] Creating Layer pool1
I0419 11:52:13.728212 45008 net.cpp:454] pool1 <- conv1
I0419 11:52:13.728238 45008 net.cpp:411] pool1 -> pool1
I0419 11:52:13.728332 45008 net.cpp:150] Setting up pool1
I0419 11:52:13.728373 45008 net.cpp:157] Top shape: 100 20 112 112 (25088000)
I0419 11:52:13.728399 45008 net.cpp:165] Memory required for data: 621854400
I0419 11:52:13.728423 45008 layer_factory.hpp:77] Creating layer conv2
I0419 11:52:13.728456 45008 net.cpp:106] Creating Layer conv2
I0419 11:52:13.728482 45008 net.cpp:454] conv2 <- pool1
I0419 11:52:13.728512 45008 net.cpp:411] conv2 -> conv2
I0419 11:52:13.728965 45008 net.cpp:150] Setting up conv2
I0419 11:52:13.729020 45008 net.cpp:157] Top shape: 100 50 108 108 (58320000)
I0419 11:52:13.729044 45008 net.cpp:165] Memory required for data: 855134400
I0419 11:52:13.729073 45008 layer_factory.hpp:77] Creating layer pool2
I0419 11:52:13.729100 45008 net.cpp:106] Creating Layer pool2
I0419 11:52:13.729125 45008 net.cpp:454] pool2 <- conv2
I0419 11:52:13.729152 45008 net.cpp:411] pool2 -> pool2
I0419 11:52:13.729228 45008 net.cpp:150] Setting up pool2
I0419 11:52:13.729259 45008 net.cpp:157] Top shape: 100 50 54 54 (14580000)
I0419 11:52:13.729295 45008 net.cpp:165] Memory required for data: 913454400
I0419 11:52:13.729317 45008 layer_factory.hpp:77] Creating layer ip1
I0419 11:52:13.729359 45008 net.cpp:106] Creating Layer ip1
I0419 11:52:13.729393 45008 net.cpp:454] ip1 <- pool2
I0419 11:52:13.729434 45008 net.cpp:411] ip1 -> ip1
I0419 11:52:14.386575 45008 net.cpp:150] Setting up ip1
I0419 11:52:14.386659 45008 net.cpp:157] Top shape: 100 500 (50000)
I0419 11:52:14.386687 45008 net.cpp:165] Memory required for data: 913654400
I0419 11:52:14.386739 45008 layer_factory.hpp:77] Creating layer relu1
I0419 11:52:14.386775 45008 net.cpp:106] Creating Layer relu1
I0419 11:52:14.386800 45008 net.cpp:454] relu1 <- ip1
I0419 11:52:14.386842 45008 net.cpp:397] relu1 -> ip1 (in-place)
I0419 11:52:14.386893 45008 net.cpp:150] Setting up relu1
I0419 11:52:14.386920 45008 net.cpp:157] Top shape: 100 500 (50000)
I0419 11:52:14.386956 45008 net.cpp:165] Memory required for data: 913854400
I0419 11:52:14.386984 45008 layer_factory.hpp:77] Creating layer ip2
I0419 11:52:14.387018 45008 net.cpp:106] Creating Layer ip2
I0419 11:52:14.387044 45008 net.cpp:454] ip2 <- ip1
I0419 11:52:14.387073 45008 net.cpp:411] ip2 -> ip2
I0419 11:52:14.387265 45008 net.cpp:150] Setting up ip2
I0419 11:52:14.387300 45008 net.cpp:157] Top shape: 100 10 (1000)
I0419 11:52:14.387323 45008 net.cpp:165] Memory required for data: 913858400
I0419 11:52:14.387349 45008 layer_factory.hpp:77] Creating layer feat
I0419 11:52:14.387405 45008 net.cpp:106] Creating Layer feat
I0419 11:52:14.387430 45008 net.cpp:454] feat <- ip2
I0419 11:52:14.387470 45008 net.cpp:411] feat -> feat
I0419 11:52:14.387575 45008 net.cpp:150] Setting up feat
I0419 11:52:14.387609 45008 net.cpp:157] Top shape: 100 2 (200)
I0419 11:52:14.387631 45008 net.cpp:165] Memory required for data: 913859200
I0419 11:52:14.387670 45008 layer_factory.hpp:77] Creating layer conv1_p
I0419 11:52:14.387707 45008 net.cpp:106] Creating Layer conv1_p
I0419 11:52:14.387733 45008 net.cpp:454] conv1_p <- data_p
I0419 11:52:14.387773 45008 net.cpp:411] conv1_p -> conv1_p
I0419 11:52:14.388092 45008 net.cpp:150] Setting up conv1_p
I0419 11:52:14.388286 45008 net.cpp:157] Top shape: 100 20 223 223 (99458000)
I0419 11:52:14.388311 45008 net.cpp:165] Memory required for data: 1311691200
I0419 11:52:14.388342 45008 net.cpp:514] Sharing parameters 'conv1_w' owned by layer 'conv1', param index 0
I0419 11:52:14.388371 45008 net.cpp:514] Sharing parameters 'conv1_b' owned by layer 'conv1', param index 1
I0419 11:52:14.388430 45008 layer_factory.hpp:77] Creating layer pool1_p
I0419 11:52:14.388504 45008 net.cpp:106] Creating Layer pool1_p
I0419 11:52:14.388530 45008 net.cpp:454] pool1_p <- conv1_p
I0419 11:52:14.388558 45008 net.cpp:411] pool1_p -> pool1_p
I0419 11:52:14.388635 45008 net.cpp:150] Setting up pool1_p
I0419 11:52:14.388671 45008 net.cpp:157] Top shape: 100 20 112 112 (25088000)
I0419 11:52:14.388695 45008 net.cpp:165] Memory required for data: 1412043200
I0419 11:52:14.388718 45008 layer_factory.hpp:77] Creating layer conv2_p
I0419 11:52:14.388747 45008 net.cpp:106] Creating Layer conv2_p
I0419 11:52:14.388784 45008 net.cpp:454] conv2_p <- pool1_p
I0419 11:52:14.388823 45008 net.cpp:411] conv2_p -> conv2_p
I0419 11:52:14.390200 45008 net.cpp:150] Setting up conv2_p
I0419 11:52:14.390241 45008 net.cpp:157] Top shape: 100 50 108 108 (58320000)
I0419 11:52:14.390266 45008 net.cpp:165] Memory required for data: 1645323200
I0419 11:52:14.390290 45008 net.cpp:514] Sharing parameters 'conv2_w' owned by layer 'conv2', param index 0
I0419 11:52:14.390314 45008 net.cpp:514] Sharing parameters 'conv2_b' owned by layer 'conv2', param index 1
I0419 11:52:14.390338 45008 layer_factory.hpp:77] Creating layer pool2_p
I0419 11:52:14.390374 45008 net.cpp:106] Creating Layer pool2_p
I0419 11:52:14.390403 45008 net.cpp:454] pool2_p <- conv2_p
I0419 11:52:14.390429 45008 net.cpp:411] pool2_p -> pool2_p
I0419 11:52:14.390563 45008 net.cpp:150] Setting up pool2_p
I0419 11:52:14.390597 45008 net.cpp:157] Top shape: 100 50 54 54 (14580000)
I0419 11:52:14.390621 45008 net.cpp:165] Memory required for data: 1703643200
I0419 11:52:14.390645 45008 layer_factory.hpp:77] Creating layer ip1_p
I0419 11:52:14.390686 45008 net.cpp:106] Creating Layer ip1_p
I0419 11:52:14.390713 45008 net.cpp:454] ip1_p <- pool2_p
I0419 11:52:14.390751 45008 net.cpp:411] ip1_p -> ip1_p
I0419 11:52:15.051893 45008 net.cpp:150] Setting up ip1_p
I0419 11:52:15.051993 45008 net.cpp:157] Top shape: 100 500 (50000)
I0419 11:52:15.052021 45008 net.cpp:165] Memory required for data: 1703843200
I0419 11:52:15.052050 45008 net.cpp:514] Sharing parameters 'ip1_w' owned by layer 'ip1', param index 0
I0419 11:52:15.052078 45008 net.cpp:514] Sharing parameters 'ip1_b' owned by layer 'ip1', param index 1
I0419 11:52:15.052117 45008 layer_factory.hpp:77] Creating layer relu1_p
I0419 11:52:15.052151 45008 net.cpp:106] Creating Layer relu1_p
I0419 11:52:15.052176 45008 net.cpp:454] relu1_p <- ip1_p
I0419 11:52:15.052206 45008 net.cpp:397] relu1_p -> ip1_p (in-place)
I0419 11:52:15.052244 45008 net.cpp:150] Setting up relu1_p
I0419 11:52:15.052270 45008 net.cpp:157] Top shape: 100 500 (50000)
I0419 11:52:15.052294 45008 net.cpp:165] Memory required for data: 1704043200
I0419 11:52:15.052315 45008 layer_factory.hpp:77] Creating layer ip2_p
I0419 11:52:15.052355 45008 net.cpp:106] Creating Layer ip2_p
I0419 11:52:15.052388 45008 net.cpp:454] ip2_p <- ip1_p
I0419 11:52:15.052429 45008 net.cpp:411] ip2_p -> ip2_p
I0419 11:52:15.052615 45008 net.cpp:150] Setting up ip2_p
I0419 11:52:15.052664 45008 net.cpp:157] Top shape: 100 10 (1000)
I0419 11:52:15.052687 45008 net.cpp:165] Memory required for data: 1704047200
I0419 11:52:15.052731 45008 net.cpp:514] Sharing parameters 'ip2_w' owned by layer 'ip2', param index 0
I0419 11:52:15.052757 45008 net.cpp:514] Sharing parameters 'ip2_b' owned by layer 'ip2', param index 1
I0419 11:52:15.052779 45008 layer_factory.hpp:77] Creating layer feat_p
I0419 11:52:15.052812 45008 net.cpp:106] Creating Layer feat_p
I0419 11:52:15.052835 45008 net.cpp:454] feat_p <- ip2_p
I0419 11:52:15.052865 45008 net.cpp:411] feat_p -> feat_p
I0419 11:52:15.052980 45008 net.cpp:150] Setting up feat_p
I0419 11:52:15.053014 45008 net.cpp:157] Top shape: 100 2 (200)
I0419 11:52:15.053035 45008 net.cpp:165] Memory required for data: 1704048000
I0419 11:52:15.053058 45008 net.cpp:514] Sharing parameters 'feat_w' owned by layer 'feat', param index 0
I0419 11:52:15.053082 45008 net.cpp:514] Sharing parameters 'feat_b' owned by layer 'feat', param index 1
I0419 11:52:15.053128 45008 layer_factory.hpp:77] Creating layer loss
I0419 11:52:15.053195 45008 net.cpp:106] Creating Layer loss
I0419 11:52:15.053220 45008 net.cpp:454] loss <- feat
I0419 11:52:15.053244 45008 net.cpp:454] loss <- feat_p
I0419 11:52:15.053268 45008 net.cpp:454] loss <- sim
I0419 11:52:15.053293 45008 net.cpp:411] loss -> loss
I0419 11:52:15.053414 45008 net.cpp:150] Setting up loss
I0419 11:52:15.053448 45008 net.cpp:157] Top shape: (1)
I0419 11:52:15.053472 45008 net.cpp:160]     with loss weight 1
I0419 11:52:15.053506 45008 net.cpp:165] Memory required for data: 1704048004
I0419 11:52:15.053529 45008 net.cpp:226] loss needs backward computation.
I0419 11:52:15.053552 45008 net.cpp:226] feat_p needs backward computation.
I0419 11:52:15.053575 45008 net.cpp:226] ip2_p needs backward computation.
I0419 11:52:15.053597 45008 net.cpp:226] relu1_p needs backward computation.
I0419 11:52:15.053619 45008 net.cpp:226] ip1_p needs backward computation.
I0419 11:52:15.053653 45008 net.cpp:226] pool2_p needs backward computation.
I0419 11:52:15.053675 45008 net.cpp:226] conv2_p needs backward computation.
I0419 11:52:15.053696 45008 net.cpp:226] pool1_p needs backward computation.
I0419 11:52:15.053724 45008 net.cpp:226] conv1_p needs backward computation.
I0419 11:52:15.053745 45008 net.cpp:226] feat needs backward computation.
I0419 11:52:15.053766 45008 net.cpp:226] ip2 needs backward computation.
I0419 11:52:15.053788 45008 net.cpp:226] relu1 needs backward computation.
I0419 11:52:15.053809 45008 net.cpp:226] ip1 needs backward computation.
I0419 11:52:15.053831 45008 net.cpp:226] pool2 needs backward computation.
I0419 11:52:15.053853 45008 net.cpp:226] conv2 needs backward computation.
I0419 11:52:15.053874 45008 net.cpp:226] pool1 needs backward computation.
I0419 11:52:15.053896 45008 net.cpp:226] conv1 needs backward computation.
I0419 11:52:15.053920 45008 net.cpp:228] data_2 does not need backward computation.
I0419 11:52:15.053941 45008 net.cpp:228] data_1 does not need backward computation.
I0419 11:52:15.053963 45008 net.cpp:270] This network produces output dummy_labels
I0419 11:52:15.053984 45008 net.cpp:270] This network produces output loss
I0419 11:52:15.090291 45008 net.cpp:283] Network initialization done.
I0419 11:52:15.090437 45008 solver.cpp:60] Solver scaffolding done.
I0419 11:52:15.090901 45008 caffe.cpp:219] Starting Optimization
I0419 11:52:15.090929 45008 solver.cpp:280] Solving pirc_mnist_full_train_test
I0419 11:52:15.090950 45008 solver.cpp:281] Learning Rate Policy: inv
I0419 11:52:15.092324 45008 solver.cpp:338] Iteration 0, Testing net (#0)
I0419 11:52:15.131148 45008 blocking_queue.cpp:50] Data layer prefetch queue empty
I0419 11:52:55.709657 45008 solver.cpp:406]     Test net output #0: dummy_labels = 0.4
I0419 11:52:55.709867 45008 solver.cpp:406]     Test net output #1: dummy_labels = 0.533333
I0419 11:52:55.709903 45008 solver.cpp:406]     Test net output #2: dummy_labels = 0.533333
I0419 11:52:55.709938 45008 solver.cpp:406]     Test net output #3: dummy_labels = 0.55
I0419 11:52:55.709967 45008 solver.cpp:406]     Test net output #4: dummy_labels = 0.466667
I0419 11:52:55.709995 45008 solver.cpp:406]     Test net output #5: dummy_labels = 0.55
I0419 11:52:55.710021 45008 solver.cpp:406]     Test net output #6: dummy_labels = 0.5
I0419 11:52:55.710060 45008 solver.cpp:406]     Test net output #7: dummy_labels = 0.5
I0419 11:52:55.710086 45008 solver.cpp:406]     Test net output #8: dummy_labels = 0.533333
I0419 11:52:55.710113 45008 solver.cpp:406]     Test net output #9: dummy_labels = 0.55
I0419 11:52:55.710139 45008 solver.cpp:406]     Test net output #10: dummy_labels = 0.433333
I0419 11:52:55.710175 45008 solver.cpp:406]     Test net output #11: dummy_labels = 0.433333
I0419 11:52:55.710199 45008 solver.cpp:406]     Test net output #12: dummy_labels = 0.5
I0419 11:52:55.710222 45008 solver.cpp:406]     Test net output #13: dummy_labels = 0.383333
I0419 11:52:55.710247 45008 solver.cpp:406]     Test net output #14: dummy_labels = 0.533333
I0419 11:52:55.710319 45008 solver.cpp:406]     Test net output #15: dummy_labels = 0.616667
I0419 11:52:55.710360 45008 solver.cpp:406]     Test net output #16: dummy_labels = 0.483333
I0419 11:52:55.710389 45008 solver.cpp:406]     Test net output #17: dummy_labels = 0.516667
I0419 11:52:55.710417 45008 solver.cpp:406]     Test net output #18: dummy_labels = 0.516667
I0419 11:52:55.710441 45008 solver.cpp:406]     Test net output #19: dummy_labels = 0.4
I0419 11:52:55.710479 45008 solver.cpp:406]     Test net output #20: dummy_labels = 0.583333
I0419 11:52:55.710505 45008 solver.cpp:406]     Test net output #21: dummy_labels = 0.483333
I0419 11:52:55.710557 45008 solver.cpp:406]     Test net output #22: dummy_labels = 0.433333
I0419 11:52:55.710598 45008 solver.cpp:406]     Test net output #23: dummy_labels = 0.566667
I0419 11:52:55.710651 45008 solver.cpp:406]     Test net output #24: dummy_labels = 0.55
I0419 11:52:55.710693 45008 solver.cpp:406]     Test net output #25: dummy_labels = 0.566667
I0419 11:52:55.710731 45008 solver.cpp:406]     Test net output #26: dummy_labels = 0.483333
I0419 11:52:55.710772 45008 solver.cpp:406]     Test net output #27: dummy_labels = 0.433333
I0419 11:52:55.710798 45008 solver.cpp:406]     Test net output #28: dummy_labels = 0.383333
I0419 11:52:55.710844 45008 solver.cpp:406]     Test net output #29: dummy_labels = 0.516667
I0419 11:52:55.710872 45008 solver.cpp:406]     Test net output #30: dummy_labels = 0.55
I0419 11:52:55.711009 45008 solver.cpp:406]     Test net output #31: dummy_labels = 0.5
I0419 11:52:55.711035 45008 solver.cpp:406]     Test net output #32: dummy_labels = 0.6
I0419 11:52:55.711058 45008 solver.cpp:406]     Test net output #33: dummy_labels = 0.566667
I0419 11:52:55.711082 45008 solver.cpp:406]     Test net output #34: dummy_labels = 0.533333
I0419 11:52:55.711117 45008 solver.cpp:406]     Test net output #35: dummy_labels = 0.366667
I0419 11:52:55.711139 45008 solver.cpp:406]     Test net output #36: dummy_labels = 0.466667
I0419 11:52:55.711163 45008 solver.cpp:406]     Test net output #37: dummy_labels = 0.483333
I0419 11:52:55.711185 45008 solver.cpp:406]     Test net output #38: dummy_labels = 0.433333
I0419 11:52:55.711208 45008 solver.cpp:406]     Test net output #39: dummy_labels = 0.483333
I0419 11:52:55.711231 45008 solver.cpp:406]     Test net output #40: dummy_labels = 0.5
I0419 11:52:55.711253 45008 solver.cpp:406]     Test net output #41: dummy_labels = 0.483333
I0419 11:52:55.711277 45008 solver.cpp:406]     Test net output #42: dummy_labels = 0.516667
I0419 11:52:55.711299 45008 solver.cpp:406]     Test net output #43: dummy_labels = 0.366667
I0419 11:52:55.711323 45008 solver.cpp:406]     Test net output #44: dummy_labels = 0.55
I0419 11:52:55.711357 45008 solver.cpp:406]     Test net output #45: dummy_labels = 0.466667
I0419 11:52:55.711419 45008 solver.cpp:406]     Test net output #46: dummy_labels = 0.466667
I0419 11:52:55.711446 45008 solver.cpp:406]     Test net output #47: dummy_labels = 0.5
I0419 11:52:55.711470 45008 solver.cpp:406]     Test net output #48: dummy_labels = 0.483333
I0419 11:52:55.711495 45008 solver.cpp:406]     Test net output #49: dummy_labels = 0.466667
I0419 11:52:55.711522 45008 solver.cpp:406]     Test net output #50: dummy_labels = 0.416667
I0419 11:52:55.711549 45008 solver.cpp:406]     Test net output #51: dummy_labels = 0.6
I0419 11:52:55.711575 45008 solver.cpp:406]     Test net output #52: dummy_labels = 0.45
I0419 11:52:55.711598 45008 solver.cpp:406]     Test net output #53: dummy_labels = 0.566667
I0419 11:52:55.711623 45008 solver.cpp:406]     Test net output #54: dummy_labels = 0.583333
I0419 11:52:55.711658 45008 solver.cpp:406]     Test net output #55: dummy_labels = 0.566667
I0419 11:52:55.711681 45008 solver.cpp:406]     Test net output #56: dummy_labels = 0.466667
I0419 11:52:55.711717 45008 solver.cpp:406]     Test net output #57: dummy_labels = 0.483333
I0419 11:52:55.711740 45008 solver.cpp:406]     Test net output #58: dummy_labels = 0.433333
I0419 11:52:55.711776 45008 solver.cpp:406]     Test net output #59: dummy_labels = 0.5
I0419 11:52:55.711810 45008 solver.cpp:406]     Test net output #60: dummy_labels = 0.466667
I0419 11:52:55.711849 45008 solver.cpp:406]     Test net output #61: dummy_labels = 0.666667
I0419 11:52:55.711874 45008 solver.cpp:406]     Test net output #62: dummy_labels = 0.383333
I0419 11:52:55.711899 45008 solver.cpp:406]     Test net output #63: dummy_labels = 0.55
I0419 11:52:55.711925 45008 solver.cpp:406]     Test net output #64: dummy_labels = 0.533333
I0419 11:52:55.711949 45008 solver.cpp:406]     Test net output #65: dummy_labels = 0.566667
I0419 11:52:55.711974 45008 solver.cpp:406]     Test net output #66: dummy_labels = 0.533333
I0419 11:52:55.712028 45008 solver.cpp:406]     Test net output #67: dummy_labels = 0.516667
I0419 11:52:55.712069 45008 solver.cpp:406]     Test net output #68: dummy_labels = 0.416667
I0419 11:52:55.712095 45008 solver.cpp:406]     Test net output #69: dummy_labels = 0.566667
I0419 11:52:55.712132 45008 solver.cpp:406]     Test net output #70: dummy_labels = 0.433333
I0419 11:52:55.712157 45008 solver.cpp:406]     Test net output #71: dummy_labels = 0.516667
I0419 11:52:55.712182 45008 solver.cpp:406]     Test net output #72: dummy_labels = 0.566667
I0419 11:52:55.712205 45008 solver.cpp:406]     Test net output #73: dummy_labels = 0.583333
I0419 11:52:55.712245 45008 solver.cpp:406]     Test net output #74: dummy_labels = 0.45
I0419 11:52:55.712296 45008 solver.cpp:406]     Test net output #75: dummy_labels = 0.55
I0419 11:52:55.712323 45008 solver.cpp:406]     Test net output #76: dummy_labels = 0.533333
I0419 11:52:55.712349 45008 solver.cpp:406]     Test net output #77: dummy_labels = 0.55
I0419 11:52:55.712401 45008 solver.cpp:406]     Test net output #78: dummy_labels = 0.483333
I0419 11:52:55.712451 45008 solver.cpp:406]     Test net output #79: dummy_labels = 0.6
I0419 11:52:55.712479 45008 solver.cpp:406]     Test net output #80: dummy_labels = 0.4
I0419 11:52:55.712507 45008 solver.cpp:406]     Test net output #81: dummy_labels = 0.383333
I0419 11:52:55.712534 45008 solver.cpp:406]     Test net output #82: dummy_labels = 0.533333
I0419 11:52:55.712560 45008 solver.cpp:406]     Test net output #83: dummy_labels = 0.55
I0419 11:52:55.712599 45008 solver.cpp:406]     Test net output #84: dummy_labels = 0.45
I0419 11:52:55.712626 45008 solver.cpp:406]     Test net output #85: dummy_labels = 0.4
I0419 11:52:55.712654 45008 solver.cpp:406]     Test net output #86: dummy_labels = 0.6
I0419 11:52:55.712692 45008 solver.cpp:406]     Test net output #87: dummy_labels = 0.516667
I0419 11:52:55.712719 45008 solver.cpp:406]     Test net output #88: dummy_labels = 0.6
I0419 11:52:55.712745 45008 solver.cpp:406]     Test net output #89: dummy_labels = 0.433333
I0419 11:52:55.712772 45008 solver.cpp:406]     Test net output #90: dummy_labels = 0.483333
I0419 11:52:55.712836 45008 solver.cpp:406]     Test net output #91: dummy_labels = 0.45
I0419 11:52:55.712888 45008 solver.cpp:406]     Test net output #92: dummy_labels = 0.55
I0419 11:52:55.712934 45008 solver.cpp:406]     Test net output #93: dummy_labels = 0.466667
I0419 11:52:55.712963 45008 solver.cpp:406]     Test net output #94: dummy_labels = 0.45
I0419 11:52:55.713006 45008 solver.cpp:406]     Test net output #95: dummy_labels = 0.433333
I0419 11:52:55.713030 45008 solver.cpp:406]     Test net output #96: dummy_labels = 0.45
I0419 11:52:55.713069 45008 solver.cpp:406]     Test net output #97: dummy_labels = 0.533333
I0419 11:52:55.713098 45008 solver.cpp:406]     Test net output #98: dummy_labels = 0.383333
I0419 11:52:55.713124 45008 solver.cpp:406]     Test net output #99: dummy_labels = 0.683333
I0419 11:52:55.713168 45008 solver.cpp:406]     Test net output #100: loss = 375.071 (* 1 = 375.071 loss)
I0419 11:52:56.716246 45008 solver.cpp:229] Iteration 0, loss = 459.519
I0419 11:52:57.155114 45008 solver.cpp:245]     Train net output #0: dummy_labels = 1
I0419 11:52:57.155156 45008 solver.cpp:245]     Train net output #1: dummy_labels = 1
I0419 11:52:57.155184 45008 solver.cpp:245]     Train net output #2: dummy_labels = 1
I0419 11:52:57.155228 45008 solver.cpp:245]     Train net output #3: dummy_labels = 0
I0419 11:52:57.155256 45008 solver.cpp:245]     Train net output #4: dummy_labels = 0
I0419 11:52:57.155279 45008 solver.cpp:245]     Train net output #5: dummy_labels = 0
I0419 11:52:57.155303 45008 solver.cpp:245]     Train net output #6: dummy_labels = 0
I0419 11:52:57.155326 45008 solver.cpp:245]     Train net output #7: dummy_labels = 0
I0419 11:52:57.155351 45008 solver.cpp:245]     Train net output #8: dummy_labels = 1
I0419 11:52:57.155380 45008 solver.cpp:245]     Train net output #9: dummy_labels = 1
I0419 11:52:57.155406 45008 solver.cpp:245]     Train net output #10: dummy_labels = 1
I0419 11:52:57.155431 45008 solver.cpp:245]     Train net output #11: dummy_labels = 1
I0419 11:52:57.155454 45008 solver.cpp:245]     Train net output #12: dummy_labels = 0
I0419 11:52:57.155478 45008 solver.cpp:245]     Train net output #13: dummy_labels = 0
I0419 11:52:57.155501 45008 solver.cpp:245]     Train net output #14: dummy_labels = 0
I0419 11:52:57.155525 45008 solver.cpp:245]     Train net output #15: dummy_labels = 1
I0419 11:52:57.155550 45008 solver.cpp:245]     Train net output #16: dummy_labels = 0
I0419 11:52:57.155573 45008 solver.cpp:245]     Train net output #17: dummy_labels = 0
I0419 11:52:57.155597 45008 solver.cpp:245]     Train net output #18: dummy_labels = 0
I0419 11:52:57.155621 45008 solver.cpp:245]     Train net output #19: dummy_labels = 1
I0419 11:52:57.155644 45008 solver.cpp:245]     Train net output #20: dummy_labels = 0
I0419 11:52:57.155668 45008 solver.cpp:245]     Train net output #21: dummy_labels = 1
I0419 11:52:57.155691 45008 solver.cpp:245]     Train net output #22: dummy_labels = 1
I0419 11:52:57.155715 45008 solver.cpp:245]     Train net output #23: dummy_labels = 1
I0419 11:52:57.155747 45008 solver.cpp:245]     Train net output #24: dummy_labels = 0
I0419 11:52:57.155771 45008 solver.cpp:245]     Train net output #25: dummy_labels = 1
I0419 11:52:57.155796 45008 solver.cpp:245]     Train net output #26: dummy_labels = 1
I0419 11:52:57.155818 45008 solver.cpp:245]     Train net output #27: dummy_labels = 0
I0419 11:52:57.155843 45008 solver.cpp:245]     Train net output #28: dummy_labels = 1
I0419 11:52:57.155866 45008 solver.cpp:245]     Train net output #29: dummy_labels = 0
I0419 11:52:57.155890 45008 solver.cpp:245]     Train net output #30: dummy_labels = 0
I0419 11:52:57.155913 45008 solver.cpp:245]     Train net output #31: dummy_labels = 1
I0419 11:52:57.155937 45008 solver.cpp:245]     Train net output #32: dummy_labels = 1
I0419 11:52:57.155961 45008 solver.cpp:245]     Train net output #33: dummy_labels = 1
I0419 11:52:57.155985 45008 solver.cpp:245]     Train net output #34: dummy_labels = 1
I0419 11:52:57.156009 45008 solver.cpp:245]     Train net output #35: dummy_labels = 1
I0419 11:52:57.156065 45008 solver.cpp:245]     Train net output #36: dummy_labels = 1
I0419 11:52:57.156091 45008 solver.cpp:245]     Train net output #37: dummy_labels = 1
I0419 11:52:57.156116 45008 solver.cpp:245]     Train net output #38: dummy_labels = 1
I0419 11:52:57.156138 45008 solver.cpp:245]     Train net output #39: dummy_labels = 0
I0419 11:52:57.156162 45008 solver.cpp:245]     Train net output #40: dummy_labels = 1
I0419 11:52:57.156186 45008 solver.cpp:245]     Train net output #41: dummy_labels = 1
I0419 11:52:57.156209 45008 solver.cpp:245]     Train net output #42: dummy_labels = 1
I0419 11:52:57.156234 45008 solver.cpp:245]     Train net output #43: dummy_labels = 1
I0419 11:52:57.156256 45008 solver.cpp:245]     Train net output #44: dummy_labels = 1
I0419 11:52:57.156280 45008 solver.cpp:245]     Train net output #45: dummy_labels = 0
I0419 11:52:57.156303 45008 solver.cpp:245]     Train net output #46: dummy_labels = 1
I0419 11:52:57.156327 45008 solver.cpp:245]     Train net output #47: dummy_labels = 1
I0419 11:52:57.156350 45008 solver.cpp:245]     Train net output #48: dummy_labels = 0
I0419 11:52:57.156380 45008 solver.cpp:245]     Train net output #49: dummy_labels = 1
I0419 11:52:57.156416 45008 solver.cpp:245]     Train net output #50: dummy_labels = 0
I0419 11:52:57.156442 45008 solver.cpp:245]     Train net output #51: dummy_labels = 0
I0419 11:52:57.156466 45008 solver.cpp:245]     Train net output #52: dummy_labels = 0
I0419 11:52:57.156489 45008 solver.cpp:245]     Train net output #53: dummy_labels = 1
I0419 11:52:57.156513 45008 solver.cpp:245]     Train net output #54: dummy_labels = 1
I0419 11:52:57.156536 45008 solver.cpp:245]     Train net output #55: dummy_labels = 1
I0419 11:52:57.156560 45008 solver.cpp:245]     Train net output #56: dummy_labels = 1
I0419 11:52:57.156584 45008 solver.cpp:245]     Train net output #57: dummy_labels = 0
I0419 11:52:57.156607 45008 solver.cpp:245]     Train net output #58: dummy_labels = 1
I0419 11:52:57.156630 45008 solver.cpp:245]     Train net output #59: dummy_labels = 1
I0419 11:52:57.156654 45008 solver.cpp:245]     Train net output #60: dummy_labels = 0
I0419 11:52:57.156677 45008 solver.cpp:245]     Train net output #61: dummy_labels = 1
I0419 11:52:57.156702 45008 solver.cpp:245]     Train net output #62: dummy_labels = 1
I0419 11:52:57.156724 45008 solver.cpp:245]     Train net output #63: dummy_labels = 0
I0419 11:52:57.156747 45008 solver.cpp:245]     Train net output #64: dummy_labels = 1
I0419 11:52:57.156771 45008 solver.cpp:245]     Train net output #65: dummy_labels = 0
I0419 11:52:57.156795 45008 solver.cpp:245]     Train net output #66: dummy_labels = 1
I0419 11:52:57.156818 45008 solver.cpp:245]     Train net output #67: dummy_labels = 0
I0419 11:52:57.156841 45008 solver.cpp:245]     Train net output #68: dummy_labels = 1
I0419 11:52:57.156864 45008 solver.cpp:245]     Train net output #69: dummy_labels = 0
I0419 11:52:57.156888 45008 solver.cpp:245]     Train net output #70: dummy_labels = 1
I0419 11:52:57.156911 45008 solver.cpp:245]     Train net output #71: dummy_labels = 0
I0419 11:52:57.156934 45008 solver.cpp:245]     Train net output #72: dummy_labels = 1
I0419 11:52:57.156958 45008 solver.cpp:245]     Train net output #73: dummy_labels = 1
I0419 11:52:57.156981 45008 solver.cpp:245]     Train net output #74: dummy_labels = 1
I0419 11:52:57.157004 45008 solver.cpp:245]     Train net output #75: dummy_labels = 0
I0419 11:52:57.157028 45008 solver.cpp:245]     Train net output #76: dummy_labels = 0
I0419 11:52:57.157052 45008 solver.cpp:245]     Train net output #77: dummy_labels = 0
I0419 11:52:57.157075 45008 solver.cpp:245]     Train net output #78: dummy_labels = 0
I0419 11:52:57.157099 45008 solver.cpp:245]     Train net output #79: dummy_labels = 1
I0419 11:52:57.157122 45008 solver.cpp:245]     Train net output #80: dummy_labels = 1
I0419 11:52:57.157145 45008 solver.cpp:245]     Train net output #81: dummy_labels = 0
I0419 11:52:57.157169 45008 solver.cpp:245]     Train net output #82: dummy_labels = 1
I0419 11:52:57.157212 45008 solver.cpp:245]     Train net output #83: dummy_labels = 0
I0419 11:52:57.157238 45008 solver.cpp:245]     Train net output #84: dummy_labels = 1
I0419 11:52:57.157263 45008 solver.cpp:245]     Train net output #85: dummy_labels = 1
I0419 11:52:57.157286 45008 solver.cpp:245]     Train net output #86: dummy_labels = 1
I0419 11:52:57.157310 45008 solver.cpp:245]     Train net output #87: dummy_labels = 0
I0419 11:52:57.157333 45008 solver.cpp:245]     Train net output #88: dummy_labels = 1
I0419 11:52:57.157357 45008 solver.cpp:245]     Train net output #89: dummy_labels = 0
I0419 11:52:57.157385 45008 solver.cpp:245]     Train net output #90: dummy_labels = 0
I0419 11:52:57.157410 45008 solver.cpp:245]     Train net output #91: dummy_labels = 0
I0419 11:52:57.157434 45008 solver.cpp:245]     Train net output #92: dummy_labels = 0
I0419 11:52:57.157459 45008 solver.cpp:245]     Train net output #93: dummy_labels = 0
I0419 11:52:57.157482 45008 solver.cpp:245]     Train net output #94: dummy_labels = 0
I0419 11:52:57.157506 45008 solver.cpp:245]     Train net output #95: dummy_labels = 0
I0419 11:52:57.157531 45008 solver.cpp:245]     Train net output #96: dummy_labels = 1
I0419 11:52:57.157563 45008 solver.cpp:245]     Train net output #97: dummy_labels = 0
I0419 11:52:57.157589 45008 solver.cpp:245]     Train net output #98: dummy_labels = 1
I0419 11:52:57.157613 45008 solver.cpp:245]     Train net output #99: dummy_labels = 0
I0419 11:52:57.157642 45008 solver.cpp:245]     Train net output #100: loss = 459.519 (* 1 = 459.519 loss)
I0419 11:52:57.166465 45008 sgd_solver.cpp:106] Iteration 0, lr = 1e-07
I0419 11:55:20.349339 45008 solver.cpp:229] Iteration 100, loss = 2.74395
I0419 11:55:20.787307 45008 solver.cpp:245]     Train net output #0: dummy_labels = 0
I0419 11:55:20.787345 45008 solver.cpp:245]     Train net output #1: dummy_labels = 1
I0419 11:55:20.787371 45008 solver.cpp:245]     Train net output #2: dummy_labels = 1
I0419 11:55:20.787396 45008 solver.cpp:245]     Train net output #3: dummy_labels = 0
I0419 11:55:20.787434 45008 solver.cpp:245]     Train net output #4: dummy_labels = 0
I0419 11:55:20.787458 45008 solver.cpp:245]     Train net output #5: dummy_labels = 0
I0419 11:55:20.787482 45008 solver.cpp:245]     Train net output #6: dummy_labels = 1
I0419 11:55:20.787505 45008 solver.cpp:245]     Train net output #7: dummy_labels = 1
I0419 11:55:20.787528 45008 solver.cpp:245]     Train net output #8: dummy_labels = 1
I0419 11:55:20.787552 45008 solver.cpp:245]     Train net output #9: dummy_labels = 1
I0419 11:55:20.787575 45008 solver.cpp:245]     Train net output #10: dummy_labels = 1
I0419 11:55:20.787598 45008 solver.cpp:245]     Train net output #11: dummy_labels = 1
I0419 11:55:20.787621 45008 solver.cpp:245]     Train net output #12: dummy_labels = 1
I0419 11:55:20.787645 45008 solver.cpp:245]     Train net output #13: dummy_labels = 1
I0419 11:55:20.787668 45008 solver.cpp:245]     Train net output #14: dummy_labels = 1
I0419 11:55:20.787691 45008 solver.cpp:245]     Train net output #15: dummy_labels = 0
I0419 11:55:20.787714 45008 solver.cpp:245]     Train net output #16: dummy_labels = 0
I0419 11:55:20.787737 45008 solver.cpp:245]     Train net output #17: dummy_labels = 1
I0419 11:55:20.787760 45008 solver.cpp:245]     Train net output #18: dummy_labels = 0
I0419 11:55:20.787784 45008 solver.cpp:245]     Train net output #19: dummy_labels = 1
I0419 11:55:20.787807 45008 solver.cpp:245]     Train net output #20: dummy_labels = 1
I0419 11:55:20.787830 45008 solver.cpp:245]     Train net output #21: dummy_labels = 0
I0419 11:55:20.787853 45008 solver.cpp:245]     Train net output #22: dummy_labels = 1
I0419 11:55:20.787876 45008 solver.cpp:245]     Train net output #23: dummy_labels = 0
I0419 11:55:20.787900 45008 solver.cpp:245]     Train net output #24: dummy_labels = 0
I0419 11:55:20.787935 45008 solver.cpp:245]     Train net output #25: dummy_labels = 1
I0419 11:55:20.787960 45008 solver.cpp:245]     Train net output #26: dummy_labels = 0
I0419 11:55:20.787982 45008 solver.cpp:245]     Train net output #27: dummy_labels = 1
I0419 11:55:20.788007 45008 solver.cpp:245]     Train net output #28: dummy_labels = 0
I0419 11:55:20.788030 45008 solver.cpp:245]     Train net output #29: dummy_labels = 1
I0419 11:55:20.788054 45008 solver.cpp:245]     Train net output #30: dummy_labels = 0
I0419 11:55:20.788079 45008 solver.cpp:245]     Train net output #31: dummy_labels = 0
I0419 11:55:20.788102 45008 solver.cpp:245]     Train net output #32: dummy_labels = 1
I0419 11:55:20.788125 45008 solver.cpp:245]     Train net output #33: dummy_labels = 1
I0419 11:55:20.788149 45008 solver.cpp:245]     Train net output #34: dummy_labels = 0
I0419 11:55:20.788173 45008 solver.cpp:245]     Train net output #35: dummy_labels = 0
I0419 11:55:20.788197 45008 solver.cpp:245]     Train net output #36: dummy_labels = 1
I0419 11:55:20.788228 45008 solver.cpp:245]     Train net output #37: dummy_labels = 0
I0419 11:55:20.788252 45008 solver.cpp:245]     Train net output #38: dummy_labels = 1
I0419 11:55:20.788287 45008 solver.cpp:245]     Train net output #39: dummy_labels = 0
I0419 11:55:20.788311 45008 solver.cpp:245]     Train net output #40: dummy_labels = 0
I0419 11:55:20.788333 45008 solver.cpp:245]     Train net output #41: dummy_labels = 0
I0419 11:55:20.788369 45008 solver.cpp:245]     Train net output #42: dummy_labels = 1
I0419 11:55:20.788396 45008 solver.cpp:245]     Train net output #43: dummy_labels = 1
I0419 11:55:20.788424 45008 solver.cpp:245]     Train net output #44: dummy_labels = 1
I0419 11:55:20.788450 45008 solver.cpp:245]     Train net output #45: dummy_labels = 1
I0419 11:55:20.788472 45008 solver.cpp:245]     Train net output #46: dummy_labels = 1
I0419 11:55:20.788496 45008 solver.cpp:245]     Train net output #47: dummy_labels = 1
I0419 11:55:20.788534 45008 solver.cpp:245]     Train net output #48: dummy_labels = 1
I0419 11:55:20.788559 45008 solver.cpp:245]     Train net output #49: dummy_labels = 0
I0419 11:55:20.788583 45008 solver.cpp:245]     Train net output #50: dummy_labels = 0
I0419 11:55:20.788605 45008 solver.cpp:245]     Train net output #51: dummy_labels = 1
I0419 11:55:20.788628 45008 solver.cpp:245]     Train net output #52: dummy_labels = 1
I0419 11:55:20.788651 45008 solver.cpp:245]     Train net output #53: dummy_labels = 0
I0419 11:55:20.788676 45008 solver.cpp:245]     Train net output #54: dummy_labels = 0
I0419 11:55:20.788698 45008 solver.cpp:245]     Train net output #55: dummy_labels = 0
I0419 11:55:20.788722 45008 solver.cpp:245]     Train net output #56: dummy_labels = 0
I0419 11:55:20.788744 45008 solver.cpp:245]     Train net output #57: dummy_labels = 1
I0419 11:55:20.788768 45008 solver.cpp:245]     Train net output #58: dummy_labels = 1
I0419 11:55:20.788790 45008 solver.cpp:245]     Train net output #59: dummy_labels = 1
I0419 11:55:20.788813 45008 solver.cpp:245]     Train net output #60: dummy_labels = 1
I0419 11:55:20.788836 45008 solver.cpp:245]     Train net output #61: dummy_labels = 0
I0419 11:55:20.788859 45008 solver.cpp:245]     Train net output #62: dummy_labels = 0
I0419 11:55:20.788882 45008 solver.cpp:245]     Train net output #63: dummy_labels = 0
I0419 11:55:20.788904 45008 solver.cpp:245]     Train net output #64: dummy_labels = 1
I0419 11:55:20.788928 45008 solver.cpp:245]     Train net output #65: dummy_labels = 1
I0419 11:55:20.788950 45008 solver.cpp:245]     Train net output #66: dummy_labels = 0
I0419 11:55:20.788974 45008 solver.cpp:245]     Train net output #67: dummy_labels = 0
I0419 11:55:20.788996 45008 solver.cpp:245]     Train net output #68: dummy_labels = 1
I0419 11:55:20.789031 45008 solver.cpp:245]     Train net output #69: dummy_labels = 1
I0419 11:55:20.789055 45008 solver.cpp:245]     Train net output #70: dummy_labels = 0
I0419 11:55:20.789078 45008 solver.cpp:245]     Train net output #71: dummy_labels = 0
I0419 11:55:20.789101 45008 solver.cpp:245]     Train net output #72: dummy_labels = 1
I0419 11:55:20.789125 45008 solver.cpp:245]     Train net output #73: dummy_labels = 1
I0419 11:55:20.789149 45008 solver.cpp:245]     Train net output #74: dummy_labels = 0
I0419 11:55:20.789172 45008 solver.cpp:245]     Train net output #75: dummy_labels = 1
I0419 11:55:20.789196 45008 solver.cpp:245]     Train net output #76: dummy_labels = 0
I0419 11:55:20.789219 45008 solver.cpp:245]     Train net output #77: dummy_labels = 1
I0419 11:55:20.789242 45008 solver.cpp:245]     Train net output #78: dummy_labels = 0
I0419 11:55:20.789266 45008 solver.cpp:245]     Train net output #79: dummy_labels = 0
I0419 11:55:20.789289 45008 solver.cpp:245]     Train net output #80: dummy_labels = 1
I0419 11:55:20.789324 45008 solver.cpp:245]     Train net output #81: dummy_labels = 0
I0419 11:55:20.789347 45008 solver.cpp:245]     Train net output #82: dummy_labels = 1
I0419 11:55:20.789382 45008 solver.cpp:245]     Train net output #83: dummy_labels = 1
I0419 11:55:20.789409 45008 solver.cpp:245]     Train net output #84: dummy_labels = 0
I0419 11:55:20.789435 45008 solver.cpp:245]     Train net output #85: dummy_labels = 1
I0419 11:55:20.789459 45008 solver.cpp:245]     Train net output #86: dummy_labels = 0
I0419 11:55:20.789482 45008 solver.cpp:245]     Train net output #87: dummy_labels = 0
I0419 11:55:20.789506 45008 solver.cpp:245]     Train net output #88: dummy_labels = 0
I0419 11:55:20.789541 45008 solver.cpp:245]     Train net output #89: dummy_labels = 1
I0419 11:55:20.789566 45008 solver.cpp:245]     Train net output #90: dummy_labels = 1
I0419 11:55:20.789590 45008 solver.cpp:245]     Train net output #91: dummy_labels = 1
I0419 11:55:20.789614 45008 solver.cpp:245]     Train net output #92: dummy_labels = 0
I0419 11:55:20.789638 45008 solver.cpp:245]     Train net output #93: dummy_labels = 0
I0419 11:55:20.789674 45008 solver.cpp:245]     Train net output #94: dummy_labels = 1
I0419 11:55:20.789710 45008 solver.cpp:245]     Train net output #95: dummy_labels = 0
I0419 11:55:20.789736 45008 solver.cpp:245]     Train net output #96: dummy_labels = 1
I0419 11:55:20.789770 45008 solver.cpp:245]     Train net output #97: dummy_labels = 0
I0419 11:55:20.789794 45008 solver.cpp:245]     Train net output #98: dummy_labels = 1
I0419 11:55:20.789819 45008 solver.cpp:245]     Train net output #99: dummy_labels = 1
I0419 11:55:20.789846 45008 solver.cpp:245]     Train net output #100: loss = 2.74398 (* 1 = 2.74398 loss)
I0419 11:55:20.789876 45008 sgd_solver.cpp:106] Iteration 100, lr = 9.92565e-08
I0419 11:57:44.193107 45008 solver.cpp:229] Iteration 200, loss = 2.14483
I0419 11:57:44.631252 45008 solver.cpp:245]     Train net output #0: dummy_labels = 0
I0419 11:57:44.631290 45008 solver.cpp:245]     Train net output #1: dummy_labels = 1
I0419 11:57:44.631316 45008 solver.cpp:245]     Train net output #2: dummy_labels = 0
I0419 11:57:44.631340 45008 solver.cpp:245]     Train net output #3: dummy_labels = 1
I0419 11:57:44.631363 45008 solver.cpp:245]     Train net output #4: dummy_labels = 1
I0419 11:57:44.631387 45008 solver.cpp:245]     Train net output #5: dummy_labels = 0
I0419 11:57:44.631414 45008 solver.cpp:245]     Train net output #6: dummy_labels = 0
I0419 11:57:44.631439 45008 solver.cpp:245]     Train net output #7: dummy_labels = 1
I0419 11:57:44.631463 45008 solver.cpp:245]     Train net output #8: dummy_labels = 1
I0419 11:57:44.631486 45008 solver.cpp:245]     Train net output #9: dummy_labels = 1
I0419 11:57:44.631510 45008 solver.cpp:245]     Train net output #10: dummy_labels = 0
I0419 11:57:44.631532 45008 solver.cpp:245]     Train net output #11: dummy_labels = 1
I0419 11:57:44.631556 45008 solver.cpp:245]     Train net output #12: dummy_labels = 0
I0419 11:57:44.631578 45008 solver.cpp:245]     Train net output #13: dummy_labels = 0
I0419 11:57:44.631602 45008 solver.cpp:245]     Train net output #14: dummy_labels = 1
I0419 11:57:44.631624 45008 solver.cpp:245]     Train net output #15: dummy_labels = 1
I0419 11:57:44.631649 45008 solver.cpp:245]     Train net output #16: dummy_labels = 1
I0419 11:57:44.631671 45008 solver.cpp:245]     Train net output #17: dummy_labels = 1
I0419 11:57:44.631695 45008 solver.cpp:245]     Train net output #18: dummy_labels = 1
I0419 11:57:44.631718 45008 solver.cpp:245]     Train net output #19: dummy_labels = 1
I0419 11:57:44.631742 45008 solver.cpp:245]     Train net output #20: dummy_labels = 0
I0419 11:57:44.631764 45008 solver.cpp:245]     Train net output #21: dummy_labels = 0
I0419 11:57:44.631788 45008 solver.cpp:245]     Train net output #22: dummy_labels = 0
I0419 11:57:44.631811 45008 solver.cpp:245]     Train net output #23: dummy_labels = 0
I0419 11:57:44.631835 45008 solver.cpp:245]     Train net output #24: dummy_labels = 1
I0419 11:57:44.631858 45008 solver.cpp:245]     Train net output #25: dummy_labels = 1
I0419 11:57:44.631881 45008 solver.cpp:245]     Train net output #26: dummy_labels = 1
I0419 11:57:44.631904 45008 solver.cpp:245]     Train net output #27: dummy_labels = 1
I0419 11:57:44.631928 45008 solver.cpp:245]     Train net output #28: dummy_labels = 0
I0419 11:57:44.631952 45008 solver.cpp:245]     Train net output #29: dummy_labels = 1
I0419 11:57:44.631974 45008 solver.cpp:245]     Train net output #30: dummy_labels = 1
I0419 11:57:44.631997 45008 solver.cpp:245]     Train net output #31: dummy_labels = 0
I0419 11:57:44.632020 45008 solver.cpp:245]     Train net output #32: dummy_labels = 1
I0419 11:57:44.632057 45008 solver.cpp:245]     Train net output #33: dummy_labels = 1
I0419 11:57:44.632083 45008 solver.cpp:245]     Train net output #34: dummy_labels = 0
I0419 11:57:44.632107 45008 solver.cpp:245]     Train net output #35: dummy_labels = 1
I0419 11:57:44.632130 45008 solver.cpp:245]     Train net output #36: dummy_labels = 0
I0419 11:57:44.632153 45008 solver.cpp:245]     Train net output #37: dummy_labels = 0
I0419 11:57:44.632177 45008 solver.cpp:245]     Train net output #38: dummy_labels = 1
I0419 11:57:44.632200 45008 solver.cpp:245]     Train net output #39: dummy_labels = 0
I0419 11:57:44.632223 45008 solver.cpp:245]     Train net output #40: dummy_labels = 0
I0419 11:57:44.632246 45008 solver.cpp:245]     Train net output #41: dummy_labels = 0
I0419 11:57:44.632269 45008 solver.cpp:245]     Train net output #42: dummy_labels = 0
I0419 11:57:44.632292 45008 solver.cpp:245]     Train net output #43: dummy_labels = 1
I0419 11:57:44.632316 45008 solver.cpp:245]     Train net output #44: dummy_labels = 0
I0419 11:57:44.632339 45008 solver.cpp:245]     Train net output #45: dummy_labels = 0
I0419 11:57:44.632364 45008 solver.cpp:245]     Train net output #46: dummy_labels = 1
I0419 11:57:44.632386 45008 solver.cpp:245]     Train net output #47: dummy_labels = 1
I0419 11:57:44.632436 45008 solver.cpp:245]     Train net output #48: dummy_labels = 1
I0419 11:57:44.632460 45008 solver.cpp:245]     Train net output #49: dummy_labels = 1
I0419 11:57:44.632484 45008 solver.cpp:245]     Train net output #50: dummy_labels = 1
I0419 11:57:44.632508 45008 solver.cpp:245]     Train net output #51: dummy_labels = 1
I0419 11:57:44.632530 45008 solver.cpp:245]     Train net output #52: dummy_labels = 0
I0419 11:57:44.632553 45008 solver.cpp:245]     Train net output #53: dummy_labels = 0
I0419 11:57:44.632576 45008 solver.cpp:245]     Train net output #54: dummy_labels = 0
I0419 11:57:44.632601 45008 solver.cpp:245]     Train net output #55: dummy_labels = 0
I0419 11:57:44.632623 45008 solver.cpp:245]     Train net output #56: dummy_labels = 0
I0419 11:57:44.632647 45008 solver.cpp:245]     Train net output #57: dummy_labels = 1
I0419 11:57:44.632669 45008 solver.cpp:245]     Train net output #58: dummy_labels = 0
I0419 11:57:44.632693 45008 solver.cpp:245]     Train net output #59: dummy_labels = 1
I0419 11:57:44.632715 45008 solver.cpp:245]     Train net output #60: dummy_labels = 1
I0419 11:57:44.632738 45008 solver.cpp:245]     Train net output #61: dummy_labels = 1
I0419 11:57:44.632761 45008 solver.cpp:245]     Train net output #62: dummy_labels = 0
I0419 11:57:44.632784 45008 solver.cpp:245]     Train net output #63: dummy_labels = 1
I0419 11:57:44.632807 45008 solver.cpp:245]     Train net output #64: dummy_labels = 0
I0419 11:57:44.632830 45008 solver.cpp:245]     Train net output #65: dummy_labels = 0
I0419 11:57:44.632853 45008 solver.cpp:245]     Train net output #66: dummy_labels = 0
I0419 11:57:44.632876 45008 solver.cpp:245]     Train net output #67: dummy_labels = 1
I0419 11:57:44.632899 45008 solver.cpp:245]     Train net output #68: dummy_labels = 1
I0419 11:57:44.632922 45008 solver.cpp:245]     Train net output #69: dummy_labels = 1
I0419 11:57:44.632946 45008 solver.cpp:245]     Train net output #70: dummy_labels = 0
I0419 11:57:44.632968 45008 solver.cpp:245]     Train net output #71: dummy_labels = 1
I0419 11:57:44.632992 45008 solver.cpp:245]     Train net output #72: dummy_labels = 1
I0419 11:57:44.633015 45008 solver.cpp:245]     Train net output #73: dummy_labels = 0
I0419 11:57:44.633038 45008 solver.cpp:245]     Train net output #74: dummy_labels = 0
I0419 11:57:44.633061 45008 solver.cpp:245]     Train net output #75: dummy_labels = 1
I0419 11:57:44.633085 45008 solver.cpp:245]     Train net output #76: dummy_labels = 1
I0419 11:57:44.633107 45008 solver.cpp:245]     Train net output #77: dummy_labels = 1
I0419 11:57:44.633131 45008 solver.cpp:245]     Train net output #78: dummy_labels = 0
I0419 11:57:44.633153 45008 solver.cpp:245]     Train net output #79: dummy_labels = 1
I0419 11:57:44.633186 45008 solver.cpp:245]     Train net output #80: dummy_labels = 1
I0419 11:57:44.633213 45008 solver.cpp:245]     Train net output #81: dummy_labels = 1
I0419 11:57:44.633236 45008 solver.cpp:245]     Train net output #82: dummy_labels = 0
I0419 11:57:44.633260 45008 solver.cpp:245]     Train net output #83: dummy_labels = 1
I0419 11:57:44.633281 45008 solver.cpp:245]     Train net output #84: dummy_labels = 1
I0419 11:57:44.633304 45008 solver.cpp:245]     Train net output #85: dummy_labels = 1
I0419 11:57:44.633327 45008 solver.cpp:245]     Train net output #86: dummy_labels = 0
I0419 11:57:44.633350 45008 solver.cpp:245]     Train net output #87: dummy_labels = 1
I0419 11:57:44.633373 45008 solver.cpp:245]     Train net output #88: dummy_labels = 1
I0419 11:57:44.633396 45008 solver.cpp:245]     Train net output #89: dummy_labels = 0
I0419 11:57:44.633424 45008 solver.cpp:245]     Train net output #90: dummy_labels = 1
I0419 11:57:44.633447 45008 solver.cpp:245]     Train net output #91: dummy_labels = 1
I0419 11:57:44.633471 45008 solver.cpp:245]     Train net output #92: dummy_labels = 1
I0419 11:57:44.633494 45008 solver.cpp:245]     Train net output #93: dummy_labels = 0
I0419 11:57:44.633517 45008 solver.cpp:245]     Train net output #94: dummy_labels = 1
I0419 11:57:44.633554 45008 solver.cpp:245]     Train net output #95: dummy_labels = 0
I0419 11:57:44.633579 45008 solver.cpp:245]     Train net output #96: dummy_labels = 0
I0419 11:57:44.633604 45008 solver.cpp:245]     Train net output #97: dummy_labels = 1
I0419 11:57:44.633626 45008 solver.cpp:245]     Train net output #98: dummy_labels = 1
I0419 11:57:44.633649 45008 solver.cpp:245]     Train net output #99: dummy_labels = 1
I0419 11:57:44.633677 45008 solver.cpp:245]     Train net output #100: loss = 2.14486 (* 1 = 2.14486 loss)
I0419 11:57:44.633705 45008 sgd_solver.cpp:106] Iteration 200, lr = 9.85258e-08
I0419 12:00:08.236368 45008 solver.cpp:229] Iteration 300, loss = 1.74846
I0419 12:00:08.674613 45008 solver.cpp:245]     Train net output #0: dummy_labels = 1
I0419 12:00:08.674652 45008 solver.cpp:245]     Train net output #1: dummy_labels = 1
I0419 12:00:08.674679 45008 solver.cpp:245]     Train net output #2: dummy_labels = 0
I0419 12:00:08.674702 45008 solver.cpp:245]     Train net output #3: dummy_labels = 1
I0419 12:00:08.674726 45008 solver.cpp:245]     Train net output #4: dummy_labels = 0
I0419 12:00:08.674749 45008 solver.cpp:245]     Train net output #5: dummy_labels = 0
I0419 12:00:08.674773 45008 solver.cpp:245]     Train net output #6: dummy_labels = 1
I0419 12:00:08.674796 45008 solver.cpp:245]     Train net output #7: dummy_labels = 1
I0419 12:00:08.674820 45008 solver.cpp:245]     Train net output #8: dummy_labels = 1
I0419 12:00:08.674844 45008 solver.cpp:245]     Train net output #9: dummy_labels = 1
I0419 12:00:08.674866 45008 solver.cpp:245]     Train net output #10: dummy_labels = 1
I0419 12:00:08.674890 45008 solver.cpp:245]     Train net output #11: dummy_labels = 1
I0419 12:00:08.674913 45008 solver.cpp:245]     Train net output #12: dummy_labels = 1
I0419 12:00:08.674937 45008 solver.cpp:245]     Train net output #13: dummy_labels = 0
I0419 12:00:08.674962 45008 solver.cpp:245]     Train net output #14: dummy_labels = 0
I0419 12:00:08.674984 45008 solver.cpp:245]     Train net output #15: dummy_labels = 0
I0419 12:00:08.675007 45008 solver.cpp:245]     Train net output #16: dummy_labels = 1
I0419 12:00:08.675031 45008 solver.cpp:245]     Train net output #17: dummy_labels = 0
I0419 12:00:08.675055 45008 solver.cpp:245]     Train net output #18: dummy_labels = 0
I0419 12:00:08.675077 45008 solver.cpp:245]     Train net output #19: dummy_labels = 0
I0419 12:00:08.675101 45008 solver.cpp:245]     Train net output #20: dummy_labels = 1
I0419 12:00:08.675124 45008 solver.cpp:245]     Train net output #21: dummy_labels = 1
I0419 12:00:08.675148 45008 solver.cpp:245]     Train net output #22: dummy_labels = 0
I0419 12:00:08.675171 45008 solver.cpp:245]     Train net output #23: dummy_labels = 0
I0419 12:00:08.675209 45008 solver.cpp:245]     Train net output #24: dummy_labels = 1
I0419 12:00:08.675236 45008 solver.cpp:245]     Train net output #25: dummy_labels = 1
I0419 12:00:08.675261 45008 solver.cpp:245]     Train net output #26: dummy_labels = 1
I0419 12:00:08.675283 45008 solver.cpp:245]     Train net output #27: dummy_labels = 1
I0419 12:00:08.675307 45008 solver.cpp:245]     Train net output #28: dummy_labels = 0
I0419 12:00:08.675329 45008 solver.cpp:245]     Train net output #29: dummy_labels = 1
I0419 12:00:08.675353 45008 solver.cpp:245]     Train net output #30: dummy_labels = 0
I0419 12:00:08.675375 45008 solver.cpp:245]     Train net output #31: dummy_labels = 0
I0419 12:00:08.675398 45008 solver.cpp:245]     Train net output #32: dummy_labels = 1
I0419 12:00:08.675426 45008 solver.cpp:245]     Train net output #33: dummy_labels = 0
I0419 12:00:08.675451 45008 solver.cpp:245]     Train net output #34: dummy_labels = 0
I0419 12:00:08.675473 45008 solver.cpp:245]     Train net output #35: dummy_labels = 1
I0419 12:00:08.675498 45008 solver.cpp:245]     Train net output #36: dummy_labels = 0
I0419 12:00:08.675520 45008 solver.cpp:245]     Train net output #37: dummy_labels = 1
I0419 12:00:08.675544 45008 solver.cpp:245]     Train net output #38: dummy_labels = 0
I0419 12:00:08.675566 45008 solver.cpp:245]     Train net output #39: dummy_labels = 1
I0419 12:00:08.675590 45008 solver.cpp:245]     Train net output #40: dummy_labels = 0
I0419 12:00:08.675612 45008 solver.cpp:245]     Train net output #41: dummy_labels = 0
I0419 12:00:08.675636 45008 solver.cpp:245]     Train net output #42: dummy_labels = 1
I0419 12:00:08.675658 45008 solver.cpp:245]     Train net output #43: dummy_labels = 1
I0419 12:00:08.675681 45008 solver.cpp:245]     Train net output #44: dummy_labels = 1
I0419 12:00:08.675704 45008 solver.cpp:245]     Train net output #45: dummy_labels = 0
I0419 12:00:08.675727 45008 solver.cpp:245]     Train net output #46: dummy_labels = 0
I0419 12:00:08.675750 45008 solver.cpp:245]     Train net output #47: dummy_labels = 0
I0419 12:00:08.675796 45008 solver.cpp:245]     Train net output #48: dummy_labels = 0
I0419 12:00:08.675820 45008 solver.cpp:245]     Train net output #49: dummy_labels = 0
I0419 12:00:08.675843 45008 solver.cpp:245]     Train net output #50: dummy_labels = 1
I0419 12:00:08.675866 45008 solver.cpp:245]     Train net output #51: dummy_labels = 1
I0419 12:00:08.675889 45008 solver.cpp:245]     Train net output #52: dummy_labels = 0
I0419 12:00:08.675911 45008 solver.cpp:245]     Train net output #53: dummy_labels = 0
I0419 12:00:08.675935 45008 solver.cpp:245]     Train net output #54: dummy_labels = 1
I0419 12:00:08.675957 45008 solver.cpp:245]     Train net output #55: dummy_labels = 1
I0419 12:00:08.675981 45008 solver.cpp:245]     Train net output #56: dummy_labels = 0
I0419 12:00:08.676003 45008 solver.cpp:245]     Train net output #57: dummy_labels = 1
I0419 12:00:08.676026 45008 solver.cpp:245]     Train net output #58: dummy_labels = 1
I0419 12:00:08.676049 45008 solver.cpp:245]     Train net output #59: dummy_labels = 1
I0419 12:00:08.676072 45008 solver.cpp:245]     Train net output #60: dummy_labels = 1
I0419 12:00:08.676095 45008 solver.cpp:245]     Train net output #61: dummy_labels = 1
I0419 12:00:08.676118 45008 solver.cpp:245]     Train net output #62: dummy_labels = 0
I0419 12:00:08.676141 45008 solver.cpp:245]     Train net output #63: dummy_labels = 1
I0419 12:00:08.676164 45008 solver.cpp:245]     Train net output #64: dummy_labels = 0
I0419 12:00:08.676187 45008 solver.cpp:245]     Train net output #65: dummy_labels = 0
I0419 12:00:08.676210 45008 solver.cpp:245]     Train net output #66: dummy_labels = 1
I0419 12:00:08.676234 45008 solver.cpp:245]     Train net output #67: dummy_labels = 1
I0419 12:00:08.676256 45008 solver.cpp:245]     Train net output #68: dummy_labels = 0
I0419 12:00:08.676278 45008 solver.cpp:245]     Train net output #69: dummy_labels = 1
I0419 12:00:08.676301 45008 solver.cpp:245]     Train net output #70: dummy_labels = 0
I0419 12:00:08.676334 45008 solver.cpp:245]     Train net output #71: dummy_labels = 1
I0419 12:00:08.676359 45008 solver.cpp:245]     Train net output #72: dummy_labels = 0
I0419 12:00:08.676383 45008 solver.cpp:245]     Train net output #73: dummy_labels = 1
I0419 12:00:08.676409 45008 solver.cpp:245]     Train net output #74: dummy_labels = 0
I0419 12:00:08.676435 45008 solver.cpp:245]     Train net output #75: dummy_labels = 1
I0419 12:00:08.676458 45008 solver.cpp:245]     Train net output #76: dummy_labels = 1
I0419 12:00:08.676482 45008 solver.cpp:245]     Train net output #77: dummy_labels = 0
I0419 12:00:08.676506 45008 solver.cpp:245]     Train net output #78: dummy_labels = 1
I0419 12:00:08.676528 45008 solver.cpp:245]     Train net output #79: dummy_labels = 1
I0419 12:00:08.676550 45008 solver.cpp:245]     Train net output #80: dummy_labels = 1
I0419 12:00:08.676573 45008 solver.cpp:245]     Train net output #81: dummy_labels = 1
I0419 12:00:08.676596 45008 solver.cpp:245]     Train net output #82: dummy_labels = 1
I0419 12:00:08.676620 45008 solver.cpp:245]     Train net output #83: dummy_labels = 0
I0419 12:00:08.676642 45008 solver.cpp:245]     Train net output #84: dummy_labels = 1
I0419 12:00:08.676666 45008 solver.cpp:245]     Train net output #85: dummy_labels = 1
I0419 12:00:08.676688 45008 solver.cpp:245]     Train net output #86: dummy_labels = 0
I0419 12:00:08.676712 45008 solver.cpp:245]     Train net output #87: dummy_labels = 1
I0419 12:00:08.676734 45008 solver.cpp:245]     Train net output #88: dummy_labels = 1
I0419 12:00:08.676758 45008 solver.cpp:245]     Train net output #89: dummy_labels = 0
I0419 12:00:08.676779 45008 solver.cpp:245]     Train net output #90: dummy_labels = 0
I0419 12:00:08.676802 45008 solver.cpp:245]     Train net output #91: dummy_labels = 1
I0419 12:00:08.676826 45008 solver.cpp:245]     Train net output #92: dummy_labels = 1
I0419 12:00:08.676848 45008 solver.cpp:245]     Train net output #93: dummy_labels = 0
I0419 12:00:08.676872 45008 solver.cpp:245]     Train net output #94: dummy_labels = 0
I0419 12:00:08.676909 45008 solver.cpp:245]     Train net output #95: dummy_labels = 0
I0419 12:00:08.676934 45008 solver.cpp:245]     Train net output #96: dummy_labels = 1
I0419 12:00:08.676957 45008 solver.cpp:245]     Train net output #97: dummy_labels = 1
I0419 12:00:08.676980 45008 solver.cpp:245]     Train net output #98: dummy_labels = 0
I0419 12:00:08.677002 45008 solver.cpp:245]     Train net output #99: dummy_labels = 1
I0419 12:00:08.677031 45008 solver.cpp:245]     Train net output #100: loss = 1.74849 (* 1 = 1.74849 loss)
I0419 12:00:08.677059 45008 sgd_solver.cpp:106] Iteration 300, lr = 9.78075e-08
I0419 12:02:32.300586 45008 solver.cpp:229] Iteration 400, loss = 1.3319
I0419 12:02:32.738826 45008 solver.cpp:245]     Train net output #0: dummy_labels = 1
I0419 12:02:32.738864 45008 solver.cpp:245]     Train net output #1: dummy_labels = 1
I0419 12:02:32.738890 45008 solver.cpp:245]     Train net output #2: dummy_labels = 0
I0419 12:02:32.738914 45008 solver.cpp:245]     Train net output #3: dummy_labels = 1
I0419 12:02:32.738937 45008 solver.cpp:245]     Train net output #4: dummy_labels = 1
I0419 12:02:32.738960 45008 solver.cpp:245]     Train net output #5: dummy_labels = 1
I0419 12:02:32.738983 45008 solver.cpp:245]     Train net output #6: dummy_labels = 1
I0419 12:02:32.739006 45008 solver.cpp:245]     Train net output #7: dummy_labels = 1
I0419 12:02:32.739029 45008 solver.cpp:245]     Train net output #8: dummy_labels = 0
I0419 12:02:32.739053 45008 solver.cpp:245]     Train net output #9: dummy_labels = 0
I0419 12:02:32.739075 45008 solver.cpp:245]     Train net output #10: dummy_labels = 1
I0419 12:02:32.739099 45008 solver.cpp:245]     Train net output #11: dummy_labels = 0
I0419 12:02:32.739121 45008 solver.cpp:245]     Train net output #12: dummy_labels = 1
I0419 12:02:32.739145 45008 solver.cpp:245]     Train net output #13: dummy_labels = 0
I0419 12:02:32.739167 45008 solver.cpp:245]     Train net output #14: dummy_labels = 1
I0419 12:02:32.739203 45008 solver.cpp:245]     Train net output #15: dummy_labels = 1
I0419 12:02:32.739229 45008 solver.cpp:245]     Train net output #16: dummy_labels = 1
I0419 12:02:32.739253 45008 solver.cpp:245]     Train net output #17: dummy_labels = 1
I0419 12:02:32.739276 45008 solver.cpp:245]     Train net output #18: dummy_labels = 1
I0419 12:02:32.739300 45008 solver.cpp:245]     Train net output #19: dummy_labels = 1
I0419 12:02:32.739322 45008 solver.cpp:245]     Train net output #20: dummy_labels = 0
I0419 12:02:32.739346 45008 solver.cpp:245]     Train net output #21: dummy_labels = 1
I0419 12:02:32.739368 45008 solver.cpp:245]     Train net output #22: dummy_labels = 1
I0419 12:02:32.739390 45008 solver.cpp:245]     Train net output #23: dummy_labels = 0
I0419 12:02:32.739418 45008 solver.cpp:245]     Train net output #24: dummy_labels = 0
I0419 12:02:32.739442 45008 solver.cpp:245]     Train net output #25: dummy_labels = 0
I0419 12:02:32.739465 45008 solver.cpp:245]     Train net output #26: dummy_labels = 1
I0419 12:02:32.739490 45008 solver.cpp:245]     Train net output #27: dummy_labels = 0
I0419 12:02:32.739512 45008 solver.cpp:245]     Train net output #28: dummy_labels = 0
I0419 12:02:32.739536 45008 solver.cpp:245]     Train net output #29: dummy_labels = 1
I0419 12:02:32.739558 45008 solver.cpp:245]     Train net output #30: dummy_labels = 1
I0419 12:02:32.739581 45008 solver.cpp:245]     Train net output #31: dummy_labels = 0
I0419 12:02:32.739604 45008 solver.cpp:245]     Train net output #32: dummy_labels = 1
I0419 12:02:32.739626 45008 solver.cpp:245]     Train net output #33: dummy_labels = 1
I0419 12:02:32.739650 45008 solver.cpp:245]     Train net output #34: dummy_labels = 1
I0419 12:02:32.739672 45008 solver.cpp:245]     Train net output #35: dummy_labels = 1
I0419 12:02:32.739696 45008 solver.cpp:245]     Train net output #36: dummy_labels = 1
I0419 12:02:32.739718 45008 solver.cpp:245]     Train net output #37: dummy_labels = 1
I0419 12:02:32.739742 45008 solver.cpp:245]     Train net output #38: dummy_labels = 0
I0419 12:02:32.739763 45008 solver.cpp:245]     Train net output #39: dummy_labels = 1
I0419 12:02:32.739786 45008 solver.cpp:245]     Train net output #40: dummy_labels = 1
I0419 12:02:32.739809 45008 solver.cpp:245]     Train net output #41: dummy_labels = 1
I0419 12:02:32.739832 45008 solver.cpp:245]     Train net output #42: dummy_labels = 0
I0419 12:02:32.739855 45008 solver.cpp:245]     Train net output #43: dummy_labels = 1
I0419 12:02:32.739877 45008 solver.cpp:245]     Train net output #44: dummy_labels = 1
I0419 12:02:32.739900 45008 solver.cpp:245]     Train net output #45: dummy_labels = 1
I0419 12:02:32.739923 45008 solver.cpp:245]     Train net output #46: dummy_labels = 0
I0419 12:02:32.739945 45008 solver.cpp:245]     Train net output #47: dummy_labels = 1
I0419 12:02:32.739991 45008 solver.cpp:245]     Train net output #48: dummy_labels = 1
I0419 12:02:32.740015 45008 solver.cpp:245]     Train net output #49: dummy_labels = 0
I0419 12:02:32.740039 45008 solver.cpp:245]     Train net output #50: dummy_labels = 0
I0419 12:02:32.740062 45008 solver.cpp:245]     Train net output #51: dummy_labels = 1
I0419 12:02:32.740084 45008 solver.cpp:245]     Train net output #52: dummy_labels = 1
I0419 12:02:32.740108 45008 solver.cpp:245]     Train net output #53: dummy_labels = 0
I0419 12:02:32.740130 45008 solver.cpp:245]     Train net output #54: dummy_labels = 0
I0419 12:02:32.740152 45008 solver.cpp:245]     Train net output #55: dummy_labels = 0
I0419 12:02:32.740175 45008 solver.cpp:245]     Train net output #56: dummy_labels = 0
I0419 12:02:32.740198 45008 solver.cpp:245]     Train net output #57: dummy_labels = 0
I0419 12:02:32.740221 45008 solver.cpp:245]     Train net output #58: dummy_labels = 0
I0419 12:02:32.740243 45008 solver.cpp:245]     Train net output #59: dummy_labels = 1
I0419 12:02:32.740267 45008 solver.cpp:245]     Train net output #60: dummy_labels = 1
I0419 12:02:32.740289 45008 solver.cpp:245]     Train net output #61: dummy_labels = 1
I0419 12:02:32.740312 45008 solver.cpp:245]     Train net output #62: dummy_labels = 1
I0419 12:02:32.740345 45008 solver.cpp:245]     Train net output #63: dummy_labels = 1
I0419 12:02:32.740370 45008 solver.cpp:245]     Train net output #64: dummy_labels = 0
I0419 12:02:32.740394 45008 solver.cpp:245]     Train net output #65: dummy_labels = 0
I0419 12:02:32.740422 45008 solver.cpp:245]     Train net output #66: dummy_labels = 0
I0419 12:02:32.740445 45008 solver.cpp:245]     Train net output #67: dummy_labels = 0
I0419 12:02:32.740469 45008 solver.cpp:245]     Train net output #68: dummy_labels = 1
I0419 12:02:32.740492 45008 solver.cpp:245]     Train net output #69: dummy_labels = 1
I0419 12:02:32.740515 45008 solver.cpp:245]     Train net output #70: dummy_labels = 1
I0419 12:02:32.740538 45008 solver.cpp:245]     Train net output #71: dummy_labels = 1
I0419 12:02:32.740561 45008 solver.cpp:245]     Train net output #72: dummy_labels = 0
I0419 12:02:32.740583 45008 solver.cpp:245]     Train net output #73: dummy_labels = 1
I0419 12:02:32.740607 45008 solver.cpp:245]     Train net output #74: dummy_labels = 1
I0419 12:02:32.740629 45008 solver.cpp:245]     Train net output #75: dummy_labels = 0
I0419 12:02:32.740653 45008 solver.cpp:245]     Train net output #76: dummy_labels = 1
I0419 12:02:32.740675 45008 solver.cpp:245]     Train net output #77: dummy_labels = 1
I0419 12:02:32.740697 45008 solver.cpp:245]     Train net output #78: dummy_labels = 1
I0419 12:02:32.740720 45008 solver.cpp:245]     Train net output #79: dummy_labels = 1
I0419 12:02:32.740743 45008 solver.cpp:245]     Train net output #80: dummy_labels = 0
I0419 12:02:32.740766 45008 solver.cpp:245]     Train net output #81: dummy_labels = 0
I0419 12:02:32.740788 45008 solver.cpp:245]     Train net output #82: dummy_labels = 1
I0419 12:02:32.740811 45008 solver.cpp:245]     Train net output #83: dummy_labels = 1
I0419 12:02:32.740834 45008 solver.cpp:245]     Train net output #84: dummy_labels = 1
I0419 12:02:32.740856 45008 solver.cpp:245]     Train net output #85: dummy_labels = 0
I0419 12:02:32.740880 45008 solver.cpp:245]     Train net output #86: dummy_labels = 0
I0419 12:02:32.740902 45008 solver.cpp:245]     Train net output #87: dummy_labels = 1
I0419 12:02:32.740924 45008 solver.cpp:245]     Train net output #88: dummy_labels = 1
I0419 12:02:32.740947 45008 solver.cpp:245]     Train net output #89: dummy_labels = 1
I0419 12:02:32.740970 45008 solver.cpp:245]     Train net output #90: dummy_labels = 0
I0419 12:02:32.740993 45008 solver.cpp:245]     Train net output #91: dummy_labels = 1
I0419 12:02:32.741016 45008 solver.cpp:245]     Train net output #92: dummy_labels = 1
I0419 12:02:32.741039 45008 solver.cpp:245]     Train net output #93: dummy_labels = 0
I0419 12:02:32.741062 45008 solver.cpp:245]     Train net output #94: dummy_labels = 0
I0419 12:02:32.741099 45008 solver.cpp:245]     Train net output #95: dummy_labels = 1
I0419 12:02:32.741124 45008 solver.cpp:245]     Train net output #96: dummy_labels = 1
I0419 12:02:32.741147 45008 solver.cpp:245]     Train net output #97: dummy_labels = 0
I0419 12:02:32.741170 45008 solver.cpp:245]     Train net output #98: dummy_labels = 1
I0419 12:02:32.741194 45008 solver.cpp:245]     Train net output #99: dummy_labels = 0
I0419 12:02:32.741220 45008 solver.cpp:245]     Train net output #100: loss = 1.33193 (* 1 = 1.33193 loss)
I0419 12:02:32.741250 45008 sgd_solver.cpp:106] Iteration 400, lr = 9.71013e-08
slurmstepd: *** JOB 466103 CANCELLED AT 2016-04-19T12:04:19 *** on c222-204
*** Aborted at 1461085459 (unix time) try "date -d @1461085459" if you are using GNU date ***
PC: @     0x7fff3eceba01 (unknown)
