I0419 11:52:08.284883 41895 caffe.cpp:185] Using GPUs 0
I0419 11:52:10.568202 41895 caffe.cpp:190] GPU 0: Tesla K40m
I0419 11:52:11.462556 41895 solver.cpp:48] Initializing solver from parameters: 
test_iter: 60
test_interval: 500
base_lr: 1e-07
display: 100
max_iter: 5000
lr_policy: "inv"
gamma: 0.0001
power: 0.75
momentum: 0.9
weight_decay: 0
snapshot: 1000
snapshot_prefix: "mnist_3_ss/mnist_3_ss"
solver_mode: GPU
device_id: 0
net: "pirc_mnist_3_ss_train_test.prototxt"
I0419 11:52:11.464686 41895 solver.cpp:91] Creating training net from net file: pirc_mnist_3_ss_train_test.prototxt
I0419 11:52:11.467703 41895 net.cpp:322] The NetState phase (0) differed from the phase (1) specified by a rule in layer data_1
I0419 11:52:11.467754 41895 net.cpp:322] The NetState phase (0) differed from the phase (1) specified by a rule in layer data_2
I0419 11:52:11.467953 41895 net.cpp:49] Initializing net from parameters: 
name: "pirc_siamese_train_test"
state {
  phase: TRAIN
}
layer {
  name: "data_1"
  type: "ImageData"
  top: "data"
  top: "sim"
  include {
    phase: TRAIN
  }
  image_data_param {
    source: "data/train1_ss.txt"
    batch_size: 100
  }
}
layer {
  name: "data_2"
  type: "ImageData"
  top: "data_p"
  top: "dummy_labels"
  include {
    phase: TRAIN
  }
  image_data_param {
    source: "data/train2_ss.txt"
    batch_size: 100
  }
}
layer {
  name: "conv1"
  type: "Convolution"
  bottom: "data"
  top: "conv1"
  param {
    name: "conv1_w"
    lr_mult: 1
  }
  param {
    name: "conv1_b"
    lr_mult: 2
  }
  convolution_param {
    num_output: 20
    kernel_size: 5
    stride: 1
    weight_filler {
      type: "xavier"
    }
    bias_filler {
      type: "constant"
    }
  }
}
layer {
  name: "pool1"
  type: "Pooling"
  bottom: "conv1"
  top: "pool1"
  pooling_param {
    pool: MAX
    kernel_size: 2
    stride: 2
  }
}
layer {
  name: "conv2"
  type: "Convolution"
  bottom: "pool1"
  top: "conv2"
  param {
    name: "conv2_w"
    lr_mult: 1
  }
  param {
    name: "conv2_b"
    lr_mult: 2
  }
  convolution_param {
    num_output: 50
    kernel_size: 5
    stride: 1
    weight_filler {
      type: "xavier"
    }
    bias_filler {
      type: "constant"
    }
  }
}
layer {
  name: "pool2"
  type: "Pooling"
  bottom: "conv2"
  top: "pool2"
  pooling_param {
    pool: MAX
    kernel_size: 2
    stride: 2
  }
}
layer {
  name: "ip1"
  type: "InnerProduct"
  bottom: "pool2"
  top: "ip1"
  param {
    name: "ip1_w"
    lr_mult: 1
  }
  param {
    name: "ip1_b"
    lr_mult: 2
  }
  inner_product_param {
    num_output: 500
    weight_filler {
      type: "xavier"
    }
    bias_filler {
      type: "constant"
    }
  }
}
layer {
  name: "relu1"
  type: "ReLU"
  bottom: "ip1"
  top: "ip1"
}
layer {
  name: "ip2"
  type: "InnerProduct"
  bottom: "ip1"
  top: "ip2"
  param {
    name: "ip2_w"
    lr_mult: 1
  }
  param {
    name: "ip2_b"
    lr_mult: 2
  }
  inner_product_param {
    num_output: 10
    weight_filler {
      type: "xavier"
    }
    bias_filler {
      type: "constant"
    }
  }
}
layer {
  name: "feat"
  type: "InnerProduct"
  bottom: "ip2"
  top: "feat"
  param {
    name: "feat_w"
    lr_mult: 1
  }
  param {
    name: "feat_b"
    lr_mult: 2
  }
  inner_product_param {
    num_output: 2
    weight_filler {
      type: "xavier"
    }
    bias_filler {
      type: "constant"
    }
  }
}
layer {
  name: "conv1_p"
  type: "Convolution"
  bottom: "data_p"
  top: "conv1_p"
  param {
    name: "conv1_w"
    lr_mult: 1
  }
  param {
    name: "conv1_b"
    lr_mult: 2
  }
  convolution_param {
    num_output: 20
    kernel_size: 5
    stride: 1
    weight_filler {
      type: "xavier"
    }
    bias_filler {
      type: "constant"
    }
  }
}
layer {
  name: "pool1_p"
  type: "Pooling"
  bottom: "conv1_p"
  top: "pool1_p"
  pooling_param {
    pool: MAX
    kernel_size: 2
    stride: 2
  }
}
layer {
  name: "conv2_p"
  type: "Convolution"
  bottom: "pool1_p"
  top: "conv2_p"
  param {
    name: "conv2_w"
    lr_mult: 1
  }
  param {
    name: "conv2_b"
    lr_mult: 2
  }
  convolution_param {
    num_output: 50
    kernel_size: 5
    stride: 1
    weight_filler {
      type: "xavier"
    }
    bias_filler {
      type: "constant"
    }
  }
}
layer {
  name: "pool2_p"
  type: "Pooling"
  bottom: "conv2_p"
  top: "pool2_p"
  pooling_param {
    pool: MAX
    kernel_size: 2
    stride: 2
  }
}
layer {
  name: "ip1_p"
  type: "InnerProduct"
  bottom: "pool2_p"
  top: "ip1_p"
  param {
    name: "ip1_w"
    lr_mult: 1
  }
  param {
    name: "ip1_b"
    lr_mult: 2
  }
  inner_product_param {
    num_output: 500
    weight_filler {
      type: "xavier"
    }
    bias_filler {
      type: "constant"
    }
  }
}
layer {
  name: "relu1_p"
  type: "ReLU"
  bottom: "ip1_p"
  top: "ip1_p"
}
layer {
  name: "ip2_p"
  type: "InnerProduct"
  bottom: "ip1_p"
  top: "ip2_p"
  param {
    name: "ip2_w"
    lr_mult: 1
  }
  param {
    name: "ip2_b"
    lr_mult: 2
  }
  inner_product_param {
    num_output: 10
    weight_filler {
      type: "xavier"
    }
    bias_filler {
      type: "constant"
    }
  }
}
layer {
  name: "feat_p"
  type: "InnerProduct"
  bottom: "ip2_p"
  top: "feat_p"
  param {
    name: "feat_w"
    lr_mult: 1
  }
  param {
    name: "feat_b"
    lr_mult: 2
  }
  inner_product_param {
    num_output: 2
    weight_filler {
      type: "xavier"
    }
    bias_filler {
      type: "constant"
    }
  }
}
layer {
  name: "loss"
  type: "ContrastiveLoss"
  bottom: "feat"
  bottom: "feat_p"
  bottom: "sim"
  top: "loss"
  contrastive_loss_param {
    margin: 1
  }
}
I0419 11:52:11.468266 41895 layer_factory.hpp:77] Creating layer data_1
I0419 11:52:11.468471 41895 net.cpp:106] Creating Layer data_1
I0419 11:52:11.468514 41895 net.cpp:411] data_1 -> data
I0419 11:52:11.468603 41895 net.cpp:411] data_1 -> sim
I0419 11:52:11.468719 41895 image_data_layer.cpp:38] Opening file data/train1_ss.txt
I0419 11:52:11.518183 41895 image_data_layer.cpp:53] A total of 14000 images.
I0419 11:52:11.745959 41895 image_data_layer.cpp:80] output data size: 100,3,227,227
I0419 11:52:11.871412 41895 net.cpp:150] Setting up data_1
I0419 11:52:11.871505 41895 net.cpp:157] Top shape: 100 3 227 227 (15458700)
I0419 11:52:11.871533 41895 net.cpp:157] Top shape: 100 (100)
I0419 11:52:11.871556 41895 net.cpp:165] Memory required for data: 61835200
I0419 11:52:11.871583 41895 layer_factory.hpp:77] Creating layer data_2
I0419 11:52:11.871636 41895 net.cpp:106] Creating Layer data_2
I0419 11:52:11.871664 41895 net.cpp:411] data_2 -> data_p
I0419 11:52:11.871703 41895 net.cpp:411] data_2 -> dummy_labels
I0419 11:52:11.871734 41895 image_data_layer.cpp:38] Opening file data/train2_ss.txt
I0419 11:52:11.907405 41895 image_data_layer.cpp:53] A total of 14000 images.
I0419 11:52:11.933284 41895 image_data_layer.cpp:80] output data size: 100,3,227,227
I0419 11:52:12.051803 41895 net.cpp:150] Setting up data_2
I0419 11:52:12.051909 41895 net.cpp:157] Top shape: 100 3 227 227 (15458700)
I0419 11:52:12.051936 41895 net.cpp:157] Top shape: 100 (100)
I0419 11:52:12.051959 41895 net.cpp:165] Memory required for data: 123670400
I0419 11:52:12.051983 41895 layer_factory.hpp:77] Creating layer conv1
I0419 11:52:12.052065 41895 net.cpp:106] Creating Layer conv1
I0419 11:52:12.052094 41895 net.cpp:454] conv1 <- data
I0419 11:52:12.052139 41895 net.cpp:411] conv1 -> conv1
I0419 11:52:12.053755 41895 net.cpp:150] Setting up conv1
I0419 11:52:12.053797 41895 net.cpp:157] Top shape: 100 20 223 223 (99458000)
I0419 11:52:12.053820 41895 net.cpp:165] Memory required for data: 521502400
I0419 11:52:12.053870 41895 layer_factory.hpp:77] Creating layer pool1
I0419 11:52:12.053901 41895 net.cpp:106] Creating Layer pool1
I0419 11:52:12.053932 41895 net.cpp:454] pool1 <- conv1
I0419 11:52:12.053957 41895 net.cpp:411] pool1 -> pool1
I0419 11:52:12.054126 41895 net.cpp:150] Setting up pool1
I0419 11:52:12.054163 41895 net.cpp:157] Top shape: 100 20 112 112 (25088000)
I0419 11:52:12.054188 41895 net.cpp:165] Memory required for data: 621854400
I0419 11:52:12.054213 41895 layer_factory.hpp:77] Creating layer conv2
I0419 11:52:12.054252 41895 net.cpp:106] Creating Layer conv2
I0419 11:52:12.054277 41895 net.cpp:454] conv2 <- pool1
I0419 11:52:12.054366 41895 net.cpp:411] conv2 -> conv2
I0419 11:52:12.055392 41895 net.cpp:150] Setting up conv2
I0419 11:52:12.055431 41895 net.cpp:157] Top shape: 100 50 108 108 (58320000)
I0419 11:52:12.055456 41895 net.cpp:165] Memory required for data: 855134400
I0419 11:52:12.055496 41895 layer_factory.hpp:77] Creating layer pool2
I0419 11:52:12.055526 41895 net.cpp:106] Creating Layer pool2
I0419 11:52:12.055551 41895 net.cpp:454] pool2 <- conv2
I0419 11:52:12.055577 41895 net.cpp:411] pool2 -> pool2
I0419 11:52:12.055626 41895 net.cpp:150] Setting up pool2
I0419 11:52:12.055656 41895 net.cpp:157] Top shape: 100 50 54 54 (14580000)
I0419 11:52:12.055678 41895 net.cpp:165] Memory required for data: 913454400
I0419 11:52:12.055699 41895 layer_factory.hpp:77] Creating layer ip1
I0419 11:52:12.055743 41895 net.cpp:106] Creating Layer ip1
I0419 11:52:12.055768 41895 net.cpp:454] ip1 <- pool2
I0419 11:52:12.055794 41895 net.cpp:411] ip1 -> ip1
I0419 11:52:12.689910 41895 net.cpp:150] Setting up ip1
I0419 11:52:12.690089 41895 net.cpp:157] Top shape: 100 500 (50000)
I0419 11:52:12.690115 41895 net.cpp:165] Memory required for data: 913654400
I0419 11:52:12.690157 41895 layer_factory.hpp:77] Creating layer relu1
I0419 11:52:12.690191 41895 net.cpp:106] Creating Layer relu1
I0419 11:52:12.690215 41895 net.cpp:454] relu1 <- ip1
I0419 11:52:12.690254 41895 net.cpp:397] relu1 -> ip1 (in-place)
I0419 11:52:12.690301 41895 net.cpp:150] Setting up relu1
I0419 11:52:12.690328 41895 net.cpp:157] Top shape: 100 500 (50000)
I0419 11:52:12.690352 41895 net.cpp:165] Memory required for data: 913854400
I0419 11:52:12.690379 41895 layer_factory.hpp:77] Creating layer ip2
I0419 11:52:12.690412 41895 net.cpp:106] Creating Layer ip2
I0419 11:52:12.690441 41895 net.cpp:454] ip2 <- ip1
I0419 11:52:12.690470 41895 net.cpp:411] ip2 -> ip2
I0419 11:52:12.690647 41895 net.cpp:150] Setting up ip2
I0419 11:52:12.690778 41895 net.cpp:157] Top shape: 100 10 (1000)
I0419 11:52:12.690804 41895 net.cpp:165] Memory required for data: 913858400
I0419 11:52:12.690839 41895 layer_factory.hpp:77] Creating layer feat
I0419 11:52:12.690866 41895 net.cpp:106] Creating Layer feat
I0419 11:52:12.690981 41895 net.cpp:454] feat <- ip2
I0419 11:52:12.691010 41895 net.cpp:411] feat -> feat
I0419 11:52:12.691148 41895 net.cpp:150] Setting up feat
I0419 11:52:12.691181 41895 net.cpp:157] Top shape: 100 2 (200)
I0419 11:52:12.691205 41895 net.cpp:165] Memory required for data: 913859200
I0419 11:52:12.691246 41895 layer_factory.hpp:77] Creating layer conv1_p
I0419 11:52:12.691287 41895 net.cpp:106] Creating Layer conv1_p
I0419 11:52:12.691311 41895 net.cpp:454] conv1_p <- data_p
I0419 11:52:12.691349 41895 net.cpp:411] conv1_p -> conv1_p
I0419 11:52:12.691633 41895 net.cpp:150] Setting up conv1_p
I0419 11:52:12.691669 41895 net.cpp:157] Top shape: 100 20 223 223 (99458000)
I0419 11:52:12.691786 41895 net.cpp:165] Memory required for data: 1311691200
I0419 11:52:12.691825 41895 net.cpp:514] Sharing parameters 'conv1_w' owned by layer 'conv1', param index 0
I0419 11:52:12.691851 41895 net.cpp:514] Sharing parameters 'conv1_b' owned by layer 'conv1', param index 1
I0419 11:52:12.691901 41895 layer_factory.hpp:77] Creating layer pool1_p
I0419 11:52:12.691946 41895 net.cpp:106] Creating Layer pool1_p
I0419 11:52:12.691977 41895 net.cpp:454] pool1_p <- conv1_p
I0419 11:52:12.692008 41895 net.cpp:411] pool1_p -> pool1_p
I0419 11:52:12.692072 41895 net.cpp:150] Setting up pool1_p
I0419 11:52:12.692118 41895 net.cpp:157] Top shape: 100 20 112 112 (25088000)
I0419 11:52:12.692162 41895 net.cpp:165] Memory required for data: 1412043200
I0419 11:52:12.692186 41895 layer_factory.hpp:77] Creating layer conv2_p
I0419 11:52:12.692227 41895 net.cpp:106] Creating Layer conv2_p
I0419 11:52:12.692255 41895 net.cpp:454] conv2_p <- pool1_p
I0419 11:52:12.692286 41895 net.cpp:411] conv2_p -> conv2_p
I0419 11:52:12.692735 41895 net.cpp:150] Setting up conv2_p
I0419 11:52:12.692777 41895 net.cpp:157] Top shape: 100 50 108 108 (58320000)
I0419 11:52:12.692802 41895 net.cpp:165] Memory required for data: 1645323200
I0419 11:52:12.692888 41895 net.cpp:514] Sharing parameters 'conv2_w' owned by layer 'conv2', param index 0
I0419 11:52:12.692921 41895 net.cpp:514] Sharing parameters 'conv2_b' owned by layer 'conv2', param index 1
I0419 11:52:12.692947 41895 layer_factory.hpp:77] Creating layer pool2_p
I0419 11:52:12.692975 41895 net.cpp:106] Creating Layer pool2_p
I0419 11:52:12.692999 41895 net.cpp:454] pool2_p <- conv2_p
I0419 11:52:12.693049 41895 net.cpp:411] pool2_p -> pool2_p
I0419 11:52:12.693119 41895 net.cpp:150] Setting up pool2_p
I0419 11:52:12.693156 41895 net.cpp:157] Top shape: 100 50 54 54 (14580000)
I0419 11:52:12.693192 41895 net.cpp:165] Memory required for data: 1703643200
I0419 11:52:12.693212 41895 layer_factory.hpp:77] Creating layer ip1_p
I0419 11:52:12.693236 41895 net.cpp:106] Creating Layer ip1_p
I0419 11:52:12.693259 41895 net.cpp:454] ip1_p <- pool2_p
I0419 11:52:12.693284 41895 net.cpp:411] ip1_p -> ip1_p
I0419 11:52:13.324507 41895 net.cpp:150] Setting up ip1_p
I0419 11:52:13.324590 41895 net.cpp:157] Top shape: 100 500 (50000)
I0419 11:52:13.324616 41895 net.cpp:165] Memory required for data: 1703843200
I0419 11:52:13.324643 41895 net.cpp:514] Sharing parameters 'ip1_w' owned by layer 'ip1', param index 0
I0419 11:52:13.324668 41895 net.cpp:514] Sharing parameters 'ip1_b' owned by layer 'ip1', param index 1
I0419 11:52:13.324692 41895 layer_factory.hpp:77] Creating layer relu1_p
I0419 11:52:13.324725 41895 net.cpp:106] Creating Layer relu1_p
I0419 11:52:13.324750 41895 net.cpp:454] relu1_p <- ip1_p
I0419 11:52:13.324777 41895 net.cpp:397] relu1_p -> ip1_p (in-place)
I0419 11:52:13.324812 41895 net.cpp:150] Setting up relu1_p
I0419 11:52:13.324837 41895 net.cpp:157] Top shape: 100 500 (50000)
I0419 11:52:13.324859 41895 net.cpp:165] Memory required for data: 1704043200
I0419 11:52:13.324882 41895 layer_factory.hpp:77] Creating layer ip2_p
I0419 11:52:13.324916 41895 net.cpp:106] Creating Layer ip2_p
I0419 11:52:13.324941 41895 net.cpp:454] ip2_p <- ip1_p
I0419 11:52:13.324966 41895 net.cpp:411] ip2_p -> ip2_p
I0419 11:52:13.325119 41895 net.cpp:150] Setting up ip2_p
I0419 11:52:13.325172 41895 net.cpp:157] Top shape: 100 10 (1000)
I0419 11:52:13.325208 41895 net.cpp:165] Memory required for data: 1704047200
I0419 11:52:13.325237 41895 net.cpp:514] Sharing parameters 'ip2_w' owned by layer 'ip2', param index 0
I0419 11:52:13.325263 41895 net.cpp:514] Sharing parameters 'ip2_b' owned by layer 'ip2', param index 1
I0419 11:52:13.325289 41895 layer_factory.hpp:77] Creating layer feat_p
I0419 11:52:13.325316 41895 net.cpp:106] Creating Layer feat_p
I0419 11:52:13.325341 41895 net.cpp:454] feat_p <- ip2_p
I0419 11:52:13.325371 41895 net.cpp:411] feat_p -> feat_p
I0419 11:52:13.325506 41895 net.cpp:150] Setting up feat_p
I0419 11:52:13.325539 41895 net.cpp:157] Top shape: 100 2 (200)
I0419 11:52:13.325562 41895 net.cpp:165] Memory required for data: 1704048000
I0419 11:52:13.325584 41895 net.cpp:514] Sharing parameters 'feat_w' owned by layer 'feat', param index 0
I0419 11:52:13.325608 41895 net.cpp:514] Sharing parameters 'feat_b' owned by layer 'feat', param index 1
I0419 11:52:13.325631 41895 layer_factory.hpp:77] Creating layer loss
I0419 11:52:13.325659 41895 net.cpp:106] Creating Layer loss
I0419 11:52:13.325682 41895 net.cpp:454] loss <- feat
I0419 11:52:13.325706 41895 net.cpp:454] loss <- feat_p
I0419 11:52:13.325729 41895 net.cpp:454] loss <- sim
I0419 11:52:13.325753 41895 net.cpp:411] loss -> loss
I0419 11:52:13.325924 41895 net.cpp:150] Setting up loss
I0419 11:52:13.325956 41895 net.cpp:157] Top shape: (1)
I0419 11:52:13.325979 41895 net.cpp:160]     with loss weight 1
I0419 11:52:13.326031 41895 net.cpp:165] Memory required for data: 1704048004
I0419 11:52:13.326056 41895 net.cpp:226] loss needs backward computation.
I0419 11:52:13.326077 41895 net.cpp:226] feat_p needs backward computation.
I0419 11:52:13.326099 41895 net.cpp:226] ip2_p needs backward computation.
I0419 11:52:13.326122 41895 net.cpp:226] relu1_p needs backward computation.
I0419 11:52:13.326160 41895 net.cpp:226] ip1_p needs backward computation.
I0419 11:52:13.326243 41895 net.cpp:226] pool2_p needs backward computation.
I0419 11:52:13.326269 41895 net.cpp:226] conv2_p needs backward computation.
I0419 11:52:13.326292 41895 net.cpp:226] pool1_p needs backward computation.
I0419 11:52:13.326314 41895 net.cpp:226] conv1_p needs backward computation.
I0419 11:52:13.326338 41895 net.cpp:226] feat needs backward computation.
I0419 11:52:13.326359 41895 net.cpp:226] ip2 needs backward computation.
I0419 11:52:13.326381 41895 net.cpp:226] relu1 needs backward computation.
I0419 11:52:13.326403 41895 net.cpp:226] ip1 needs backward computation.
I0419 11:52:13.326436 41895 net.cpp:226] pool2 needs backward computation.
I0419 11:52:13.326458 41895 net.cpp:226] conv2 needs backward computation.
I0419 11:52:13.326480 41895 net.cpp:226] pool1 needs backward computation.
I0419 11:52:13.326501 41895 net.cpp:226] conv1 needs backward computation.
I0419 11:52:13.326524 41895 net.cpp:228] data_2 does not need backward computation.
I0419 11:52:13.326545 41895 net.cpp:228] data_1 does not need backward computation.
I0419 11:52:13.326565 41895 net.cpp:270] This network produces output dummy_labels
I0419 11:52:13.326589 41895 net.cpp:270] This network produces output loss
I0419 11:52:13.360743 41895 net.cpp:283] Network initialization done.
I0419 11:52:13.362421 41895 solver.cpp:181] Creating test net (#0) specified by net file: pirc_mnist_3_ss_train_test.prototxt
I0419 11:52:13.362507 41895 net.cpp:322] The NetState phase (1) differed from the phase (0) specified by a rule in layer data_1
I0419 11:52:13.362547 41895 net.cpp:322] The NetState phase (1) differed from the phase (0) specified by a rule in layer data_2
I0419 11:52:13.362761 41895 net.cpp:49] Initializing net from parameters: 
name: "pirc_siamese_train_test"
state {
  phase: TEST
}
layer {
  name: "data_1"
  type: "ImageData"
  top: "data"
  top: "sim"
  include {
    phase: TEST
  }
  image_data_param {
    source: "data/test1_ss.txt"
    batch_size: 100
  }
}
layer {
  name: "data_2"
  type: "ImageData"
  top: "data_p"
  top: "dummy_labels"
  include {
    phase: TEST
  }
  image_data_param {
    source: "data/test2_ss.txt"
    batch_size: 100
  }
}
layer {
  name: "conv1"
  type: "Convolution"
  bottom: "data"
  top: "conv1"
  param {
    name: "conv1_w"
    lr_mult: 1
  }
  param {
    name: "conv1_b"
    lr_mult: 2
  }
  convolution_param {
    num_output: 20
    kernel_size: 5
    stride: 1
    weight_filler {
      type: "xavier"
    }
    bias_filler {
      type: "constant"
    }
  }
}
layer {
  name: "pool1"
  type: "Pooling"
  bottom: "conv1"
  top: "pool1"
  pooling_param {
    pool: MAX
    kernel_size: 2
    stride: 2
  }
}
layer {
  name: "conv2"
  type: "Convolution"
  bottom: "pool1"
  top: "conv2"
  param {
    name: "conv2_w"
    lr_mult: 1
  }
  param {
    name: "conv2_b"
    lr_mult: 2
  }
  convolution_param {
    num_output: 50
    kernel_size: 5
    stride: 1
    weight_filler {
      type: "xavier"
    }
    bias_filler {
      type: "constant"
    }
  }
}
layer {
  name: "pool2"
  type: "Pooling"
  bottom: "conv2"
  top: "pool2"
  pooling_param {
    pool: MAX
    kernel_size: 2
    stride: 2
  }
}
layer {
  name: "ip1"
  type: "InnerProduct"
  bottom: "pool2"
  top: "ip1"
  param {
    name: "ip1_w"
    lr_mult: 1
  }
  param {
    name: "ip1_b"
    lr_mult: 2
  }
  inner_product_param {
    num_output: 500
    weight_filler {
      type: "xavier"
    }
    bias_filler {
      type: "constant"
    }
  }
}
layer {
  name: "relu1"
  type: "ReLU"
  bottom: "ip1"
  top: "ip1"
}
layer {
  name: "ip2"
  type: "InnerProduct"
  bottom: "ip1"
  top: "ip2"
  param {
    name: "ip2_w"
    lr_mult: 1
  }
  param {
    name: "ip2_b"
    lr_mult: 2
  }
  inner_product_param {
    num_output: 10
    weight_filler {
      type: "xavier"
    }
    bias_filler {
      type: "constant"
    }
  }
}
layer {
  name: "feat"
  type: "InnerProduct"
  bottom: "ip2"
  top: "feat"
  param {
    name: "feat_w"
    lr_mult: 1
  }
  param {
    name: "feat_b"
    lr_mult: 2
  }
  inner_product_param {
    num_output: 2
    weight_filler {
      type: "xavier"
    }
    bias_filler {
      type: "constant"
    }
  }
}
layer {
  name: "conv1_p"
  type: "Convolution"
  bottom: "data_p"
  top: "conv1_p"
  param {
    name: "conv1_w"
    lr_mult: 1
  }
  param {
    name: "conv1_b"
    lr_mult: 2
  }
  convolution_param {
    num_output: 20
    kernel_size: 5
    stride: 1
    weight_filler {
      type: "xavier"
    }
    bias_filler {
      type: "constant"
    }
  }
}
layer {
  name: "pool1_p"
  type: "Pooling"
  bottom: "conv1_p"
  top: "pool1_p"
  pooling_param {
    pool: MAX
    kernel_size: 2
    stride: 2
  }
}
layer {
  name: "conv2_p"
  type: "Convolution"
  bottom: "pool1_p"
  top: "conv2_p"
  param {
    name: "conv2_w"
    lr_mult: 1
  }
  param {
    name: "conv2_b"
    lr_mult: 2
  }
  convolution_param {
    num_output: 50
    kernel_size: 5
    stride: 1
    weight_filler {
      type: "xavier"
    }
    bias_filler {
      type: "constant"
    }
  }
}
layer {
  name: "pool2_p"
  type: "Pooling"
  bottom: "conv2_p"
  top: "pool2_p"
  pooling_param {
    pool: MAX
    kernel_size: 2
    stride: 2
  }
}
layer {
  name: "ip1_p"
  type: "InnerProduct"
  bottom: "pool2_p"
  top: "ip1_p"
  param {
    name: "ip1_w"
    lr_mult: 1
  }
  param {
    name: "ip1_b"
    lr_mult: 2
  }
  inner_product_param {
    num_output: 500
    weight_filler {
      type: "xavier"
    }
    bias_filler {
      type: "constant"
    }
  }
}
layer {
  name: "relu1_p"
  type: "ReLU"
  bottom: "ip1_p"
  top: "ip1_p"
}
layer {
  name: "ip2_p"
  type: "InnerProduct"
  bottom: "ip1_p"
  top: "ip2_p"
  param {
    name: "ip2_w"
    lr_mult: 1
  }
  param {
    name: "ip2_b"
    lr_mult: 2
  }
  inner_product_param {
    num_output: 10
    weight_filler {
      type: "xavier"
    }
    bias_filler {
      type: "constant"
    }
  }
}
layer {
  name: "feat_p"
  type: "InnerProduct"
  bottom: "ip2_p"
  top: "feat_p"
  param {
    name: "feat_w"
    lr_mult: 1
  }
  param {
    name: "feat_b"
    lr_mult: 2
  }
  inner_product_param {
    num_output: 2
    weight_filler {
      type: "xavier"
    }
    bias_filler {
      type: "constant"
    }
  }
}
layer {
  name: "loss"
  type: "ContrastiveLoss"
  bottom: "feat"
  bottom: "feat_p"
  bottom: "sim"
  top: "loss"
  contrastive_loss_param {
    margin: 1
  }
}
I0419 11:52:13.362890 41895 layer_factory.hpp:77] Creating layer data_1
I0419 11:52:13.362931 41895 net.cpp:106] Creating Layer data_1
I0419 11:52:13.362972 41895 net.cpp:411] data_1 -> data
I0419 11:52:13.363001 41895 net.cpp:411] data_1 -> sim
I0419 11:52:13.363051 41895 image_data_layer.cpp:38] Opening file data/test1_ss.txt
I0419 11:52:13.404825 41895 image_data_layer.cpp:53] A total of 6000 images.
I0419 11:52:13.421031 41895 image_data_layer.cpp:80] output data size: 100,3,227,227
I0419 11:52:13.543915 41895 net.cpp:150] Setting up data_1
I0419 11:52:13.544010 41895 net.cpp:157] Top shape: 100 3 227 227 (15458700)
I0419 11:52:13.544039 41895 net.cpp:157] Top shape: 100 (100)
I0419 11:52:13.544064 41895 net.cpp:165] Memory required for data: 61835200
I0419 11:52:13.544090 41895 layer_factory.hpp:77] Creating layer data_2
I0419 11:52:13.544152 41895 net.cpp:106] Creating Layer data_2
I0419 11:52:13.544184 41895 net.cpp:411] data_2 -> data_p
I0419 11:52:13.544224 41895 net.cpp:411] data_2 -> dummy_labels
I0419 11:52:13.544266 41895 image_data_layer.cpp:38] Opening file data/test2_ss.txt
I0419 11:52:13.572628 41895 image_data_layer.cpp:53] A total of 6000 images.
I0419 11:52:13.600864 41895 image_data_layer.cpp:80] output data size: 100,3,227,227
I0419 11:52:13.726505 41895 net.cpp:150] Setting up data_2
I0419 11:52:13.726598 41895 net.cpp:157] Top shape: 100 3 227 227 (15458700)
I0419 11:52:13.726629 41895 net.cpp:157] Top shape: 100 (100)
I0419 11:52:13.726663 41895 net.cpp:165] Memory required for data: 123670400
I0419 11:52:13.726689 41895 layer_factory.hpp:77] Creating layer conv1
I0419 11:52:13.726729 41895 net.cpp:106] Creating Layer conv1
I0419 11:52:13.726757 41895 net.cpp:454] conv1 <- data
I0419 11:52:13.726809 41895 net.cpp:411] conv1 -> conv1
I0419 11:52:13.727223 41895 net.cpp:150] Setting up conv1
I0419 11:52:13.727265 41895 net.cpp:157] Top shape: 100 20 223 223 (99458000)
I0419 11:52:13.727303 41895 net.cpp:165] Memory required for data: 521502400
I0419 11:52:13.727341 41895 layer_factory.hpp:77] Creating layer pool1
I0419 11:52:13.727375 41895 net.cpp:106] Creating Layer pool1
I0419 11:52:13.727401 41895 net.cpp:454] pool1 <- conv1
I0419 11:52:13.727430 41895 net.cpp:411] pool1 -> pool1
I0419 11:52:13.727519 41895 net.cpp:150] Setting up pool1
I0419 11:52:13.727553 41895 net.cpp:157] Top shape: 100 20 112 112 (25088000)
I0419 11:52:13.727578 41895 net.cpp:165] Memory required for data: 621854400
I0419 11:52:13.727602 41895 layer_factory.hpp:77] Creating layer conv2
I0419 11:52:13.727641 41895 net.cpp:106] Creating Layer conv2
I0419 11:52:13.727679 41895 net.cpp:454] conv2 <- pool1
I0419 11:52:13.727715 41895 net.cpp:411] conv2 -> conv2
I0419 11:52:13.728160 41895 net.cpp:150] Setting up conv2
I0419 11:52:13.728205 41895 net.cpp:157] Top shape: 100 50 108 108 (58320000)
I0419 11:52:13.728230 41895 net.cpp:165] Memory required for data: 855134400
I0419 11:52:13.728258 41895 layer_factory.hpp:77] Creating layer pool2
I0419 11:52:13.728288 41895 net.cpp:106] Creating Layer pool2
I0419 11:52:13.728313 41895 net.cpp:454] pool2 <- conv2
I0419 11:52:13.728341 41895 net.cpp:411] pool2 -> pool2
I0419 11:52:13.728423 41895 net.cpp:150] Setting up pool2
I0419 11:52:13.728456 41895 net.cpp:157] Top shape: 100 50 54 54 (14580000)
I0419 11:52:13.728489 41895 net.cpp:165] Memory required for data: 913454400
I0419 11:52:13.728512 41895 layer_factory.hpp:77] Creating layer ip1
I0419 11:52:13.728538 41895 net.cpp:106] Creating Layer ip1
I0419 11:52:13.728561 41895 net.cpp:454] ip1 <- pool2
I0419 11:52:13.728587 41895 net.cpp:411] ip1 -> ip1
I0419 11:52:14.373910 41895 net.cpp:150] Setting up ip1
I0419 11:52:14.374032 41895 net.cpp:157] Top shape: 100 500 (50000)
I0419 11:52:14.374065 41895 net.cpp:165] Memory required for data: 913654400
I0419 11:52:14.374114 41895 layer_factory.hpp:77] Creating layer relu1
I0419 11:52:14.374161 41895 net.cpp:106] Creating Layer relu1
I0419 11:52:14.374186 41895 net.cpp:454] relu1 <- ip1
I0419 11:52:14.374213 41895 net.cpp:397] relu1 -> ip1 (in-place)
I0419 11:52:14.374342 41895 net.cpp:150] Setting up relu1
I0419 11:52:14.374392 41895 net.cpp:157] Top shape: 100 500 (50000)
I0419 11:52:14.374413 41895 net.cpp:165] Memory required for data: 913854400
I0419 11:52:14.374447 41895 layer_factory.hpp:77] Creating layer ip2
I0419 11:52:14.374488 41895 net.cpp:106] Creating Layer ip2
I0419 11:52:14.374511 41895 net.cpp:454] ip2 <- ip1
I0419 11:52:14.374537 41895 net.cpp:411] ip2 -> ip2
I0419 11:52:14.374740 41895 net.cpp:150] Setting up ip2
I0419 11:52:14.374778 41895 net.cpp:157] Top shape: 100 10 (1000)
I0419 11:52:14.374801 41895 net.cpp:165] Memory required for data: 913858400
I0419 11:52:14.374828 41895 layer_factory.hpp:77] Creating layer feat
I0419 11:52:14.374857 41895 net.cpp:106] Creating Layer feat
I0419 11:52:14.374882 41895 net.cpp:454] feat <- ip2
I0419 11:52:14.374927 41895 net.cpp:411] feat -> feat
I0419 11:52:14.375043 41895 net.cpp:150] Setting up feat
I0419 11:52:14.375083 41895 net.cpp:157] Top shape: 100 2 (200)
I0419 11:52:14.375133 41895 net.cpp:165] Memory required for data: 913859200
I0419 11:52:14.375185 41895 layer_factory.hpp:77] Creating layer conv1_p
I0419 11:52:14.375221 41895 net.cpp:106] Creating Layer conv1_p
I0419 11:52:14.375247 41895 net.cpp:454] conv1_p <- data_p
I0419 11:52:14.375288 41895 net.cpp:411] conv1_p -> conv1_p
I0419 11:52:14.376126 41895 net.cpp:150] Setting up conv1_p
I0419 11:52:14.376194 41895 net.cpp:157] Top shape: 100 20 223 223 (99458000)
I0419 11:52:14.376220 41895 net.cpp:165] Memory required for data: 1311691200
I0419 11:52:14.376245 41895 net.cpp:514] Sharing parameters 'conv1_w' owned by layer 'conv1', param index 0
I0419 11:52:14.376271 41895 net.cpp:514] Sharing parameters 'conv1_b' owned by layer 'conv1', param index 1
I0419 11:52:14.376322 41895 layer_factory.hpp:77] Creating layer pool1_p
I0419 11:52:14.376405 41895 net.cpp:106] Creating Layer pool1_p
I0419 11:52:14.376435 41895 net.cpp:454] pool1_p <- conv1_p
I0419 11:52:14.376478 41895 net.cpp:411] pool1_p -> pool1_p
I0419 11:52:14.376565 41895 net.cpp:150] Setting up pool1_p
I0419 11:52:14.376606 41895 net.cpp:157] Top shape: 100 20 112 112 (25088000)
I0419 11:52:14.376643 41895 net.cpp:165] Memory required for data: 1412043200
I0419 11:52:14.376667 41895 layer_factory.hpp:77] Creating layer conv2_p
I0419 11:52:14.376699 41895 net.cpp:106] Creating Layer conv2_p
I0419 11:52:14.376725 41895 net.cpp:454] conv2_p <- pool1_p
I0419 11:52:14.376770 41895 net.cpp:411] conv2_p -> conv2_p
I0419 11:52:14.377861 41895 net.cpp:150] Setting up conv2_p
I0419 11:52:14.377903 41895 net.cpp:157] Top shape: 100 50 108 108 (58320000)
I0419 11:52:14.377940 41895 net.cpp:165] Memory required for data: 1645323200
I0419 11:52:14.377964 41895 net.cpp:514] Sharing parameters 'conv2_w' owned by layer 'conv2', param index 0
I0419 11:52:14.378001 41895 net.cpp:514] Sharing parameters 'conv2_b' owned by layer 'conv2', param index 1
I0419 11:52:14.378026 41895 layer_factory.hpp:77] Creating layer pool2_p
I0419 11:52:14.378065 41895 net.cpp:106] Creating Layer pool2_p
I0419 11:52:14.378092 41895 net.cpp:454] pool2_p <- conv2_p
I0419 11:52:14.378119 41895 net.cpp:411] pool2_p -> pool2_p
I0419 11:52:14.378201 41895 net.cpp:150] Setting up pool2_p
I0419 11:52:14.378249 41895 net.cpp:157] Top shape: 100 50 54 54 (14580000)
I0419 11:52:14.378273 41895 net.cpp:165] Memory required for data: 1703643200
I0419 11:52:14.378307 41895 layer_factory.hpp:77] Creating layer ip1_p
I0419 11:52:14.378335 41895 net.cpp:106] Creating Layer ip1_p
I0419 11:52:14.378377 41895 net.cpp:454] ip1_p <- pool2_p
I0419 11:52:14.378407 41895 net.cpp:411] ip1_p -> ip1_p
I0419 11:52:15.038615 41895 net.cpp:150] Setting up ip1_p
I0419 11:52:15.038725 41895 net.cpp:157] Top shape: 100 500 (50000)
I0419 11:52:15.038782 41895 net.cpp:165] Memory required for data: 1703843200
I0419 11:52:15.038811 41895 net.cpp:514] Sharing parameters 'ip1_w' owned by layer 'ip1', param index 0
I0419 11:52:15.038836 41895 net.cpp:514] Sharing parameters 'ip1_b' owned by layer 'ip1', param index 1
I0419 11:52:15.038859 41895 layer_factory.hpp:77] Creating layer relu1_p
I0419 11:52:15.038889 41895 net.cpp:106] Creating Layer relu1_p
I0419 11:52:15.038913 41895 net.cpp:454] relu1_p <- ip1_p
I0419 11:52:15.038941 41895 net.cpp:397] relu1_p -> ip1_p (in-place)
I0419 11:52:15.038976 41895 net.cpp:150] Setting up relu1_p
I0419 11:52:15.039001 41895 net.cpp:157] Top shape: 100 500 (50000)
I0419 11:52:15.039022 41895 net.cpp:165] Memory required for data: 1704043200
I0419 11:52:15.039044 41895 layer_factory.hpp:77] Creating layer ip2_p
I0419 11:52:15.039075 41895 net.cpp:106] Creating Layer ip2_p
I0419 11:52:15.039098 41895 net.cpp:454] ip2_p <- ip1_p
I0419 11:52:15.039142 41895 net.cpp:411] ip2_p -> ip2_p
I0419 11:52:15.039351 41895 net.cpp:150] Setting up ip2_p
I0419 11:52:15.039389 41895 net.cpp:157] Top shape: 100 10 (1000)
I0419 11:52:15.039414 41895 net.cpp:165] Memory required for data: 1704047200
I0419 11:52:15.039448 41895 net.cpp:514] Sharing parameters 'ip2_w' owned by layer 'ip2', param index 0
I0419 11:52:15.039475 41895 net.cpp:514] Sharing parameters 'ip2_b' owned by layer 'ip2', param index 1
I0419 11:52:15.039513 41895 layer_factory.hpp:77] Creating layer feat_p
I0419 11:52:15.039542 41895 net.cpp:106] Creating Layer feat_p
I0419 11:52:15.039579 41895 net.cpp:454] feat_p <- ip2_p
I0419 11:52:15.039608 41895 net.cpp:411] feat_p -> feat_p
I0419 11:52:15.039741 41895 net.cpp:150] Setting up feat_p
I0419 11:52:15.039774 41895 net.cpp:157] Top shape: 100 2 (200)
I0419 11:52:15.039798 41895 net.cpp:165] Memory required for data: 1704048000
I0419 11:52:15.039820 41895 net.cpp:514] Sharing parameters 'feat_w' owned by layer 'feat', param index 0
I0419 11:52:15.039844 41895 net.cpp:514] Sharing parameters 'feat_b' owned by layer 'feat', param index 1
I0419 11:52:15.039867 41895 layer_factory.hpp:77] Creating layer loss
I0419 11:52:15.039969 41895 net.cpp:106] Creating Layer loss
I0419 11:52:15.039994 41895 net.cpp:454] loss <- feat
I0419 11:52:15.040019 41895 net.cpp:454] loss <- feat_p
I0419 11:52:15.040041 41895 net.cpp:454] loss <- sim
I0419 11:52:15.040066 41895 net.cpp:411] loss -> loss
I0419 11:52:15.040184 41895 net.cpp:150] Setting up loss
I0419 11:52:15.040217 41895 net.cpp:157] Top shape: (1)
I0419 11:52:15.040240 41895 net.cpp:160]     with loss weight 1
I0419 11:52:15.040271 41895 net.cpp:165] Memory required for data: 1704048004
I0419 11:52:15.040307 41895 net.cpp:226] loss needs backward computation.
I0419 11:52:15.040330 41895 net.cpp:226] feat_p needs backward computation.
I0419 11:52:15.040352 41895 net.cpp:226] ip2_p needs backward computation.
I0419 11:52:15.040388 41895 net.cpp:226] relu1_p needs backward computation.
I0419 11:52:15.040411 41895 net.cpp:226] ip1_p needs backward computation.
I0419 11:52:15.040433 41895 net.cpp:226] pool2_p needs backward computation.
I0419 11:52:15.040457 41895 net.cpp:226] conv2_p needs backward computation.
I0419 11:52:15.040480 41895 net.cpp:226] pool1_p needs backward computation.
I0419 11:52:15.040503 41895 net.cpp:226] conv1_p needs backward computation.
I0419 11:52:15.040526 41895 net.cpp:226] feat needs backward computation.
I0419 11:52:15.040549 41895 net.cpp:226] ip2 needs backward computation.
I0419 11:52:15.040585 41895 net.cpp:226] relu1 needs backward computation.
I0419 11:52:15.040607 41895 net.cpp:226] ip1 needs backward computation.
I0419 11:52:15.040629 41895 net.cpp:226] pool2 needs backward computation.
I0419 11:52:15.040664 41895 net.cpp:226] conv2 needs backward computation.
I0419 11:52:15.040686 41895 net.cpp:226] pool1 needs backward computation.
I0419 11:52:15.040709 41895 net.cpp:226] conv1 needs backward computation.
I0419 11:52:15.040730 41895 net.cpp:228] data_2 does not need backward computation.
I0419 11:52:15.040753 41895 net.cpp:228] data_1 does not need backward computation.
I0419 11:52:15.040786 41895 net.cpp:270] This network produces output dummy_labels
I0419 11:52:15.040809 41895 net.cpp:270] This network produces output loss
I0419 11:52:15.077755 41895 net.cpp:283] Network initialization done.
I0419 11:52:15.077915 41895 solver.cpp:60] Solver scaffolding done.
I0419 11:52:15.078449 41895 caffe.cpp:219] Starting Optimization
I0419 11:52:15.078493 41895 solver.cpp:280] Solving pirc_siamese_train_test
I0419 11:52:15.078517 41895 solver.cpp:281] Learning Rate Policy: inv
I0419 11:52:15.079785 41895 solver.cpp:338] Iteration 0, Testing net (#0)
I0419 11:52:15.117481 41895 blocking_queue.cpp:50] Data layer prefetch queue empty
I0419 11:52:55.707660 41895 solver.cpp:406]     Test net output #0: dummy_labels = 0.4
I0419 11:52:55.707844 41895 solver.cpp:406]     Test net output #1: dummy_labels = 0.533333
I0419 11:52:55.707876 41895 solver.cpp:406]     Test net output #2: dummy_labels = 0.533333
I0419 11:52:55.707902 41895 solver.cpp:406]     Test net output #3: dummy_labels = 0.55
I0419 11:52:55.707927 41895 solver.cpp:406]     Test net output #4: dummy_labels = 0.466667
I0419 11:52:55.707952 41895 solver.cpp:406]     Test net output #5: dummy_labels = 0.55
I0419 11:52:55.707978 41895 solver.cpp:406]     Test net output #6: dummy_labels = 0.5
I0419 11:52:55.708001 41895 solver.cpp:406]     Test net output #7: dummy_labels = 0.5
I0419 11:52:55.708026 41895 solver.cpp:406]     Test net output #8: dummy_labels = 0.533333
I0419 11:52:55.708050 41895 solver.cpp:406]     Test net output #9: dummy_labels = 0.55
I0419 11:52:55.708076 41895 solver.cpp:406]     Test net output #10: dummy_labels = 0.433333
I0419 11:52:55.708099 41895 solver.cpp:406]     Test net output #11: dummy_labels = 0.433333
I0419 11:52:55.708124 41895 solver.cpp:406]     Test net output #12: dummy_labels = 0.5
I0419 11:52:55.708149 41895 solver.cpp:406]     Test net output #13: dummy_labels = 0.383333
I0419 11:52:55.708192 41895 solver.cpp:406]     Test net output #14: dummy_labels = 0.533333
I0419 11:52:55.708219 41895 solver.cpp:406]     Test net output #15: dummy_labels = 0.616667
I0419 11:52:55.708258 41895 solver.cpp:406]     Test net output #16: dummy_labels = 0.483333
I0419 11:52:55.708287 41895 solver.cpp:406]     Test net output #17: dummy_labels = 0.516667
I0419 11:52:55.708312 41895 solver.cpp:406]     Test net output #18: dummy_labels = 0.516667
I0419 11:52:55.708338 41895 solver.cpp:406]     Test net output #19: dummy_labels = 0.4
I0419 11:52:55.708362 41895 solver.cpp:406]     Test net output #20: dummy_labels = 0.583333
I0419 11:52:55.708387 41895 solver.cpp:406]     Test net output #21: dummy_labels = 0.483333
I0419 11:52:55.708412 41895 solver.cpp:406]     Test net output #22: dummy_labels = 0.433333
I0419 11:52:55.708437 41895 solver.cpp:406]     Test net output #23: dummy_labels = 0.566667
I0419 11:52:55.708462 41895 solver.cpp:406]     Test net output #24: dummy_labels = 0.55
I0419 11:52:55.708500 41895 solver.cpp:406]     Test net output #25: dummy_labels = 0.566667
I0419 11:52:55.708524 41895 solver.cpp:406]     Test net output #26: dummy_labels = 0.483333
I0419 11:52:55.708549 41895 solver.cpp:406]     Test net output #27: dummy_labels = 0.433333
I0419 11:52:55.708573 41895 solver.cpp:406]     Test net output #28: dummy_labels = 0.383333
I0419 11:52:55.708598 41895 solver.cpp:406]     Test net output #29: dummy_labels = 0.516667
I0419 11:52:55.708622 41895 solver.cpp:406]     Test net output #30: dummy_labels = 0.55
I0419 11:52:55.708647 41895 solver.cpp:406]     Test net output #31: dummy_labels = 0.5
I0419 11:52:55.708672 41895 solver.cpp:406]     Test net output #32: dummy_labels = 0.6
I0419 11:52:55.708695 41895 solver.cpp:406]     Test net output #33: dummy_labels = 0.566667
I0419 11:52:55.708719 41895 solver.cpp:406]     Test net output #34: dummy_labels = 0.533333
I0419 11:52:55.708745 41895 solver.cpp:406]     Test net output #35: dummy_labels = 0.366667
I0419 11:52:55.708768 41895 solver.cpp:406]     Test net output #36: dummy_labels = 0.466667
I0419 11:52:55.708792 41895 solver.cpp:406]     Test net output #37: dummy_labels = 0.483333
I0419 11:52:55.708817 41895 solver.cpp:406]     Test net output #38: dummy_labels = 0.433333
I0419 11:52:55.708842 41895 solver.cpp:406]     Test net output #39: dummy_labels = 0.483333
I0419 11:52:55.708866 41895 solver.cpp:406]     Test net output #40: dummy_labels = 0.5
I0419 11:52:55.708890 41895 solver.cpp:406]     Test net output #41: dummy_labels = 0.483333
I0419 11:52:55.708915 41895 solver.cpp:406]     Test net output #42: dummy_labels = 0.516667
I0419 11:52:55.708940 41895 solver.cpp:406]     Test net output #43: dummy_labels = 0.366667
I0419 11:52:55.708963 41895 solver.cpp:406]     Test net output #44: dummy_labels = 0.55
I0419 11:52:55.708988 41895 solver.cpp:406]     Test net output #45: dummy_labels = 0.466667
I0419 11:52:55.709036 41895 solver.cpp:406]     Test net output #46: dummy_labels = 0.466667
I0419 11:52:55.709064 41895 solver.cpp:406]     Test net output #47: dummy_labels = 0.5
I0419 11:52:55.709087 41895 solver.cpp:406]     Test net output #48: dummy_labels = 0.483333
I0419 11:52:55.709112 41895 solver.cpp:406]     Test net output #49: dummy_labels = 0.466667
I0419 11:52:55.709138 41895 solver.cpp:406]     Test net output #50: dummy_labels = 0.416667
I0419 11:52:55.709166 41895 solver.cpp:406]     Test net output #51: dummy_labels = 0.6
I0419 11:52:55.709192 41895 solver.cpp:406]     Test net output #52: dummy_labels = 0.45
I0419 11:52:55.709216 41895 solver.cpp:406]     Test net output #53: dummy_labels = 0.566667
I0419 11:52:55.709240 41895 solver.cpp:406]     Test net output #54: dummy_labels = 0.583333
I0419 11:52:55.709265 41895 solver.cpp:406]     Test net output #55: dummy_labels = 0.566667
I0419 11:52:55.709290 41895 solver.cpp:406]     Test net output #56: dummy_labels = 0.466667
I0419 11:52:55.709314 41895 solver.cpp:406]     Test net output #57: dummy_labels = 0.483333
I0419 11:52:55.709338 41895 solver.cpp:406]     Test net output #58: dummy_labels = 0.433333
I0419 11:52:55.709362 41895 solver.cpp:406]     Test net output #59: dummy_labels = 0.5
I0419 11:52:55.709398 41895 solver.cpp:406]     Test net output #60: dummy_labels = 0.466667
I0419 11:52:55.709424 41895 solver.cpp:406]     Test net output #61: dummy_labels = 0.666667
I0419 11:52:55.709450 41895 solver.cpp:406]     Test net output #62: dummy_labels = 0.383333
I0419 11:52:55.709475 41895 solver.cpp:406]     Test net output #63: dummy_labels = 0.55
I0419 11:52:55.709498 41895 solver.cpp:406]     Test net output #64: dummy_labels = 0.533333
I0419 11:52:55.709523 41895 solver.cpp:406]     Test net output #65: dummy_labels = 0.566667
I0419 11:52:55.709547 41895 solver.cpp:406]     Test net output #66: dummy_labels = 0.533333
I0419 11:52:55.709573 41895 solver.cpp:406]     Test net output #67: dummy_labels = 0.516667
I0419 11:52:55.709596 41895 solver.cpp:406]     Test net output #68: dummy_labels = 0.416667
I0419 11:52:55.709621 41895 solver.cpp:406]     Test net output #69: dummy_labels = 0.566667
I0419 11:52:55.709645 41895 solver.cpp:406]     Test net output #70: dummy_labels = 0.433333
I0419 11:52:55.709669 41895 solver.cpp:406]     Test net output #71: dummy_labels = 0.516667
I0419 11:52:55.709694 41895 solver.cpp:406]     Test net output #72: dummy_labels = 0.566667
I0419 11:52:55.709718 41895 solver.cpp:406]     Test net output #73: dummy_labels = 0.583333
I0419 11:52:55.709743 41895 solver.cpp:406]     Test net output #74: dummy_labels = 0.45
I0419 11:52:55.709769 41895 solver.cpp:406]     Test net output #75: dummy_labels = 0.55
I0419 11:52:55.709792 41895 solver.cpp:406]     Test net output #76: dummy_labels = 0.533333
I0419 11:52:55.709817 41895 solver.cpp:406]     Test net output #77: dummy_labels = 0.55
I0419 11:52:55.709841 41895 solver.cpp:406]     Test net output #78: dummy_labels = 0.483333
I0419 11:52:55.709867 41895 solver.cpp:406]     Test net output #79: dummy_labels = 0.6
I0419 11:52:55.709890 41895 solver.cpp:406]     Test net output #80: dummy_labels = 0.4
I0419 11:52:55.709915 41895 solver.cpp:406]     Test net output #81: dummy_labels = 0.383333
I0419 11:52:55.709939 41895 solver.cpp:406]     Test net output #82: dummy_labels = 0.533333
I0419 11:52:55.709964 41895 solver.cpp:406]     Test net output #83: dummy_labels = 0.55
I0419 11:52:55.709988 41895 solver.cpp:406]     Test net output #84: dummy_labels = 0.45
I0419 11:52:55.710012 41895 solver.cpp:406]     Test net output #85: dummy_labels = 0.4
I0419 11:52:55.710037 41895 solver.cpp:406]     Test net output #86: dummy_labels = 0.6
I0419 11:52:55.710062 41895 solver.cpp:406]     Test net output #87: dummy_labels = 0.516667
I0419 11:52:55.710085 41895 solver.cpp:406]     Test net output #88: dummy_labels = 0.6
I0419 11:52:55.710110 41895 solver.cpp:406]     Test net output #89: dummy_labels = 0.433333
I0419 11:52:55.710134 41895 solver.cpp:406]     Test net output #90: dummy_labels = 0.483333
I0419 11:52:55.710201 41895 solver.cpp:406]     Test net output #91: dummy_labels = 0.45
I0419 11:52:55.710228 41895 solver.cpp:406]     Test net output #92: dummy_labels = 0.55
I0419 11:52:55.710253 41895 solver.cpp:406]     Test net output #93: dummy_labels = 0.466667
I0419 11:52:55.710278 41895 solver.cpp:406]     Test net output #94: dummy_labels = 0.45
I0419 11:52:55.710302 41895 solver.cpp:406]     Test net output #95: dummy_labels = 0.433333
I0419 11:52:55.710326 41895 solver.cpp:406]     Test net output #96: dummy_labels = 0.45
I0419 11:52:55.710350 41895 solver.cpp:406]     Test net output #97: dummy_labels = 0.533333
I0419 11:52:55.710376 41895 solver.cpp:406]     Test net output #98: dummy_labels = 0.383333
I0419 11:52:55.710399 41895 solver.cpp:406]     Test net output #99: dummy_labels = 0.683333
I0419 11:52:55.710429 41895 solver.cpp:406]     Test net output #100: loss = 271.672 (* 1 = 271.672 loss)
I0419 11:52:56.733404 41895 solver.cpp:229] Iteration 0, loss = 405.992
I0419 11:52:57.175534 41895 solver.cpp:245]     Train net output #0: dummy_labels = 1
I0419 11:52:57.175616 41895 solver.cpp:245]     Train net output #1: dummy_labels = 1
I0419 11:52:57.175650 41895 solver.cpp:245]     Train net output #2: dummy_labels = 1
I0419 11:52:57.175678 41895 solver.cpp:245]     Train net output #3: dummy_labels = 0
I0419 11:52:57.175729 41895 solver.cpp:245]     Train net output #4: dummy_labels = 0
I0419 11:52:57.175760 41895 solver.cpp:245]     Train net output #5: dummy_labels = 0
I0419 11:52:57.175786 41895 solver.cpp:245]     Train net output #6: dummy_labels = 0
I0419 11:52:57.175825 41895 solver.cpp:245]     Train net output #7: dummy_labels = 0
I0419 11:52:57.175853 41895 solver.cpp:245]     Train net output #8: dummy_labels = 1
I0419 11:52:57.175889 41895 solver.cpp:245]     Train net output #9: dummy_labels = 1
I0419 11:52:57.175915 41895 solver.cpp:245]     Train net output #10: dummy_labels = 1
I0419 11:52:57.175952 41895 solver.cpp:245]     Train net output #11: dummy_labels = 1
I0419 11:52:57.175978 41895 solver.cpp:245]     Train net output #12: dummy_labels = 0
I0419 11:52:57.176004 41895 solver.cpp:245]     Train net output #13: dummy_labels = 0
I0419 11:52:57.176030 41895 solver.cpp:245]     Train net output #14: dummy_labels = 0
I0419 11:52:57.176056 41895 solver.cpp:245]     Train net output #15: dummy_labels = 1
I0419 11:52:57.176117 41895 solver.cpp:245]     Train net output #16: dummy_labels = 0
I0419 11:52:57.176146 41895 solver.cpp:245]     Train net output #17: dummy_labels = 0
I0419 11:52:57.176177 41895 solver.cpp:245]     Train net output #18: dummy_labels = 0
I0419 11:52:57.176205 41895 solver.cpp:245]     Train net output #19: dummy_labels = 1
I0419 11:52:57.176234 41895 solver.cpp:245]     Train net output #20: dummy_labels = 0
I0419 11:52:57.176259 41895 solver.cpp:245]     Train net output #21: dummy_labels = 1
I0419 11:52:57.176286 41895 solver.cpp:245]     Train net output #22: dummy_labels = 1
I0419 11:52:57.176313 41895 solver.cpp:245]     Train net output #23: dummy_labels = 1
I0419 11:52:57.176340 41895 solver.cpp:245]     Train net output #24: dummy_labels = 0
I0419 11:52:57.176367 41895 solver.cpp:245]     Train net output #25: dummy_labels = 1
I0419 11:52:57.176394 41895 solver.cpp:245]     Train net output #26: dummy_labels = 1
I0419 11:52:57.176421 41895 solver.cpp:245]     Train net output #27: dummy_labels = 0
I0419 11:52:57.176448 41895 solver.cpp:245]     Train net output #28: dummy_labels = 1
I0419 11:52:57.176476 41895 solver.cpp:245]     Train net output #29: dummy_labels = 0
I0419 11:52:57.176504 41895 solver.cpp:245]     Train net output #30: dummy_labels = 0
I0419 11:52:57.176532 41895 solver.cpp:245]     Train net output #31: dummy_labels = 1
I0419 11:52:57.176558 41895 solver.cpp:245]     Train net output #32: dummy_labels = 1
I0419 11:52:57.176586 41895 solver.cpp:245]     Train net output #33: dummy_labels = 1
I0419 11:52:57.176623 41895 solver.cpp:245]     Train net output #34: dummy_labels = 1
I0419 11:52:57.176651 41895 solver.cpp:245]     Train net output #35: dummy_labels = 1
I0419 11:52:57.176726 41895 solver.cpp:245]     Train net output #36: dummy_labels = 1
I0419 11:52:57.176756 41895 solver.cpp:245]     Train net output #37: dummy_labels = 1
I0419 11:52:57.176784 41895 solver.cpp:245]     Train net output #38: dummy_labels = 1
I0419 11:52:57.176810 41895 solver.cpp:245]     Train net output #39: dummy_labels = 0
I0419 11:52:57.176836 41895 solver.cpp:245]     Train net output #40: dummy_labels = 1
I0419 11:52:57.176863 41895 solver.cpp:245]     Train net output #41: dummy_labels = 1
I0419 11:52:57.176889 41895 solver.cpp:245]     Train net output #42: dummy_labels = 1
I0419 11:52:57.176916 41895 solver.cpp:245]     Train net output #43: dummy_labels = 1
I0419 11:52:57.176955 41895 solver.cpp:245]     Train net output #44: dummy_labels = 1
I0419 11:52:57.176981 41895 solver.cpp:245]     Train net output #45: dummy_labels = 0
I0419 11:52:57.177006 41895 solver.cpp:245]     Train net output #46: dummy_labels = 1
I0419 11:52:57.177032 41895 solver.cpp:245]     Train net output #47: dummy_labels = 1
I0419 11:52:57.177058 41895 solver.cpp:245]     Train net output #48: dummy_labels = 0
I0419 11:52:57.177084 41895 solver.cpp:245]     Train net output #49: dummy_labels = 1
I0419 11:52:57.177110 41895 solver.cpp:245]     Train net output #50: dummy_labels = 0
I0419 11:52:57.177147 41895 solver.cpp:245]     Train net output #51: dummy_labels = 0
I0419 11:52:57.177193 41895 solver.cpp:245]     Train net output #52: dummy_labels = 0
I0419 11:52:57.177222 41895 solver.cpp:245]     Train net output #53: dummy_labels = 1
I0419 11:52:57.177248 41895 solver.cpp:245]     Train net output #54: dummy_labels = 1
I0419 11:52:57.177278 41895 solver.cpp:245]     Train net output #55: dummy_labels = 1
I0419 11:52:57.177305 41895 solver.cpp:245]     Train net output #56: dummy_labels = 1
I0419 11:52:57.177331 41895 solver.cpp:245]     Train net output #57: dummy_labels = 0
I0419 11:52:57.177358 41895 solver.cpp:245]     Train net output #58: dummy_labels = 1
I0419 11:52:57.177386 41895 solver.cpp:245]     Train net output #59: dummy_labels = 1
I0419 11:52:57.177412 41895 solver.cpp:245]     Train net output #60: dummy_labels = 0
I0419 11:52:57.177440 41895 solver.cpp:245]     Train net output #61: dummy_labels = 1
I0419 11:52:57.177469 41895 solver.cpp:245]     Train net output #62: dummy_labels = 1
I0419 11:52:57.177495 41895 solver.cpp:245]     Train net output #63: dummy_labels = 0
I0419 11:52:57.177522 41895 solver.cpp:245]     Train net output #64: dummy_labels = 1
I0419 11:52:57.177549 41895 solver.cpp:245]     Train net output #65: dummy_labels = 0
I0419 11:52:57.177575 41895 solver.cpp:245]     Train net output #66: dummy_labels = 1
I0419 11:52:57.177603 41895 solver.cpp:245]     Train net output #67: dummy_labels = 0
I0419 11:52:57.177629 41895 solver.cpp:245]     Train net output #68: dummy_labels = 1
I0419 11:52:57.177655 41895 solver.cpp:245]     Train net output #69: dummy_labels = 0
I0419 11:52:57.177682 41895 solver.cpp:245]     Train net output #70: dummy_labels = 1
I0419 11:52:57.177709 41895 solver.cpp:245]     Train net output #71: dummy_labels = 0
I0419 11:52:57.177736 41895 solver.cpp:245]     Train net output #72: dummy_labels = 1
I0419 11:52:57.177762 41895 solver.cpp:245]     Train net output #73: dummy_labels = 1
I0419 11:52:57.177788 41895 solver.cpp:245]     Train net output #74: dummy_labels = 1
I0419 11:52:57.177815 41895 solver.cpp:245]     Train net output #75: dummy_labels = 0
I0419 11:52:57.177842 41895 solver.cpp:245]     Train net output #76: dummy_labels = 0
I0419 11:52:57.177870 41895 solver.cpp:245]     Train net output #77: dummy_labels = 0
I0419 11:52:57.177896 41895 solver.cpp:245]     Train net output #78: dummy_labels = 0
I0419 11:52:57.177922 41895 solver.cpp:245]     Train net output #79: dummy_labels = 1
I0419 11:52:57.177948 41895 solver.cpp:245]     Train net output #80: dummy_labels = 1
I0419 11:52:57.177975 41895 solver.cpp:245]     Train net output #81: dummy_labels = 0
I0419 11:52:57.178002 41895 solver.cpp:245]     Train net output #82: dummy_labels = 1
I0419 11:52:57.178047 41895 solver.cpp:245]     Train net output #83: dummy_labels = 0
I0419 11:52:57.178076 41895 solver.cpp:245]     Train net output #84: dummy_labels = 1
I0419 11:52:57.178102 41895 solver.cpp:245]     Train net output #85: dummy_labels = 1
I0419 11:52:57.178129 41895 solver.cpp:245]     Train net output #86: dummy_labels = 1
I0419 11:52:57.178156 41895 solver.cpp:245]     Train net output #87: dummy_labels = 0
I0419 11:52:57.178189 41895 solver.cpp:245]     Train net output #88: dummy_labels = 1
I0419 11:52:57.178216 41895 solver.cpp:245]     Train net output #89: dummy_labels = 0
I0419 11:52:57.178242 41895 solver.cpp:245]     Train net output #90: dummy_labels = 0
I0419 11:52:57.178269 41895 solver.cpp:245]     Train net output #91: dummy_labels = 0
I0419 11:52:57.178297 41895 solver.cpp:245]     Train net output #92: dummy_labels = 0
I0419 11:52:57.178323 41895 solver.cpp:245]     Train net output #93: dummy_labels = 0
I0419 11:52:57.178349 41895 solver.cpp:245]     Train net output #94: dummy_labels = 0
I0419 11:52:57.178375 41895 solver.cpp:245]     Train net output #95: dummy_labels = 0
I0419 11:52:57.178402 41895 solver.cpp:245]     Train net output #96: dummy_labels = 1
I0419 11:52:57.178428 41895 solver.cpp:245]     Train net output #97: dummy_labels = 0
I0419 11:52:57.178468 41895 solver.cpp:245]     Train net output #98: dummy_labels = 1
I0419 11:52:57.178496 41895 solver.cpp:245]     Train net output #99: dummy_labels = 0
I0419 11:52:57.178530 41895 solver.cpp:245]     Train net output #100: loss = 405.992 (* 1 = 405.992 loss)
I0419 11:52:57.178622 41895 sgd_solver.cpp:106] Iteration 0, lr = 1e-07
I0419 11:55:21.054916 41895 solver.cpp:229] Iteration 100, loss = nan
I0419 11:55:21.495542 41895 solver.cpp:245]     Train net output #0: dummy_labels = 0
I0419 11:55:21.495580 41895 solver.cpp:245]     Train net output #1: dummy_labels = 1
I0419 11:55:21.495606 41895 solver.cpp:245]     Train net output #2: dummy_labels = 1
I0419 11:55:21.495630 41895 solver.cpp:245]     Train net output #3: dummy_labels = 0
I0419 11:55:21.495653 41895 solver.cpp:245]     Train net output #4: dummy_labels = 0
I0419 11:55:21.495676 41895 solver.cpp:245]     Train net output #5: dummy_labels = 0
I0419 11:55:21.495700 41895 solver.cpp:245]     Train net output #6: dummy_labels = 1
I0419 11:55:21.495723 41895 solver.cpp:245]     Train net output #7: dummy_labels = 1
I0419 11:55:21.495748 41895 solver.cpp:245]     Train net output #8: dummy_labels = 1
I0419 11:55:21.495770 41895 solver.cpp:245]     Train net output #9: dummy_labels = 1
I0419 11:55:21.495795 41895 solver.cpp:245]     Train net output #10: dummy_labels = 1
I0419 11:55:21.495817 41895 solver.cpp:245]     Train net output #11: dummy_labels = 1
I0419 11:55:21.495841 41895 solver.cpp:245]     Train net output #12: dummy_labels = 1
I0419 11:55:21.495864 41895 solver.cpp:245]     Train net output #13: dummy_labels = 1
I0419 11:55:21.495887 41895 solver.cpp:245]     Train net output #14: dummy_labels = 1
I0419 11:55:21.495910 41895 solver.cpp:245]     Train net output #15: dummy_labels = 0
I0419 11:55:21.495934 41895 solver.cpp:245]     Train net output #16: dummy_labels = 0
I0419 11:55:21.495956 41895 solver.cpp:245]     Train net output #17: dummy_labels = 1
I0419 11:55:21.495980 41895 solver.cpp:245]     Train net output #18: dummy_labels = 0
I0419 11:55:21.496002 41895 solver.cpp:245]     Train net output #19: dummy_labels = 1
I0419 11:55:21.496026 41895 solver.cpp:245]     Train net output #20: dummy_labels = 1
I0419 11:55:21.496048 41895 solver.cpp:245]     Train net output #21: dummy_labels = 0
I0419 11:55:21.496073 41895 solver.cpp:245]     Train net output #22: dummy_labels = 1
I0419 11:55:21.496095 41895 solver.cpp:245]     Train net output #23: dummy_labels = 0
I0419 11:55:21.496119 41895 solver.cpp:245]     Train net output #24: dummy_labels = 0
I0419 11:55:21.496141 41895 solver.cpp:245]     Train net output #25: dummy_labels = 1
I0419 11:55:21.496165 41895 solver.cpp:245]     Train net output #26: dummy_labels = 0
I0419 11:55:21.496192 41895 solver.cpp:245]     Train net output #27: dummy_labels = 1
I0419 11:55:21.496217 41895 solver.cpp:245]     Train net output #28: dummy_labels = 0
I0419 11:55:21.496239 41895 solver.cpp:245]     Train net output #29: dummy_labels = 1
I0419 11:55:21.496263 41895 solver.cpp:245]     Train net output #30: dummy_labels = 0
I0419 11:55:21.496286 41895 solver.cpp:245]     Train net output #31: dummy_labels = 0
I0419 11:55:21.496309 41895 solver.cpp:245]     Train net output #32: dummy_labels = 1
I0419 11:55:21.496332 41895 solver.cpp:245]     Train net output #33: dummy_labels = 1
I0419 11:55:21.496356 41895 solver.cpp:245]     Train net output #34: dummy_labels = 0
I0419 11:55:21.496378 41895 solver.cpp:245]     Train net output #35: dummy_labels = 0
I0419 11:55:21.496402 41895 solver.cpp:245]     Train net output #36: dummy_labels = 1
I0419 11:55:21.496424 41895 solver.cpp:245]     Train net output #37: dummy_labels = 0
I0419 11:55:21.496448 41895 solver.cpp:245]     Train net output #38: dummy_labels = 1
I0419 11:55:21.496471 41895 solver.cpp:245]     Train net output #39: dummy_labels = 0
I0419 11:55:21.496495 41895 solver.cpp:245]     Train net output #40: dummy_labels = 0
I0419 11:55:21.496517 41895 solver.cpp:245]     Train net output #41: dummy_labels = 0
I0419 11:55:21.496553 41895 solver.cpp:245]     Train net output #42: dummy_labels = 1
I0419 11:55:21.496578 41895 solver.cpp:245]     Train net output #43: dummy_labels = 1
I0419 11:55:21.496603 41895 solver.cpp:245]     Train net output #44: dummy_labels = 1
I0419 11:55:21.496625 41895 solver.cpp:245]     Train net output #45: dummy_labels = 1
I0419 11:55:21.496649 41895 solver.cpp:245]     Train net output #46: dummy_labels = 1
I0419 11:55:21.496672 41895 solver.cpp:245]     Train net output #47: dummy_labels = 1
I0419 11:55:21.496711 41895 solver.cpp:245]     Train net output #48: dummy_labels = 1
I0419 11:55:21.496737 41895 solver.cpp:245]     Train net output #49: dummy_labels = 0
I0419 11:55:21.496760 41895 solver.cpp:245]     Train net output #50: dummy_labels = 0
I0419 11:55:21.496783 41895 solver.cpp:245]     Train net output #51: dummy_labels = 1
I0419 11:55:21.496806 41895 solver.cpp:245]     Train net output #52: dummy_labels = 1
I0419 11:55:21.496829 41895 solver.cpp:245]     Train net output #53: dummy_labels = 0
I0419 11:55:21.496852 41895 solver.cpp:245]     Train net output #54: dummy_labels = 0
I0419 11:55:21.496876 41895 solver.cpp:245]     Train net output #55: dummy_labels = 0
I0419 11:55:21.496898 41895 solver.cpp:245]     Train net output #56: dummy_labels = 0
I0419 11:55:21.496922 41895 solver.cpp:245]     Train net output #57: dummy_labels = 1
I0419 11:55:21.496944 41895 solver.cpp:245]     Train net output #58: dummy_labels = 1
I0419 11:55:21.496968 41895 solver.cpp:245]     Train net output #59: dummy_labels = 1
I0419 11:55:21.496991 41895 solver.cpp:245]     Train net output #60: dummy_labels = 1
I0419 11:55:21.497014 41895 solver.cpp:245]     Train net output #61: dummy_labels = 0
I0419 11:55:21.497037 41895 solver.cpp:245]     Train net output #62: dummy_labels = 0
I0419 11:55:21.497061 41895 solver.cpp:245]     Train net output #63: dummy_labels = 0
I0419 11:55:21.497083 41895 solver.cpp:245]     Train net output #64: dummy_labels = 1
I0419 11:55:21.497107 41895 solver.cpp:245]     Train net output #65: dummy_labels = 1
I0419 11:55:21.497129 41895 solver.cpp:245]     Train net output #66: dummy_labels = 0
I0419 11:55:21.497153 41895 solver.cpp:245]     Train net output #67: dummy_labels = 0
I0419 11:55:21.497180 41895 solver.cpp:245]     Train net output #68: dummy_labels = 1
I0419 11:55:21.497205 41895 solver.cpp:245]     Train net output #69: dummy_labels = 1
I0419 11:55:21.497227 41895 solver.cpp:245]     Train net output #70: dummy_labels = 0
I0419 11:55:21.497251 41895 solver.cpp:245]     Train net output #71: dummy_labels = 0
I0419 11:55:21.497273 41895 solver.cpp:245]     Train net output #72: dummy_labels = 1
I0419 11:55:21.497297 41895 solver.cpp:245]     Train net output #73: dummy_labels = 1
I0419 11:55:21.497319 41895 solver.cpp:245]     Train net output #74: dummy_labels = 0
I0419 11:55:21.497344 41895 solver.cpp:245]     Train net output #75: dummy_labels = 1
I0419 11:55:21.497366 41895 solver.cpp:245]     Train net output #76: dummy_labels = 0
I0419 11:55:21.497390 41895 solver.cpp:245]     Train net output #77: dummy_labels = 1
I0419 11:55:21.497412 41895 solver.cpp:245]     Train net output #78: dummy_labels = 0
I0419 11:55:21.497436 41895 solver.cpp:245]     Train net output #79: dummy_labels = 0
I0419 11:55:21.497458 41895 solver.cpp:245]     Train net output #80: dummy_labels = 1
I0419 11:55:21.497481 41895 solver.cpp:245]     Train net output #81: dummy_labels = 0
I0419 11:55:21.497504 41895 solver.cpp:245]     Train net output #82: dummy_labels = 1
I0419 11:55:21.497527 41895 solver.cpp:245]     Train net output #83: dummy_labels = 1
I0419 11:55:21.497551 41895 solver.cpp:245]     Train net output #84: dummy_labels = 0
I0419 11:55:21.497575 41895 solver.cpp:245]     Train net output #85: dummy_labels = 1
I0419 11:55:21.497597 41895 solver.cpp:245]     Train net output #86: dummy_labels = 0
I0419 11:55:21.497620 41895 solver.cpp:245]     Train net output #87: dummy_labels = 0
I0419 11:55:21.497643 41895 solver.cpp:245]     Train net output #88: dummy_labels = 0
I0419 11:55:21.497676 41895 solver.cpp:245]     Train net output #89: dummy_labels = 1
I0419 11:55:21.497702 41895 solver.cpp:245]     Train net output #90: dummy_labels = 1
I0419 11:55:21.497725 41895 solver.cpp:245]     Train net output #91: dummy_labels = 1
I0419 11:55:21.497748 41895 solver.cpp:245]     Train net output #92: dummy_labels = 0
I0419 11:55:21.497771 41895 solver.cpp:245]     Train net output #93: dummy_labels = 0
I0419 11:55:21.497793 41895 solver.cpp:245]     Train net output #94: dummy_labels = 1
I0419 11:55:21.497830 41895 solver.cpp:245]     Train net output #95: dummy_labels = 0
I0419 11:55:21.497855 41895 solver.cpp:245]     Train net output #96: dummy_labels = 1
I0419 11:55:21.497879 41895 solver.cpp:245]     Train net output #97: dummy_labels = 0
I0419 11:55:21.497901 41895 solver.cpp:245]     Train net output #98: dummy_labels = 1
I0419 11:55:21.497923 41895 solver.cpp:245]     Train net output #99: dummy_labels = 1
I0419 11:55:21.497951 41895 solver.cpp:245]     Train net output #100: loss = nan (* 1 = nan loss)
I0419 11:55:21.497978 41895 sgd_solver.cpp:106] Iteration 100, lr = 9.92565e-08
I0419 11:57:45.182356 41895 solver.cpp:229] Iteration 200, loss = nan
I0419 11:57:45.622990 41895 solver.cpp:245]     Train net output #0: dummy_labels = 0
I0419 11:57:45.623029 41895 solver.cpp:245]     Train net output #1: dummy_labels = 1
I0419 11:57:45.623055 41895 solver.cpp:245]     Train net output #2: dummy_labels = 0
I0419 11:57:45.623080 41895 solver.cpp:245]     Train net output #3: dummy_labels = 1
I0419 11:57:45.623102 41895 solver.cpp:245]     Train net output #4: dummy_labels = 1
I0419 11:57:45.623126 41895 solver.cpp:245]     Train net output #5: dummy_labels = 0
I0419 11:57:45.623149 41895 solver.cpp:245]     Train net output #6: dummy_labels = 0
I0419 11:57:45.623175 41895 solver.cpp:245]     Train net output #7: dummy_labels = 1
I0419 11:57:45.623200 41895 solver.cpp:245]     Train net output #8: dummy_labels = 1
I0419 11:57:45.623224 41895 solver.cpp:245]     Train net output #9: dummy_labels = 1
I0419 11:57:45.623247 41895 solver.cpp:245]     Train net output #10: dummy_labels = 0
I0419 11:57:45.623271 41895 solver.cpp:245]     Train net output #11: dummy_labels = 1
I0419 11:57:45.623294 41895 solver.cpp:245]     Train net output #12: dummy_labels = 0
I0419 11:57:45.623317 41895 solver.cpp:245]     Train net output #13: dummy_labels = 0
I0419 11:57:45.623340 41895 solver.cpp:245]     Train net output #14: dummy_labels = 1
I0419 11:57:45.623364 41895 solver.cpp:245]     Train net output #15: dummy_labels = 1
I0419 11:57:45.623388 41895 solver.cpp:245]     Train net output #16: dummy_labels = 1
I0419 11:57:45.623410 41895 solver.cpp:245]     Train net output #17: dummy_labels = 1
I0419 11:57:45.623433 41895 solver.cpp:245]     Train net output #18: dummy_labels = 1
I0419 11:57:45.623457 41895 solver.cpp:245]     Train net output #19: dummy_labels = 1
I0419 11:57:45.623481 41895 solver.cpp:245]     Train net output #20: dummy_labels = 0
I0419 11:57:45.623503 41895 solver.cpp:245]     Train net output #21: dummy_labels = 0
I0419 11:57:45.623528 41895 solver.cpp:245]     Train net output #22: dummy_labels = 0
I0419 11:57:45.623550 41895 solver.cpp:245]     Train net output #23: dummy_labels = 0
I0419 11:57:45.623574 41895 solver.cpp:245]     Train net output #24: dummy_labels = 1
I0419 11:57:45.623597 41895 solver.cpp:245]     Train net output #25: dummy_labels = 1
I0419 11:57:45.623620 41895 solver.cpp:245]     Train net output #26: dummy_labels = 1
I0419 11:57:45.623643 41895 solver.cpp:245]     Train net output #27: dummy_labels = 1
I0419 11:57:45.623667 41895 solver.cpp:245]     Train net output #28: dummy_labels = 0
I0419 11:57:45.623690 41895 solver.cpp:245]     Train net output #29: dummy_labels = 1
I0419 11:57:45.623713 41895 solver.cpp:245]     Train net output #30: dummy_labels = 1
I0419 11:57:45.623736 41895 solver.cpp:245]     Train net output #31: dummy_labels = 0
I0419 11:57:45.623759 41895 solver.cpp:245]     Train net output #32: dummy_labels = 1
I0419 11:57:45.623782 41895 solver.cpp:245]     Train net output #33: dummy_labels = 1
I0419 11:57:45.623818 41895 solver.cpp:245]     Train net output #34: dummy_labels = 0
I0419 11:57:45.623844 41895 solver.cpp:245]     Train net output #35: dummy_labels = 1
I0419 11:57:45.623868 41895 solver.cpp:245]     Train net output #36: dummy_labels = 0
I0419 11:57:45.623891 41895 solver.cpp:245]     Train net output #37: dummy_labels = 0
I0419 11:57:45.623914 41895 solver.cpp:245]     Train net output #38: dummy_labels = 1
I0419 11:57:45.623937 41895 solver.cpp:245]     Train net output #39: dummy_labels = 0
I0419 11:57:45.623960 41895 solver.cpp:245]     Train net output #40: dummy_labels = 0
I0419 11:57:45.623983 41895 solver.cpp:245]     Train net output #41: dummy_labels = 0
I0419 11:57:45.624007 41895 solver.cpp:245]     Train net output #42: dummy_labels = 0
I0419 11:57:45.624030 41895 solver.cpp:245]     Train net output #43: dummy_labels = 1
I0419 11:57:45.624053 41895 solver.cpp:245]     Train net output #44: dummy_labels = 0
I0419 11:57:45.624076 41895 solver.cpp:245]     Train net output #45: dummy_labels = 0
I0419 11:57:45.624099 41895 solver.cpp:245]     Train net output #46: dummy_labels = 1
I0419 11:57:45.624122 41895 solver.cpp:245]     Train net output #47: dummy_labels = 1
I0419 11:57:45.624171 41895 solver.cpp:245]     Train net output #48: dummy_labels = 1
I0419 11:57:45.624198 41895 solver.cpp:245]     Train net output #49: dummy_labels = 1
I0419 11:57:45.624222 41895 solver.cpp:245]     Train net output #50: dummy_labels = 1
I0419 11:57:45.624245 41895 solver.cpp:245]     Train net output #51: dummy_labels = 1
I0419 11:57:45.624269 41895 solver.cpp:245]     Train net output #52: dummy_labels = 0
I0419 11:57:45.624292 41895 solver.cpp:245]     Train net output #53: dummy_labels = 0
I0419 11:57:45.624315 41895 solver.cpp:245]     Train net output #54: dummy_labels = 0
I0419 11:57:45.624338 41895 solver.cpp:245]     Train net output #55: dummy_labels = 0
I0419 11:57:45.624361 41895 solver.cpp:245]     Train net output #56: dummy_labels = 0
I0419 11:57:45.624384 41895 solver.cpp:245]     Train net output #57: dummy_labels = 1
I0419 11:57:45.624408 41895 solver.cpp:245]     Train net output #58: dummy_labels = 0
I0419 11:57:45.624430 41895 solver.cpp:245]     Train net output #59: dummy_labels = 1
I0419 11:57:45.624454 41895 solver.cpp:245]     Train net output #60: dummy_labels = 1
I0419 11:57:45.624476 41895 solver.cpp:245]     Train net output #61: dummy_labels = 1
I0419 11:57:45.624500 41895 solver.cpp:245]     Train net output #62: dummy_labels = 0
I0419 11:57:45.624522 41895 solver.cpp:245]     Train net output #63: dummy_labels = 1
I0419 11:57:45.624546 41895 solver.cpp:245]     Train net output #64: dummy_labels = 0
I0419 11:57:45.624568 41895 solver.cpp:245]     Train net output #65: dummy_labels = 0
I0419 11:57:45.624591 41895 solver.cpp:245]     Train net output #66: dummy_labels = 0
I0419 11:57:45.624614 41895 solver.cpp:245]     Train net output #67: dummy_labels = 1
I0419 11:57:45.624637 41895 solver.cpp:245]     Train net output #68: dummy_labels = 1
I0419 11:57:45.624660 41895 solver.cpp:245]     Train net output #69: dummy_labels = 1
I0419 11:57:45.624683 41895 solver.cpp:245]     Train net output #70: dummy_labels = 0
I0419 11:57:45.624706 41895 solver.cpp:245]     Train net output #71: dummy_labels = 1
I0419 11:57:45.624729 41895 solver.cpp:245]     Train net output #72: dummy_labels = 1
I0419 11:57:45.624752 41895 solver.cpp:245]     Train net output #73: dummy_labels = 0
I0419 11:57:45.624775 41895 solver.cpp:245]     Train net output #74: dummy_labels = 0
I0419 11:57:45.624799 41895 solver.cpp:245]     Train net output #75: dummy_labels = 1
I0419 11:57:45.624821 41895 solver.cpp:245]     Train net output #76: dummy_labels = 1
I0419 11:57:45.624845 41895 solver.cpp:245]     Train net output #77: dummy_labels = 1
I0419 11:57:45.624867 41895 solver.cpp:245]     Train net output #78: dummy_labels = 0
I0419 11:57:45.624891 41895 solver.cpp:245]     Train net output #79: dummy_labels = 1
I0419 11:57:45.624913 41895 solver.cpp:245]     Train net output #80: dummy_labels = 1
I0419 11:57:45.624948 41895 solver.cpp:245]     Train net output #81: dummy_labels = 1
I0419 11:57:45.624972 41895 solver.cpp:245]     Train net output #82: dummy_labels = 0
I0419 11:57:45.624995 41895 solver.cpp:245]     Train net output #83: dummy_labels = 1
I0419 11:57:45.625018 41895 solver.cpp:245]     Train net output #84: dummy_labels = 1
I0419 11:57:45.625042 41895 solver.cpp:245]     Train net output #85: dummy_labels = 1
I0419 11:57:45.625066 41895 solver.cpp:245]     Train net output #86: dummy_labels = 0
I0419 11:57:45.625088 41895 solver.cpp:245]     Train net output #87: dummy_labels = 1
I0419 11:57:45.625111 41895 solver.cpp:245]     Train net output #88: dummy_labels = 1
I0419 11:57:45.625134 41895 solver.cpp:245]     Train net output #89: dummy_labels = 0
I0419 11:57:45.625157 41895 solver.cpp:245]     Train net output #90: dummy_labels = 1
I0419 11:57:45.625185 41895 solver.cpp:245]     Train net output #91: dummy_labels = 1
I0419 11:57:45.625210 41895 solver.cpp:245]     Train net output #92: dummy_labels = 1
I0419 11:57:45.625232 41895 solver.cpp:245]     Train net output #93: dummy_labels = 0
I0419 11:57:45.625255 41895 solver.cpp:245]     Train net output #94: dummy_labels = 1
I0419 11:57:45.625293 41895 solver.cpp:245]     Train net output #95: dummy_labels = 0
I0419 11:57:45.625316 41895 solver.cpp:245]     Train net output #96: dummy_labels = 0
I0419 11:57:45.625340 41895 solver.cpp:245]     Train net output #97: dummy_labels = 1
I0419 11:57:45.625363 41895 solver.cpp:245]     Train net output #98: dummy_labels = 1
I0419 11:57:45.625386 41895 solver.cpp:245]     Train net output #99: dummy_labels = 1
I0419 11:57:45.625413 41895 solver.cpp:245]     Train net output #100: loss = nan (* 1 = nan loss)
I0419 11:57:45.625440 41895 sgd_solver.cpp:106] Iteration 200, lr = 9.85258e-08
I0419 12:00:09.276728 41895 solver.cpp:229] Iteration 300, loss = nan
I0419 12:00:09.717494 41895 solver.cpp:245]     Train net output #0: dummy_labels = 1
I0419 12:00:09.717532 41895 solver.cpp:245]     Train net output #1: dummy_labels = 1
I0419 12:00:09.717558 41895 solver.cpp:245]     Train net output #2: dummy_labels = 0
I0419 12:00:09.717582 41895 solver.cpp:245]     Train net output #3: dummy_labels = 1
I0419 12:00:09.717607 41895 solver.cpp:245]     Train net output #4: dummy_labels = 0
I0419 12:00:09.717630 41895 solver.cpp:245]     Train net output #5: dummy_labels = 0
I0419 12:00:09.717653 41895 solver.cpp:245]     Train net output #6: dummy_labels = 1
I0419 12:00:09.717677 41895 solver.cpp:245]     Train net output #7: dummy_labels = 1
I0419 12:00:09.717700 41895 solver.cpp:245]     Train net output #8: dummy_labels = 1
I0419 12:00:09.717725 41895 solver.cpp:245]     Train net output #9: dummy_labels = 1
I0419 12:00:09.717747 41895 solver.cpp:245]     Train net output #10: dummy_labels = 1
I0419 12:00:09.717770 41895 solver.cpp:245]     Train net output #11: dummy_labels = 1
I0419 12:00:09.717794 41895 solver.cpp:245]     Train net output #12: dummy_labels = 1
I0419 12:00:09.717818 41895 solver.cpp:245]     Train net output #13: dummy_labels = 0
I0419 12:00:09.717841 41895 solver.cpp:245]     Train net output #14: dummy_labels = 0
I0419 12:00:09.717864 41895 solver.cpp:245]     Train net output #15: dummy_labels = 0
I0419 12:00:09.717888 41895 solver.cpp:245]     Train net output #16: dummy_labels = 1
I0419 12:00:09.717911 41895 solver.cpp:245]     Train net output #17: dummy_labels = 0
I0419 12:00:09.717936 41895 solver.cpp:245]     Train net output #18: dummy_labels = 0
I0419 12:00:09.717958 41895 solver.cpp:245]     Train net output #19: dummy_labels = 0
I0419 12:00:09.717981 41895 solver.cpp:245]     Train net output #20: dummy_labels = 1
I0419 12:00:09.718005 41895 solver.cpp:245]     Train net output #21: dummy_labels = 1
I0419 12:00:09.718029 41895 solver.cpp:245]     Train net output #22: dummy_labels = 0
I0419 12:00:09.718052 41895 solver.cpp:245]     Train net output #23: dummy_labels = 0
I0419 12:00:09.718075 41895 solver.cpp:245]     Train net output #24: dummy_labels = 1
I0419 12:00:09.718112 41895 solver.cpp:245]     Train net output #25: dummy_labels = 1
I0419 12:00:09.718138 41895 solver.cpp:245]     Train net output #26: dummy_labels = 1
I0419 12:00:09.718161 41895 solver.cpp:245]     Train net output #27: dummy_labels = 1
I0419 12:00:09.718189 41895 solver.cpp:245]     Train net output #28: dummy_labels = 0
I0419 12:00:09.718214 41895 solver.cpp:245]     Train net output #29: dummy_labels = 1
I0419 12:00:09.718237 41895 solver.cpp:245]     Train net output #30: dummy_labels = 0
I0419 12:00:09.718261 41895 solver.cpp:245]     Train net output #31: dummy_labels = 0
I0419 12:00:09.718284 41895 solver.cpp:245]     Train net output #32: dummy_labels = 1
I0419 12:00:09.718307 41895 solver.cpp:245]     Train net output #33: dummy_labels = 0
I0419 12:00:09.718330 41895 solver.cpp:245]     Train net output #34: dummy_labels = 0
I0419 12:00:09.718353 41895 solver.cpp:245]     Train net output #35: dummy_labels = 1
I0419 12:00:09.718376 41895 solver.cpp:245]     Train net output #36: dummy_labels = 0
I0419 12:00:09.718400 41895 solver.cpp:245]     Train net output #37: dummy_labels = 1
I0419 12:00:09.718423 41895 solver.cpp:245]     Train net output #38: dummy_labels = 0
I0419 12:00:09.718446 41895 solver.cpp:245]     Train net output #39: dummy_labels = 1
I0419 12:00:09.718469 41895 solver.cpp:245]     Train net output #40: dummy_labels = 0
I0419 12:00:09.718492 41895 solver.cpp:245]     Train net output #41: dummy_labels = 0
I0419 12:00:09.718515 41895 solver.cpp:245]     Train net output #42: dummy_labels = 1
I0419 12:00:09.718538 41895 solver.cpp:245]     Train net output #43: dummy_labels = 1
I0419 12:00:09.718562 41895 solver.cpp:245]     Train net output #44: dummy_labels = 1
I0419 12:00:09.718585 41895 solver.cpp:245]     Train net output #45: dummy_labels = 0
I0419 12:00:09.718608 41895 solver.cpp:245]     Train net output #46: dummy_labels = 0
I0419 12:00:09.718631 41895 solver.cpp:245]     Train net output #47: dummy_labels = 0
I0419 12:00:09.718678 41895 solver.cpp:245]     Train net output #48: dummy_labels = 0
I0419 12:00:09.718703 41895 solver.cpp:245]     Train net output #49: dummy_labels = 0
I0419 12:00:09.718727 41895 solver.cpp:245]     Train net output #50: dummy_labels = 1
I0419 12:00:09.718750 41895 solver.cpp:245]     Train net output #51: dummy_labels = 1
I0419 12:00:09.718773 41895 solver.cpp:245]     Train net output #52: dummy_labels = 0
I0419 12:00:09.718796 41895 solver.cpp:245]     Train net output #53: dummy_labels = 0
I0419 12:00:09.718819 41895 solver.cpp:245]     Train net output #54: dummy_labels = 1
I0419 12:00:09.718842 41895 solver.cpp:245]     Train net output #55: dummy_labels = 1
I0419 12:00:09.718865 41895 solver.cpp:245]     Train net output #56: dummy_labels = 0
I0419 12:00:09.718889 41895 solver.cpp:245]     Train net output #57: dummy_labels = 1
I0419 12:00:09.718912 41895 solver.cpp:245]     Train net output #58: dummy_labels = 1
I0419 12:00:09.718935 41895 solver.cpp:245]     Train net output #59: dummy_labels = 1
I0419 12:00:09.718958 41895 solver.cpp:245]     Train net output #60: dummy_labels = 1
I0419 12:00:09.718981 41895 solver.cpp:245]     Train net output #61: dummy_labels = 1
I0419 12:00:09.719004 41895 solver.cpp:245]     Train net output #62: dummy_labels = 0
I0419 12:00:09.719027 41895 solver.cpp:245]     Train net output #63: dummy_labels = 1
I0419 12:00:09.719050 41895 solver.cpp:245]     Train net output #64: dummy_labels = 0
I0419 12:00:09.719074 41895 solver.cpp:245]     Train net output #65: dummy_labels = 0
I0419 12:00:09.719096 41895 solver.cpp:245]     Train net output #66: dummy_labels = 1
I0419 12:00:09.719120 41895 solver.cpp:245]     Train net output #67: dummy_labels = 1
I0419 12:00:09.719142 41895 solver.cpp:245]     Train net output #68: dummy_labels = 0
I0419 12:00:09.719166 41895 solver.cpp:245]     Train net output #69: dummy_labels = 1
I0419 12:00:09.719193 41895 solver.cpp:245]     Train net output #70: dummy_labels = 0
I0419 12:00:09.719218 41895 solver.cpp:245]     Train net output #71: dummy_labels = 1
I0419 12:00:09.719251 41895 solver.cpp:245]     Train net output #72: dummy_labels = 0
I0419 12:00:09.719275 41895 solver.cpp:245]     Train net output #73: dummy_labels = 1
I0419 12:00:09.719300 41895 solver.cpp:245]     Train net output #74: dummy_labels = 0
I0419 12:00:09.719322 41895 solver.cpp:245]     Train net output #75: dummy_labels = 1
I0419 12:00:09.719346 41895 solver.cpp:245]     Train net output #76: dummy_labels = 1
I0419 12:00:09.719368 41895 solver.cpp:245]     Train net output #77: dummy_labels = 0
I0419 12:00:09.719391 41895 solver.cpp:245]     Train net output #78: dummy_labels = 1
I0419 12:00:09.719414 41895 solver.cpp:245]     Train net output #79: dummy_labels = 1
I0419 12:00:09.719437 41895 solver.cpp:245]     Train net output #80: dummy_labels = 1
I0419 12:00:09.719460 41895 solver.cpp:245]     Train net output #81: dummy_labels = 1
I0419 12:00:09.719483 41895 solver.cpp:245]     Train net output #82: dummy_labels = 1
I0419 12:00:09.719506 41895 solver.cpp:245]     Train net output #83: dummy_labels = 0
I0419 12:00:09.719529 41895 solver.cpp:245]     Train net output #84: dummy_labels = 1
I0419 12:00:09.719552 41895 solver.cpp:245]     Train net output #85: dummy_labels = 1
I0419 12:00:09.719575 41895 solver.cpp:245]     Train net output #86: dummy_labels = 0
I0419 12:00:09.719599 41895 solver.cpp:245]     Train net output #87: dummy_labels = 1
I0419 12:00:09.719621 41895 solver.cpp:245]     Train net output #88: dummy_labels = 1
I0419 12:00:09.719645 41895 solver.cpp:245]     Train net output #89: dummy_labels = 0
I0419 12:00:09.719667 41895 solver.cpp:245]     Train net output #90: dummy_labels = 0
I0419 12:00:09.719691 41895 solver.cpp:245]     Train net output #91: dummy_labels = 1
I0419 12:00:09.719713 41895 solver.cpp:245]     Train net output #92: dummy_labels = 1
I0419 12:00:09.719737 41895 solver.cpp:245]     Train net output #93: dummy_labels = 0
I0419 12:00:09.719759 41895 solver.cpp:245]     Train net output #94: dummy_labels = 0
I0419 12:00:09.719795 41895 solver.cpp:245]     Train net output #95: dummy_labels = 0
I0419 12:00:09.719820 41895 solver.cpp:245]     Train net output #96: dummy_labels = 1
I0419 12:00:09.719843 41895 solver.cpp:245]     Train net output #97: dummy_labels = 1
I0419 12:00:09.719866 41895 solver.cpp:245]     Train net output #98: dummy_labels = 0
I0419 12:00:09.719889 41895 solver.cpp:245]     Train net output #99: dummy_labels = 1
I0419 12:00:09.719916 41895 solver.cpp:245]     Train net output #100: loss = nan (* 1 = nan loss)
I0419 12:00:09.719945 41895 sgd_solver.cpp:106] Iteration 300, lr = 9.78075e-08
I0419 12:02:33.388479 41895 solver.cpp:229] Iteration 400, loss = nan
I0419 12:02:33.829227 41895 solver.cpp:245]     Train net output #0: dummy_labels = 1
I0419 12:02:33.829267 41895 solver.cpp:245]     Train net output #1: dummy_labels = 1
I0419 12:02:33.829293 41895 solver.cpp:245]     Train net output #2: dummy_labels = 0
I0419 12:02:33.829318 41895 solver.cpp:245]     Train net output #3: dummy_labels = 1
I0419 12:02:33.829341 41895 solver.cpp:245]     Train net output #4: dummy_labels = 1
I0419 12:02:33.829365 41895 solver.cpp:245]     Train net output #5: dummy_labels = 1
I0419 12:02:33.829387 41895 solver.cpp:245]     Train net output #6: dummy_labels = 1
I0419 12:02:33.829411 41895 solver.cpp:245]     Train net output #7: dummy_labels = 1
I0419 12:02:33.829434 41895 solver.cpp:245]     Train net output #8: dummy_labels = 0
I0419 12:02:33.829457 41895 solver.cpp:245]     Train net output #9: dummy_labels = 0
I0419 12:02:33.829480 41895 solver.cpp:245]     Train net output #10: dummy_labels = 1
I0419 12:02:33.829504 41895 solver.cpp:245]     Train net output #11: dummy_labels = 0
I0419 12:02:33.829526 41895 solver.cpp:245]     Train net output #12: dummy_labels = 1
I0419 12:02:33.829550 41895 solver.cpp:245]     Train net output #13: dummy_labels = 0
I0419 12:02:33.829572 41895 solver.cpp:245]     Train net output #14: dummy_labels = 1
I0419 12:02:33.829596 41895 solver.cpp:245]     Train net output #15: dummy_labels = 1
I0419 12:02:33.829633 41895 solver.cpp:245]     Train net output #16: dummy_labels = 1
I0419 12:02:33.829658 41895 solver.cpp:245]     Train net output #17: dummy_labels = 1
I0419 12:02:33.829682 41895 solver.cpp:245]     Train net output #18: dummy_labels = 1
I0419 12:02:33.829705 41895 solver.cpp:245]     Train net output #19: dummy_labels = 1
I0419 12:02:33.829728 41895 solver.cpp:245]     Train net output #20: dummy_labels = 0
I0419 12:02:33.829751 41895 solver.cpp:245]     Train net output #21: dummy_labels = 1
I0419 12:02:33.829774 41895 solver.cpp:245]     Train net output #22: dummy_labels = 1
I0419 12:02:33.829797 41895 solver.cpp:245]     Train net output #23: dummy_labels = 0
I0419 12:02:33.829820 41895 solver.cpp:245]     Train net output #24: dummy_labels = 0
I0419 12:02:33.829845 41895 solver.cpp:245]     Train net output #25: dummy_labels = 0
I0419 12:02:33.829869 41895 solver.cpp:245]     Train net output #26: dummy_labels = 1
I0419 12:02:33.829891 41895 solver.cpp:245]     Train net output #27: dummy_labels = 0
I0419 12:02:33.829915 41895 solver.cpp:245]     Train net output #28: dummy_labels = 0
I0419 12:02:33.829938 41895 solver.cpp:245]     Train net output #29: dummy_labels = 1
I0419 12:02:33.829960 41895 solver.cpp:245]     Train net output #30: dummy_labels = 1
I0419 12:02:33.829983 41895 solver.cpp:245]     Train net output #31: dummy_labels = 0
I0419 12:02:33.830006 41895 solver.cpp:245]     Train net output #32: dummy_labels = 1
I0419 12:02:33.830029 41895 solver.cpp:245]     Train net output #33: dummy_labels = 1
I0419 12:02:33.830052 41895 solver.cpp:245]     Train net output #34: dummy_labels = 1
I0419 12:02:33.830075 41895 solver.cpp:245]     Train net output #35: dummy_labels = 1
I0419 12:02:33.830098 41895 solver.cpp:245]     Train net output #36: dummy_labels = 1
I0419 12:02:33.830122 41895 solver.cpp:245]     Train net output #37: dummy_labels = 1
I0419 12:02:33.830145 41895 solver.cpp:245]     Train net output #38: dummy_labels = 0
I0419 12:02:33.830171 41895 solver.cpp:245]     Train net output #39: dummy_labels = 1
I0419 12:02:33.830198 41895 solver.cpp:245]     Train net output #40: dummy_labels = 1
I0419 12:02:33.830220 41895 solver.cpp:245]     Train net output #41: dummy_labels = 1
I0419 12:02:33.830243 41895 solver.cpp:245]     Train net output #42: dummy_labels = 0
I0419 12:02:33.830266 41895 solver.cpp:245]     Train net output #43: dummy_labels = 1
I0419 12:02:33.830289 41895 solver.cpp:245]     Train net output #44: dummy_labels = 1
I0419 12:02:33.830312 41895 solver.cpp:245]     Train net output #45: dummy_labels = 1
I0419 12:02:33.830335 41895 solver.cpp:245]     Train net output #46: dummy_labels = 0
I0419 12:02:33.830358 41895 solver.cpp:245]     Train net output #47: dummy_labels = 1
I0419 12:02:33.830405 41895 solver.cpp:245]     Train net output #48: dummy_labels = 1
I0419 12:02:33.830430 41895 solver.cpp:245]     Train net output #49: dummy_labels = 0
I0419 12:02:33.830453 41895 solver.cpp:245]     Train net output #50: dummy_labels = 0
I0419 12:02:33.830476 41895 solver.cpp:245]     Train net output #51: dummy_labels = 1
I0419 12:02:33.830499 41895 solver.cpp:245]     Train net output #52: dummy_labels = 1
I0419 12:02:33.830523 41895 solver.cpp:245]     Train net output #53: dummy_labels = 0
I0419 12:02:33.830545 41895 solver.cpp:245]     Train net output #54: dummy_labels = 0
I0419 12:02:33.830569 41895 solver.cpp:245]     Train net output #55: dummy_labels = 0
I0419 12:02:33.830591 41895 solver.cpp:245]     Train net output #56: dummy_labels = 0
I0419 12:02:33.830615 41895 solver.cpp:245]     Train net output #57: dummy_labels = 0
I0419 12:02:33.830637 41895 solver.cpp:245]     Train net output #58: dummy_labels = 0
I0419 12:02:33.830660 41895 solver.cpp:245]     Train net output #59: dummy_labels = 1
I0419 12:02:33.830682 41895 solver.cpp:245]     Train net output #60: dummy_labels = 1
I0419 12:02:33.830705 41895 solver.cpp:245]     Train net output #61: dummy_labels = 1
I0419 12:02:33.830729 41895 solver.cpp:245]     Train net output #62: dummy_labels = 1
I0419 12:02:33.830761 41895 solver.cpp:245]     Train net output #63: dummy_labels = 1
I0419 12:02:33.830786 41895 solver.cpp:245]     Train net output #64: dummy_labels = 0
I0419 12:02:33.830809 41895 solver.cpp:245]     Train net output #65: dummy_labels = 0
I0419 12:02:33.830832 41895 solver.cpp:245]     Train net output #66: dummy_labels = 0
I0419 12:02:33.830855 41895 solver.cpp:245]     Train net output #67: dummy_labels = 0
I0419 12:02:33.830878 41895 solver.cpp:245]     Train net output #68: dummy_labels = 1
I0419 12:02:33.830901 41895 solver.cpp:245]     Train net output #69: dummy_labels = 1
I0419 12:02:33.830924 41895 solver.cpp:245]     Train net output #70: dummy_labels = 1
I0419 12:02:33.830947 41895 solver.cpp:245]     Train net output #71: dummy_labels = 1
I0419 12:02:33.830971 41895 solver.cpp:245]     Train net output #72: dummy_labels = 0
I0419 12:02:33.830993 41895 solver.cpp:245]     Train net output #73: dummy_labels = 1
I0419 12:02:33.831017 41895 solver.cpp:245]     Train net output #74: dummy_labels = 1
I0419 12:02:33.831038 41895 solver.cpp:245]     Train net output #75: dummy_labels = 0
I0419 12:02:33.831063 41895 solver.cpp:245]     Train net output #76: dummy_labels = 1
I0419 12:02:33.831085 41895 solver.cpp:245]     Train net output #77: dummy_labels = 1
I0419 12:02:33.831107 41895 solver.cpp:245]     Train net output #78: dummy_labels = 1
I0419 12:02:33.831130 41895 solver.cpp:245]     Train net output #79: dummy_labels = 1
I0419 12:02:33.831153 41895 solver.cpp:245]     Train net output #80: dummy_labels = 0
I0419 12:02:33.831181 41895 solver.cpp:245]     Train net output #81: dummy_labels = 0
I0419 12:02:33.831205 41895 solver.cpp:245]     Train net output #82: dummy_labels = 1
I0419 12:02:33.831228 41895 solver.cpp:245]     Train net output #83: dummy_labels = 1
I0419 12:02:33.831251 41895 solver.cpp:245]     Train net output #84: dummy_labels = 1
I0419 12:02:33.831274 41895 solver.cpp:245]     Train net output #85: dummy_labels = 0
I0419 12:02:33.831297 41895 solver.cpp:245]     Train net output #86: dummy_labels = 0
I0419 12:02:33.831321 41895 solver.cpp:245]     Train net output #87: dummy_labels = 1
I0419 12:02:33.831343 41895 solver.cpp:245]     Train net output #88: dummy_labels = 1
I0419 12:02:33.831367 41895 solver.cpp:245]     Train net output #89: dummy_labels = 1
I0419 12:02:33.831390 41895 solver.cpp:245]     Train net output #90: dummy_labels = 0
I0419 12:02:33.831413 41895 solver.cpp:245]     Train net output #91: dummy_labels = 1
I0419 12:02:33.831436 41895 solver.cpp:245]     Train net output #92: dummy_labels = 1
I0419 12:02:33.831459 41895 solver.cpp:245]     Train net output #93: dummy_labels = 0
I0419 12:02:33.831482 41895 solver.cpp:245]     Train net output #94: dummy_labels = 0
I0419 12:02:33.831519 41895 solver.cpp:245]     Train net output #95: dummy_labels = 1
I0419 12:02:33.831544 41895 solver.cpp:245]     Train net output #96: dummy_labels = 1
I0419 12:02:33.831568 41895 solver.cpp:245]     Train net output #97: dummy_labels = 0
I0419 12:02:33.831590 41895 solver.cpp:245]     Train net output #98: dummy_labels = 1
I0419 12:02:33.831614 41895 solver.cpp:245]     Train net output #99: dummy_labels = 0
I0419 12:02:33.831640 41895 solver.cpp:245]     Train net output #100: loss = nan (* 1 = nan loss)
I0419 12:02:33.831668 41895 sgd_solver.cpp:106] Iteration 400, lr = 9.71013e-08
slurmstepd: *** JOB 466104 CANCELLED AT 2016-04-19T12:04:19 *** on c222-302
*** Aborted at 1461085459 (unix time) try "date -d @1461085459" if you are using GNU date ***
PC: @     0x7fff48bffa01 (unknown)
