I0423 11:51:05.923369 44849 caffe.cpp:185] Using GPUs 0
I0423 11:51:08.348740 44849 caffe.cpp:190] GPU 0: Tesla K40m
I0423 11:51:09.380798 44849 solver.cpp:48] Initializing solver from parameters: 
test_iter: 60
test_interval: 1000
base_lr: 1e-08
display: 100
max_iter: 20000
lr_policy: "inv"
gamma: 0.0001
power: 0.75
momentum: 0.9
weight_decay: 0
snapshot: 2000
snapshot_prefix: "mnist_3_full/mnist_3_full"
solver_mode: GPU
device_id: 0
net: "pirc_mnist_3_full_train_test.prototxt"
I0423 11:51:09.386135 44849 solver.cpp:91] Creating training net from net file: pirc_mnist_3_full_train_test.prototxt
I0423 11:51:09.388988 44849 net.cpp:322] The NetState phase (0) differed from the phase (1) specified by a rule in layer data_1
I0423 11:51:09.389050 44849 net.cpp:322] The NetState phase (0) differed from the phase (1) specified by a rule in layer data_2
I0423 11:51:09.389238 44849 net.cpp:49] Initializing net from parameters: 
name: "pirc_mnist_full_train_test"
state {
  phase: TRAIN
}
layer {
  name: "data_1"
  type: "ImageData"
  top: "data"
  top: "sim"
  include {
    phase: TRAIN
  }
  image_data_param {
    source: "data/train1_full_hardneg.txt"
    batch_size: 100
  }
}
layer {
  name: "data_2"
  type: "ImageData"
  top: "data_p"
  top: "dummy_labels"
  include {
    phase: TRAIN
  }
  image_data_param {
    source: "data/train2_full_hardneg.txt"
    batch_size: 100
  }
}
layer {
  name: "conv1"
  type: "Convolution"
  bottom: "data"
  top: "conv1"
  param {
    name: "conv1_w"
    lr_mult: 1
  }
  param {
    name: "conv1_b"
    lr_mult: 2
  }
  convolution_param {
    num_output: 20
    kernel_size: 5
    stride: 1
    weight_filler {
      type: "xavier"
    }
    bias_filler {
      type: "constant"
    }
  }
}
layer {
  name: "pool1"
  type: "Pooling"
  bottom: "conv1"
  top: "pool1"
  pooling_param {
    pool: MAX
    kernel_size: 2
    stride: 2
  }
}
layer {
  name: "conv2"
  type: "Convolution"
  bottom: "pool1"
  top: "conv2"
  param {
    name: "conv2_w"
    lr_mult: 1
  }
  param {
    name: "conv2_b"
    lr_mult: 2
  }
  convolution_param {
    num_output: 50
    kernel_size: 5
    stride: 1
    weight_filler {
      type: "xavier"
    }
    bias_filler {
      type: "constant"
    }
  }
}
layer {
  name: "pool2"
  type: "Pooling"
  bottom: "conv2"
  top: "pool2"
  pooling_param {
    pool: MAX
    kernel_size: 2
    stride: 2
  }
}
layer {
  name: "ip1"
  type: "InnerProduct"
  bottom: "pool2"
  top: "ip1"
  param {
    name: "ip1_w"
    lr_mult: 1
  }
  param {
    name: "ip1_b"
    lr_mult: 2
  }
  inner_product_param {
    num_output: 500
    weight_filler {
      type: "xavier"
    }
    bias_filler {
      type: "constant"
    }
  }
}
layer {
  name: "relu1"
  type: "ReLU"
  bottom: "ip1"
  top: "ip1"
}
layer {
  name: "ip2"
  type: "InnerProduct"
  bottom: "ip1"
  top: "ip2"
  param {
    name: "ip2_w"
    lr_mult: 1
  }
  param {
    name: "ip2_b"
    lr_mult: 2
  }
  inner_product_param {
    num_output: 10
    weight_filler {
      type: "xavier"
    }
    bias_filler {
      type: "constant"
    }
  }
}
layer {
  name: "feat"
  type: "InnerProduct"
  bottom: "ip2"
  top: "feat"
  param {
    name: "feat_w"
    lr_mult: 1
  }
  param {
    name: "feat_b"
    lr_mult: 2
  }
  inner_product_param {
    num_output: 2
    weight_filler {
      type: "xavier"
    }
    bias_filler {
      type: "constant"
    }
  }
}
layer {
  name: "conv1_p"
  type: "Convolution"
  bottom: "data_p"
  top: "conv1_p"
  param {
    name: "conv1_w"
    lr_mult: 1
  }
  param {
    name: "conv1_b"
    lr_mult: 2
  }
  convolution_param {
    num_output: 20
    kernel_size: 5
    stride: 1
    weight_filler {
      type: "xavier"
    }
    bias_filler {
      type: "constant"
    }
  }
}
layer {
  name: "pool1_p"
  type: "Pooling"
  bottom: "conv1_p"
  top: "pool1_p"
  pooling_param {
    pool: MAX
    kernel_size: 2
    stride: 2
  }
}
layer {
  name: "conv2_p"
  type: "Convolution"
  bottom: "pool1_p"
  top: "conv2_p"
  param {
    name: "conv2_w"
    lr_mult: 1
  }
  param {
    name: "conv2_b"
    lr_mult: 2
  }
  convolution_param {
    num_output: 50
    kernel_size: 5
    stride: 1
    weight_filler {
      type: "xavier"
    }
    bias_filler {
      type: "constant"
    }
  }
}
layer {
  name: "pool2_p"
  type: "Pooling"
  bottom: "conv2_p"
  top: "pool2_p"
  pooling_param {
    pool: MAX
    kernel_size: 2
    stride: 2
  }
}
layer {
  name: "ip1_p"
  type: "InnerProduct"
  bottom: "pool2_p"
  top: "ip1_p"
  param {
    name: "ip1_w"
    lr_mult: 1
  }
  param {
    name: "ip1_b"
    lr_mult: 2
  }
  inner_product_param {
    num_output: 500
    weight_filler {
      type: "xavier"
    }
    bias_filler {
      type: "constant"
    }
  }
}
layer {
  name: "relu1_p"
  type: "ReLU"
  bottom: "ip1_p"
  top: "ip1_p"
}
layer {
  name: "ip2_p"
  type: "InnerProduct"
  bottom: "ip1_p"
  top: "ip2_p"
  param {
    name: "ip2_w"
    lr_mult: 1
  }
  param {
    name: "ip2_b"
    lr_mult: 2
  }
  inner_product_param {
    num_output: 10
    weight_filler {
      type: "xavier"
    }
    bias_filler {
      type: "constant"
    }
  }
}
layer {
  name: "feat_p"
  type: "InnerProduct"
  bottom: "ip2_p"
  top: "feat_p"
  param {
    name: "feat_w"
    lr_mult: 1
  }
  param {
    name: "feat_b"
    lr_mult: 2
  }
  inner_product_param {
    num_output: 2
    weight_filler {
      type: "xavier"
    }
    bias_filler {
      type: "constant"
    }
  }
}
layer {
  name: "loss"
  type: "ContrastiveLoss"
  bottom: "feat"
  bottom: "feat_p"
  bottom: "sim"
  top: "loss"
  contrastive_loss_param {
    margin: 1
  }
}
I0423 11:51:09.389508 44849 layer_factory.hpp:77] Creating layer data_1
I0423 11:51:09.389690 44849 net.cpp:106] Creating Layer data_1
I0423 11:51:09.389745 44849 net.cpp:411] data_1 -> data
I0423 11:51:09.389839 44849 net.cpp:411] data_1 -> sim
I0423 11:51:09.389955 44849 image_data_layer.cpp:38] Opening file data/train1_full_hardneg.txt
I0423 11:51:09.421612 44849 image_data_layer.cpp:53] A total of 49000 images.
I0423 11:51:09.503679 44849 image_data_layer.cpp:80] output data size: 100,3,227,227
I0423 11:51:09.625694 44849 net.cpp:150] Setting up data_1
I0423 11:51:09.625784 44849 net.cpp:157] Top shape: 100 3 227 227 (15458700)
I0423 11:51:09.625814 44849 net.cpp:157] Top shape: 100 (100)
I0423 11:51:09.625836 44849 net.cpp:165] Memory required for data: 61835200
I0423 11:51:09.625864 44849 layer_factory.hpp:77] Creating layer data_2
I0423 11:51:09.625916 44849 net.cpp:106] Creating Layer data_2
I0423 11:51:09.625944 44849 net.cpp:411] data_2 -> data_p
I0423 11:51:09.625982 44849 net.cpp:411] data_2 -> dummy_labels
I0423 11:51:09.626013 44849 image_data_layer.cpp:38] Opening file data/train2_full_hardneg.txt
I0423 11:51:09.651701 44849 image_data_layer.cpp:53] A total of 49000 images.
I0423 11:51:09.656889 44849 image_data_layer.cpp:80] output data size: 100,3,227,227
I0423 11:51:09.780941 44849 net.cpp:150] Setting up data_2
I0423 11:51:09.781047 44849 net.cpp:157] Top shape: 100 3 227 227 (15458700)
I0423 11:51:09.781087 44849 net.cpp:157] Top shape: 100 (100)
I0423 11:51:09.781111 44849 net.cpp:165] Memory required for data: 123670400
I0423 11:51:09.781138 44849 layer_factory.hpp:77] Creating layer conv1
I0423 11:51:09.781239 44849 net.cpp:106] Creating Layer conv1
I0423 11:51:09.781268 44849 net.cpp:454] conv1 <- data
I0423 11:51:09.781309 44849 net.cpp:411] conv1 -> conv1
I0423 11:51:09.783020 44849 net.cpp:150] Setting up conv1
I0423 11:51:09.783074 44849 net.cpp:157] Top shape: 100 20 223 223 (99458000)
I0423 11:51:09.783098 44849 net.cpp:165] Memory required for data: 521502400
I0423 11:51:09.783150 44849 layer_factory.hpp:77] Creating layer pool1
I0423 11:51:09.783181 44849 net.cpp:106] Creating Layer pool1
I0423 11:51:09.783205 44849 net.cpp:454] pool1 <- conv1
I0423 11:51:09.783231 44849 net.cpp:411] pool1 -> pool1
I0423 11:51:09.783377 44849 net.cpp:150] Setting up pool1
I0423 11:51:09.783408 44849 net.cpp:157] Top shape: 100 20 112 112 (25088000)
I0423 11:51:09.783430 44849 net.cpp:165] Memory required for data: 621854400
I0423 11:51:09.783452 44849 layer_factory.hpp:77] Creating layer conv2
I0423 11:51:09.783481 44849 net.cpp:106] Creating Layer conv2
I0423 11:51:09.783526 44849 net.cpp:454] conv2 <- pool1
I0423 11:51:09.783603 44849 net.cpp:411] conv2 -> conv2
I0423 11:51:09.784662 44849 net.cpp:150] Setting up conv2
I0423 11:51:09.784773 44849 net.cpp:157] Top shape: 100 50 108 108 (58320000)
I0423 11:51:09.784801 44849 net.cpp:165] Memory required for data: 855134400
I0423 11:51:09.784838 44849 layer_factory.hpp:77] Creating layer pool2
I0423 11:51:09.784868 44849 net.cpp:106] Creating Layer pool2
I0423 11:51:09.784893 44849 net.cpp:454] pool2 <- conv2
I0423 11:51:09.784919 44849 net.cpp:411] pool2 -> pool2
I0423 11:51:09.784977 44849 net.cpp:150] Setting up pool2
I0423 11:51:09.785022 44849 net.cpp:157] Top shape: 100 50 54 54 (14580000)
I0423 11:51:09.785046 44849 net.cpp:165] Memory required for data: 913454400
I0423 11:51:09.785071 44849 layer_factory.hpp:77] Creating layer ip1
I0423 11:51:09.785117 44849 net.cpp:106] Creating Layer ip1
I0423 11:51:09.785143 44849 net.cpp:454] ip1 <- pool2
I0423 11:51:09.785171 44849 net.cpp:411] ip1 -> ip1
I0423 11:51:10.500442 44849 net.cpp:150] Setting up ip1
I0423 11:51:10.500571 44849 net.cpp:157] Top shape: 100 500 (50000)
I0423 11:51:10.500597 44849 net.cpp:165] Memory required for data: 913654400
I0423 11:51:10.500638 44849 layer_factory.hpp:77] Creating layer relu1
I0423 11:51:10.500686 44849 net.cpp:106] Creating Layer relu1
I0423 11:51:10.500712 44849 net.cpp:454] relu1 <- ip1
I0423 11:51:10.500758 44849 net.cpp:397] relu1 -> ip1 (in-place)
I0423 11:51:10.500797 44849 net.cpp:150] Setting up relu1
I0423 11:51:10.500839 44849 net.cpp:157] Top shape: 100 500 (50000)
I0423 11:51:10.500865 44849 net.cpp:165] Memory required for data: 913854400
I0423 11:51:10.500890 44849 layer_factory.hpp:77] Creating layer ip2
I0423 11:51:10.500926 44849 net.cpp:106] Creating Layer ip2
I0423 11:51:10.500952 44849 net.cpp:454] ip2 <- ip1
I0423 11:51:10.500982 44849 net.cpp:411] ip2 -> ip2
I0423 11:51:10.501168 44849 net.cpp:150] Setting up ip2
I0423 11:51:10.501204 44849 net.cpp:157] Top shape: 100 10 (1000)
I0423 11:51:10.501229 44849 net.cpp:165] Memory required for data: 913858400
I0423 11:51:10.501255 44849 layer_factory.hpp:77] Creating layer feat
I0423 11:51:10.501283 44849 net.cpp:106] Creating Layer feat
I0423 11:51:10.501308 44849 net.cpp:454] feat <- ip2
I0423 11:51:10.501335 44849 net.cpp:411] feat -> feat
I0423 11:51:10.501488 44849 net.cpp:150] Setting up feat
I0423 11:51:10.501523 44849 net.cpp:157] Top shape: 100 2 (200)
I0423 11:51:10.501545 44849 net.cpp:165] Memory required for data: 913859200
I0423 11:51:10.501584 44849 layer_factory.hpp:77] Creating layer conv1_p
I0423 11:51:10.501618 44849 net.cpp:106] Creating Layer conv1_p
I0423 11:51:10.501646 44849 net.cpp:454] conv1_p <- data_p
I0423 11:51:10.501672 44849 net.cpp:411] conv1_p -> conv1_p
I0423 11:51:10.501981 44849 net.cpp:150] Setting up conv1_p
I0423 11:51:10.502033 44849 net.cpp:157] Top shape: 100 20 223 223 (99458000)
I0423 11:51:10.502058 44849 net.cpp:165] Memory required for data: 1311691200
I0423 11:51:10.502082 44849 net.cpp:514] Sharing parameters 'conv1_w' owned by layer 'conv1', param index 0
I0423 11:51:10.502106 44849 net.cpp:514] Sharing parameters 'conv1_b' owned by layer 'conv1', param index 1
I0423 11:51:10.502131 44849 layer_factory.hpp:77] Creating layer pool1_p
I0423 11:51:10.502169 44849 net.cpp:106] Creating Layer pool1_p
I0423 11:51:10.502194 44849 net.cpp:454] pool1_p <- conv1_p
I0423 11:51:10.502233 44849 net.cpp:411] pool1_p -> pool1_p
I0423 11:51:10.502292 44849 net.cpp:150] Setting up pool1_p
I0423 11:51:10.502323 44849 net.cpp:157] Top shape: 100 20 112 112 (25088000)
I0423 11:51:10.502357 44849 net.cpp:165] Memory required for data: 1412043200
I0423 11:51:10.502379 44849 layer_factory.hpp:77] Creating layer conv2_p
I0423 11:51:10.502423 44849 net.cpp:106] Creating Layer conv2_p
I0423 11:51:10.502449 44849 net.cpp:454] conv2_p <- pool1_p
I0423 11:51:10.502490 44849 net.cpp:411] conv2_p -> conv2_p
I0423 11:51:10.502940 44849 net.cpp:150] Setting up conv2_p
I0423 11:51:10.502976 44849 net.cpp:157] Top shape: 100 50 108 108 (58320000)
I0423 11:51:10.503021 44849 net.cpp:165] Memory required for data: 1645323200
I0423 11:51:10.503123 44849 net.cpp:514] Sharing parameters 'conv2_w' owned by layer 'conv2', param index 0
I0423 11:51:10.503150 44849 net.cpp:514] Sharing parameters 'conv2_b' owned by layer 'conv2', param index 1
I0423 11:51:10.503175 44849 layer_factory.hpp:77] Creating layer pool2_p
I0423 11:51:10.503201 44849 net.cpp:106] Creating Layer pool2_p
I0423 11:51:10.504561 44849 net.cpp:454] pool2_p <- conv2_p
I0423 11:51:10.507697 44849 net.cpp:411] pool2_p -> pool2_p
I0423 11:51:10.507865 44849 net.cpp:150] Setting up pool2_p
I0423 11:51:10.507906 44849 net.cpp:157] Top shape: 100 50 54 54 (14580000)
I0423 11:51:10.507930 44849 net.cpp:165] Memory required for data: 1703643200
I0423 11:51:10.507993 44849 layer_factory.hpp:77] Creating layer ip1_p
I0423 11:51:10.508039 44849 net.cpp:106] Creating Layer ip1_p
I0423 11:51:10.508065 44849 net.cpp:454] ip1_p <- pool2_p
I0423 11:51:10.508093 44849 net.cpp:411] ip1_p -> ip1_p
I0423 11:51:11.193811 44849 net.cpp:150] Setting up ip1_p
I0423 11:51:11.193898 44849 net.cpp:157] Top shape: 100 500 (50000)
I0423 11:51:11.193927 44849 net.cpp:165] Memory required for data: 1703843200
I0423 11:51:11.193955 44849 net.cpp:514] Sharing parameters 'ip1_w' owned by layer 'ip1', param index 0
I0423 11:51:11.193982 44849 net.cpp:514] Sharing parameters 'ip1_b' owned by layer 'ip1', param index 1
I0423 11:51:11.194020 44849 layer_factory.hpp:77] Creating layer relu1_p
I0423 11:51:11.194053 44849 net.cpp:106] Creating Layer relu1_p
I0423 11:51:11.194080 44849 net.cpp:454] relu1_p <- ip1_p
I0423 11:51:11.194110 44849 net.cpp:397] relu1_p -> ip1_p (in-place)
I0423 11:51:11.194161 44849 net.cpp:150] Setting up relu1_p
I0423 11:51:11.194192 44849 net.cpp:157] Top shape: 100 500 (50000)
I0423 11:51:11.194216 44849 net.cpp:165] Memory required for data: 1704043200
I0423 11:51:11.194239 44849 layer_factory.hpp:77] Creating layer ip2_p
I0423 11:51:11.194275 44849 net.cpp:106] Creating Layer ip2_p
I0423 11:51:11.194303 44849 net.cpp:454] ip2_p <- ip1_p
I0423 11:51:11.194330 44849 net.cpp:411] ip2_p -> ip2_p
I0423 11:51:11.194519 44849 net.cpp:150] Setting up ip2_p
I0423 11:51:11.194561 44849 net.cpp:157] Top shape: 100 10 (1000)
I0423 11:51:11.194588 44849 net.cpp:165] Memory required for data: 1704047200
I0423 11:51:11.194623 44849 net.cpp:514] Sharing parameters 'ip2_w' owned by layer 'ip2', param index 0
I0423 11:51:11.194653 44849 net.cpp:514] Sharing parameters 'ip2_b' owned by layer 'ip2', param index 1
I0423 11:51:11.194677 44849 layer_factory.hpp:77] Creating layer feat_p
I0423 11:51:11.194705 44849 net.cpp:106] Creating Layer feat_p
I0423 11:51:11.194731 44849 net.cpp:454] feat_p <- ip2_p
I0423 11:51:11.194774 44849 net.cpp:411] feat_p -> feat_p
I0423 11:51:11.194895 44849 net.cpp:150] Setting up feat_p
I0423 11:51:11.194938 44849 net.cpp:157] Top shape: 100 2 (200)
I0423 11:51:11.194963 44849 net.cpp:165] Memory required for data: 1704048000
I0423 11:51:11.194988 44849 net.cpp:514] Sharing parameters 'feat_w' owned by layer 'feat', param index 0
I0423 11:51:11.195016 44849 net.cpp:514] Sharing parameters 'feat_b' owned by layer 'feat', param index 1
I0423 11:51:11.195041 44849 layer_factory.hpp:77] Creating layer loss
I0423 11:51:11.195070 44849 net.cpp:106] Creating Layer loss
I0423 11:51:11.195096 44849 net.cpp:454] loss <- feat
I0423 11:51:11.195121 44849 net.cpp:454] loss <- feat_p
I0423 11:51:11.195145 44849 net.cpp:454] loss <- sim
I0423 11:51:11.195173 44849 net.cpp:411] loss -> loss
I0423 11:51:11.195369 44849 net.cpp:150] Setting up loss
I0423 11:51:11.195404 44849 net.cpp:157] Top shape: (1)
I0423 11:51:11.195428 44849 net.cpp:160]     with loss weight 1
I0423 11:51:11.195484 44849 net.cpp:165] Memory required for data: 1704048004
I0423 11:51:11.195510 44849 net.cpp:226] loss needs backward computation.
I0423 11:51:11.195540 44849 net.cpp:226] feat_p needs backward computation.
I0423 11:51:11.195564 44849 net.cpp:226] ip2_p needs backward computation.
I0423 11:51:11.195590 44849 net.cpp:226] relu1_p needs backward computation.
I0423 11:51:11.195638 44849 net.cpp:226] ip1_p needs backward computation.
I0423 11:51:11.195700 44849 net.cpp:226] pool2_p needs backward computation.
I0423 11:51:11.195726 44849 net.cpp:226] conv2_p needs backward computation.
I0423 11:51:11.195755 44849 net.cpp:226] pool1_p needs backward computation.
I0423 11:51:11.195780 44849 net.cpp:226] conv1_p needs backward computation.
I0423 11:51:11.195804 44849 net.cpp:226] feat needs backward computation.
I0423 11:51:11.195838 44849 net.cpp:226] ip2 needs backward computation.
I0423 11:51:11.195865 44849 net.cpp:226] relu1 needs backward computation.
I0423 11:51:11.195891 44849 net.cpp:226] ip1 needs backward computation.
I0423 11:51:11.195914 44849 net.cpp:226] pool2 needs backward computation.
I0423 11:51:11.196007 44849 net.cpp:226] conv2 needs backward computation.
I0423 11:51:11.196038 44849 net.cpp:226] pool1 needs backward computation.
I0423 11:51:11.196064 44849 net.cpp:226] conv1 needs backward computation.
I0423 11:51:11.196091 44849 net.cpp:228] data_2 does not need backward computation.
I0423 11:51:11.196116 44849 net.cpp:228] data_1 does not need backward computation.
I0423 11:51:11.196146 44849 net.cpp:270] This network produces output dummy_labels
I0423 11:51:11.196173 44849 net.cpp:270] This network produces output loss
I0423 11:51:11.234760 44849 net.cpp:283] Network initialization done.
I0423 11:51:11.236816 44849 solver.cpp:181] Creating test net (#0) specified by net file: pirc_mnist_3_full_train_test.prototxt
I0423 11:51:11.236892 44849 net.cpp:322] The NetState phase (1) differed from the phase (0) specified by a rule in layer data_1
I0423 11:51:11.236925 44849 net.cpp:322] The NetState phase (1) differed from the phase (0) specified by a rule in layer data_2
I0423 11:51:11.237135 44849 net.cpp:49] Initializing net from parameters: 
name: "pirc_mnist_full_train_test"
state {
  phase: TEST
}
layer {
  name: "data_1"
  type: "ImageData"
  top: "data"
  top: "sim"
  include {
    phase: TEST
  }
  image_data_param {
    source: "data/test1_full.txt"
    batch_size: 100
  }
}
layer {
  name: "data_2"
  type: "ImageData"
  top: "data_p"
  top: "dummy_labels"
  include {
    phase: TEST
  }
  image_data_param {
    source: "data/test2_full.txt"
    batch_size: 100
  }
}
layer {
  name: "conv1"
  type: "Convolution"
  bottom: "data"
  top: "conv1"
  param {
    name: "conv1_w"
    lr_mult: 1
  }
  param {
    name: "conv1_b"
    lr_mult: 2
  }
  convolution_param {
    num_output: 20
    kernel_size: 5
    stride: 1
    weight_filler {
      type: "xavier"
    }
    bias_filler {
      type: "constant"
    }
  }
}
layer {
  name: "pool1"
  type: "Pooling"
  bottom: "conv1"
  top: "pool1"
  pooling_param {
    pool: MAX
    kernel_size: 2
    stride: 2
  }
}
layer {
  name: "conv2"
  type: "Convolution"
  bottom: "pool1"
  top: "conv2"
  param {
    name: "conv2_w"
    lr_mult: 1
  }
  param {
    name: "conv2_b"
    lr_mult: 2
  }
  convolution_param {
    num_output: 50
    kernel_size: 5
    stride: 1
    weight_filler {
      type: "xavier"
    }
    bias_filler {
      type: "constant"
    }
  }
}
layer {
  name: "pool2"
  type: "Pooling"
  bottom: "conv2"
  top: "pool2"
  pooling_param {
    pool: MAX
    kernel_size: 2
    stride: 2
  }
}
layer {
  name: "ip1"
  type: "InnerProduct"
  bottom: "pool2"
  top: "ip1"
  param {
    name: "ip1_w"
    lr_mult: 1
  }
  param {
    name: "ip1_b"
    lr_mult: 2
  }
  inner_product_param {
    num_output: 500
    weight_filler {
      type: "xavier"
    }
    bias_filler {
      type: "constant"
    }
  }
}
layer {
  name: "relu1"
  type: "ReLU"
  bottom: "ip1"
  top: "ip1"
}
layer {
  name: "ip2"
  type: "InnerProduct"
  bottom: "ip1"
  top: "ip2"
  param {
    name: "ip2_w"
    lr_mult: 1
  }
  param {
    name: "ip2_b"
    lr_mult: 2
  }
  inner_product_param {
    num_output: 10
    weight_filler {
      type: "xavier"
    }
    bias_filler {
      type: "constant"
    }
  }
}
layer {
  name: "feat"
  type: "InnerProduct"
  bottom: "ip2"
  top: "feat"
  param {
    name: "feat_w"
    lr_mult: 1
  }
  param {
    name: "feat_b"
    lr_mult: 2
  }
  inner_product_param {
    num_output: 2
    weight_filler {
      type: "xavier"
    }
    bias_filler {
      type: "constant"
    }
  }
}
layer {
  name: "conv1_p"
  type: "Convolution"
  bottom: "data_p"
  top: "conv1_p"
  param {
    name: "conv1_w"
    lr_mult: 1
  }
  param {
    name: "conv1_b"
    lr_mult: 2
  }
  convolution_param {
    num_output: 20
    kernel_size: 5
    stride: 1
    weight_filler {
      type: "xavier"
    }
    bias_filler {
      type: "constant"
    }
  }
}
layer {
  name: "pool1_p"
  type: "Pooling"
  bottom: "conv1_p"
  top: "pool1_p"
  pooling_param {
    pool: MAX
    kernel_size: 2
    stride: 2
  }
}
layer {
  name: "conv2_p"
  type: "Convolution"
  bottom: "pool1_p"
  top: "conv2_p"
  param {
    name: "conv2_w"
    lr_mult: 1
  }
  param {
    name: "conv2_b"
    lr_mult: 2
  }
  convolution_param {
    num_output: 50
    kernel_size: 5
    stride: 1
    weight_filler {
      type: "xavier"
    }
    bias_filler {
      type: "constant"
    }
  }
}
layer {
  name: "pool2_p"
  type: "Pooling"
  bottom: "conv2_p"
  top: "pool2_p"
  pooling_param {
    pool: MAX
    kernel_size: 2
    stride: 2
  }
}
layer {
  name: "ip1_p"
  type: "InnerProduct"
  bottom: "pool2_p"
  top: "ip1_p"
  param {
    name: "ip1_w"
    lr_mult: 1
  }
  param {
    name: "ip1_b"
    lr_mult: 2
  }
  inner_product_param {
    num_output: 500
    weight_filler {
      type: "xavier"
    }
    bias_filler {
      type: "constant"
    }
  }
}
layer {
  name: "relu1_p"
  type: "ReLU"
  bottom: "ip1_p"
  top: "ip1_p"
}
layer {
  name: "ip2_p"
  type: "InnerProduct"
  bottom: "ip1_p"
  top: "ip2_p"
  param {
    name: "ip2_w"
    lr_mult: 1
  }
  param {
    name: "ip2_b"
    lr_mult: 2
  }
  inner_product_param {
    num_output: 10
    weight_filler {
      type: "xavier"
    }
    bias_filler {
      type: "constant"
    }
  }
}
layer {
  name: "feat_p"
  type: "InnerProduct"
  bottom: "ip2_p"
  top: "feat_p"
  param {
    name: "feat_w"
    lr_mult: 1
  }
  param {
    name: "feat_b"
    lr_mult: 2
  }
  inner_product_param {
    num_output: 2
    weight_filler {
      type: "xavier"
    }
    bias_filler {
      type: "constant"
    }
  }
}
layer {
  name: "loss"
  type: "ContrastiveLoss"
  bottom: "feat"
  bottom: "feat_p"
  bottom: "sim"
  top: "loss"
  contrastive_loss_param {
    margin: 1
  }
}
I0423 11:51:11.237293 44849 layer_factory.hpp:77] Creating layer data_1
I0423 11:51:11.237349 44849 net.cpp:106] Creating Layer data_1
I0423 11:51:11.237378 44849 net.cpp:411] data_1 -> data
I0423 11:51:11.237422 44849 net.cpp:411] data_1 -> sim
I0423 11:51:11.237458 44849 image_data_layer.cpp:38] Opening file data/test1_full.txt
I0423 11:51:11.244304 44849 image_data_layer.cpp:53] A total of 6000 images.
I0423 11:51:11.261957 44849 image_data_layer.cpp:80] output data size: 100,3,227,227
I0423 11:51:11.390210 44849 net.cpp:150] Setting up data_1
I0423 11:51:11.390287 44849 net.cpp:157] Top shape: 100 3 227 227 (15458700)
I0423 11:51:11.390322 44849 net.cpp:157] Top shape: 100 (100)
I0423 11:51:11.390346 44849 net.cpp:165] Memory required for data: 61835200
I0423 11:51:11.390373 44849 layer_factory.hpp:77] Creating layer data_2
I0423 11:51:11.390414 44849 net.cpp:106] Creating Layer data_2
I0423 11:51:11.390444 44849 net.cpp:411] data_2 -> data_p
I0423 11:51:11.390480 44849 net.cpp:411] data_2 -> dummy_labels
I0423 11:51:11.390511 44849 image_data_layer.cpp:38] Opening file data/test2_full.txt
I0423 11:51:11.396091 44849 image_data_layer.cpp:53] A total of 6000 images.
I0423 11:51:11.416770 44849 image_data_layer.cpp:80] output data size: 100,3,227,227
I0423 11:51:11.543840 44849 net.cpp:150] Setting up data_2
I0423 11:51:11.543916 44849 net.cpp:157] Top shape: 100 3 227 227 (15458700)
I0423 11:51:11.543946 44849 net.cpp:157] Top shape: 100 (100)
I0423 11:51:11.543983 44849 net.cpp:165] Memory required for data: 123670400
I0423 11:51:11.544010 44849 layer_factory.hpp:77] Creating layer conv1
I0423 11:51:11.544052 44849 net.cpp:106] Creating Layer conv1
I0423 11:51:11.544109 44849 net.cpp:454] conv1 <- data
I0423 11:51:11.544195 44849 net.cpp:411] conv1 -> conv1
I0423 11:51:11.544550 44849 net.cpp:150] Setting up conv1
I0423 11:51:11.544590 44849 net.cpp:157] Top shape: 100 20 223 223 (99458000)
I0423 11:51:11.544618 44849 net.cpp:165] Memory required for data: 521502400
I0423 11:51:11.544651 44849 layer_factory.hpp:77] Creating layer pool1
I0423 11:51:11.544683 44849 net.cpp:106] Creating Layer pool1
I0423 11:51:11.544710 44849 net.cpp:454] pool1 <- conv1
I0423 11:51:11.544746 44849 net.cpp:411] pool1 -> pool1
I0423 11:51:11.544817 44849 net.cpp:150] Setting up pool1
I0423 11:51:11.544852 44849 net.cpp:157] Top shape: 100 20 112 112 (25088000)
I0423 11:51:11.544878 44849 net.cpp:165] Memory required for data: 621854400
I0423 11:51:11.544903 44849 layer_factory.hpp:77] Creating layer conv2
I0423 11:51:11.544935 44849 net.cpp:106] Creating Layer conv2
I0423 11:51:11.544962 44849 net.cpp:454] conv2 <- pool1
I0423 11:51:11.544991 44849 net.cpp:411] conv2 -> conv2
I0423 11:51:11.545424 44849 net.cpp:150] Setting up conv2
I0423 11:51:11.545469 44849 net.cpp:157] Top shape: 100 50 108 108 (58320000)
I0423 11:51:11.545493 44849 net.cpp:165] Memory required for data: 855134400
I0423 11:51:11.545522 44849 layer_factory.hpp:77] Creating layer pool2
I0423 11:51:11.545552 44849 net.cpp:106] Creating Layer pool2
I0423 11:51:11.545578 44849 net.cpp:454] pool2 <- conv2
I0423 11:51:11.545606 44849 net.cpp:411] pool2 -> pool2
I0423 11:51:11.545688 44849 net.cpp:150] Setting up pool2
I0423 11:51:11.545724 44849 net.cpp:157] Top shape: 100 50 54 54 (14580000)
I0423 11:51:11.545768 44849 net.cpp:165] Memory required for data: 913454400
I0423 11:51:11.545806 44849 layer_factory.hpp:77] Creating layer ip1
I0423 11:51:11.545853 44849 net.cpp:106] Creating Layer ip1
I0423 11:51:11.545881 44849 net.cpp:454] ip1 <- pool2
I0423 11:51:11.545909 44849 net.cpp:411] ip1 -> ip1
I0423 11:51:12.219959 44849 net.cpp:150] Setting up ip1
I0423 11:51:12.220031 44849 net.cpp:157] Top shape: 100 500 (50000)
I0423 11:51:12.220054 44849 net.cpp:165] Memory required for data: 913654400
I0423 11:51:12.220095 44849 layer_factory.hpp:77] Creating layer relu1
I0423 11:51:12.220125 44849 net.cpp:106] Creating Layer relu1
I0423 11:51:12.220149 44849 net.cpp:454] relu1 <- ip1
I0423 11:51:12.220175 44849 net.cpp:397] relu1 -> ip1 (in-place)
I0423 11:51:12.220206 44849 net.cpp:150] Setting up relu1
I0423 11:51:12.220229 44849 net.cpp:157] Top shape: 100 500 (50000)
I0423 11:51:12.220249 44849 net.cpp:165] Memory required for data: 913854400
I0423 11:51:12.220270 44849 layer_factory.hpp:77] Creating layer ip2
I0423 11:51:12.220299 44849 net.cpp:106] Creating Layer ip2
I0423 11:51:12.220320 44849 net.cpp:454] ip2 <- ip1
I0423 11:51:12.220345 44849 net.cpp:411] ip2 -> ip2
I0423 11:51:12.220492 44849 net.cpp:150] Setting up ip2
I0423 11:51:12.220523 44849 net.cpp:157] Top shape: 100 10 (1000)
I0423 11:51:12.220544 44849 net.cpp:165] Memory required for data: 913858400
I0423 11:51:12.220568 44849 layer_factory.hpp:77] Creating layer feat
I0423 11:51:12.220593 44849 net.cpp:106] Creating Layer feat
I0423 11:51:12.220616 44849 net.cpp:454] feat <- ip2
I0423 11:51:12.220641 44849 net.cpp:411] feat -> feat
I0423 11:51:12.220746 44849 net.cpp:150] Setting up feat
I0423 11:51:12.220777 44849 net.cpp:157] Top shape: 100 2 (200)
I0423 11:51:12.220799 44849 net.cpp:165] Memory required for data: 913859200
I0423 11:51:12.220824 44849 layer_factory.hpp:77] Creating layer conv1_p
I0423 11:51:12.220865 44849 net.cpp:106] Creating Layer conv1_p
I0423 11:51:12.220890 44849 net.cpp:454] conv1_p <- data_p
I0423 11:51:12.220913 44849 net.cpp:411] conv1_p -> conv1_p
I0423 11:51:12.221179 44849 net.cpp:150] Setting up conv1_p
I0423 11:51:12.221211 44849 net.cpp:157] Top shape: 100 20 223 223 (99458000)
I0423 11:51:12.221233 44849 net.cpp:165] Memory required for data: 1311691200
I0423 11:51:12.221254 44849 net.cpp:514] Sharing parameters 'conv1_w' owned by layer 'conv1', param index 0
I0423 11:51:12.221276 44849 net.cpp:514] Sharing parameters 'conv1_b' owned by layer 'conv1', param index 1
I0423 11:51:12.221359 44849 layer_factory.hpp:77] Creating layer pool1_p
I0423 11:51:12.221385 44849 net.cpp:106] Creating Layer pool1_p
I0423 11:51:12.221411 44849 net.cpp:454] pool1_p <- conv1_p
I0423 11:51:12.221436 44849 net.cpp:411] pool1_p -> pool1_p
I0423 11:51:12.221493 44849 net.cpp:150] Setting up pool1_p
I0423 11:51:12.221523 44849 net.cpp:157] Top shape: 100 20 112 112 (25088000)
I0423 11:51:12.221544 44849 net.cpp:165] Memory required for data: 1412043200
I0423 11:51:12.221565 44849 layer_factory.hpp:77] Creating layer conv2_p
I0423 11:51:12.221592 44849 net.cpp:106] Creating Layer conv2_p
I0423 11:51:12.221616 44849 net.cpp:454] conv2_p <- pool1_p
I0423 11:51:12.221640 44849 net.cpp:411] conv2_p -> conv2_p
I0423 11:51:12.222652 44849 net.cpp:150] Setting up conv2_p
I0423 11:51:12.222689 44849 net.cpp:157] Top shape: 100 50 108 108 (58320000)
I0423 11:51:12.222712 44849 net.cpp:165] Memory required for data: 1645323200
I0423 11:51:12.222738 44849 net.cpp:514] Sharing parameters 'conv2_w' owned by layer 'conv2', param index 0
I0423 11:51:12.222761 44849 net.cpp:514] Sharing parameters 'conv2_b' owned by layer 'conv2', param index 1
I0423 11:51:12.222784 44849 layer_factory.hpp:77] Creating layer pool2_p
I0423 11:51:12.222810 44849 net.cpp:106] Creating Layer pool2_p
I0423 11:51:12.222832 44849 net.cpp:454] pool2_p <- conv2_p
I0423 11:51:12.222856 44849 net.cpp:411] pool2_p -> pool2_p
I0423 11:51:12.222909 44849 net.cpp:150] Setting up pool2_p
I0423 11:51:12.222940 44849 net.cpp:157] Top shape: 100 50 54 54 (14580000)
I0423 11:51:12.222961 44849 net.cpp:165] Memory required for data: 1703643200
I0423 11:51:12.222981 44849 layer_factory.hpp:77] Creating layer ip1_p
I0423 11:51:12.223006 44849 net.cpp:106] Creating Layer ip1_p
I0423 11:51:12.223027 44849 net.cpp:454] ip1_p <- pool2_p
I0423 11:51:12.223053 44849 net.cpp:411] ip1_p -> ip1_p
I0423 11:51:12.850185 44849 net.cpp:150] Setting up ip1_p
I0423 11:51:12.850260 44849 net.cpp:157] Top shape: 100 500 (50000)
I0423 11:51:12.850284 44849 net.cpp:165] Memory required for data: 1703843200
I0423 11:51:12.850311 44849 net.cpp:514] Sharing parameters 'ip1_w' owned by layer 'ip1', param index 0
I0423 11:51:12.850334 44849 net.cpp:514] Sharing parameters 'ip1_b' owned by layer 'ip1', param index 1
I0423 11:51:12.850358 44849 layer_factory.hpp:77] Creating layer relu1_p
I0423 11:51:12.850389 44849 net.cpp:106] Creating Layer relu1_p
I0423 11:51:12.850412 44849 net.cpp:454] relu1_p <- ip1_p
I0423 11:51:12.850451 44849 net.cpp:397] relu1_p -> ip1_p (in-place)
I0423 11:51:12.850484 44849 net.cpp:150] Setting up relu1_p
I0423 11:51:12.850522 44849 net.cpp:157] Top shape: 100 500 (50000)
I0423 11:51:12.850544 44849 net.cpp:165] Memory required for data: 1704043200
I0423 11:51:12.850567 44849 layer_factory.hpp:77] Creating layer ip2_p
I0423 11:51:12.850602 44849 net.cpp:106] Creating Layer ip2_p
I0423 11:51:12.850641 44849 net.cpp:454] ip2_p <- ip1_p
I0423 11:51:12.850684 44849 net.cpp:411] ip2_p -> ip2_p
I0423 11:51:12.850893 44849 net.cpp:150] Setting up ip2_p
I0423 11:51:12.850941 44849 net.cpp:157] Top shape: 100 10 (1000)
I0423 11:51:12.850966 44849 net.cpp:165] Memory required for data: 1704047200
I0423 11:51:12.851012 44849 net.cpp:514] Sharing parameters 'ip2_w' owned by layer 'ip2', param index 0
I0423 11:51:12.851038 44849 net.cpp:514] Sharing parameters 'ip2_b' owned by layer 'ip2', param index 1
I0423 11:51:12.851070 44849 layer_factory.hpp:77] Creating layer feat_p
I0423 11:51:12.851096 44849 net.cpp:106] Creating Layer feat_p
I0423 11:51:12.851135 44849 net.cpp:454] feat_p <- ip2_p
I0423 11:51:12.851166 44849 net.cpp:411] feat_p -> feat_p
I0423 11:51:12.851315 44849 net.cpp:150] Setting up feat_p
I0423 11:51:12.851357 44849 net.cpp:157] Top shape: 100 2 (200)
I0423 11:51:12.851382 44849 net.cpp:165] Memory required for data: 1704048000
I0423 11:51:12.851407 44849 net.cpp:514] Sharing parameters 'feat_w' owned by layer 'feat', param index 0
I0423 11:51:12.851433 44849 net.cpp:514] Sharing parameters 'feat_b' owned by layer 'feat', param index 1
I0423 11:51:12.851513 44849 layer_factory.hpp:77] Creating layer loss
I0423 11:51:12.851546 44849 net.cpp:106] Creating Layer loss
I0423 11:51:12.851585 44849 net.cpp:454] loss <- feat
I0423 11:51:12.851610 44849 net.cpp:454] loss <- feat_p
I0423 11:51:12.851646 44849 net.cpp:454] loss <- sim
I0423 11:51:12.851670 44849 net.cpp:411] loss -> loss
I0423 11:51:12.851773 44849 net.cpp:150] Setting up loss
I0423 11:51:12.851805 44849 net.cpp:157] Top shape: (1)
I0423 11:51:12.851827 44849 net.cpp:160]     with loss weight 1
I0423 11:51:12.851866 44849 net.cpp:165] Memory required for data: 1704048004
I0423 11:51:12.851887 44849 net.cpp:226] loss needs backward computation.
I0423 11:51:12.851909 44849 net.cpp:226] feat_p needs backward computation.
I0423 11:51:12.851930 44849 net.cpp:226] ip2_p needs backward computation.
I0423 11:51:12.851950 44849 net.cpp:226] relu1_p needs backward computation.
I0423 11:51:12.851970 44849 net.cpp:226] ip1_p needs backward computation.
I0423 11:51:12.851991 44849 net.cpp:226] pool2_p needs backward computation.
I0423 11:51:12.852012 44849 net.cpp:226] conv2_p needs backward computation.
I0423 11:51:12.852044 44849 net.cpp:226] pool1_p needs backward computation.
I0423 11:51:12.852064 44849 net.cpp:226] conv1_p needs backward computation.
I0423 11:51:12.852085 44849 net.cpp:226] feat needs backward computation.
I0423 11:51:12.852105 44849 net.cpp:226] ip2 needs backward computation.
I0423 11:51:12.852125 44849 net.cpp:226] relu1 needs backward computation.
I0423 11:51:12.852145 44849 net.cpp:226] ip1 needs backward computation.
I0423 11:51:12.852165 44849 net.cpp:226] pool2 needs backward computation.
I0423 11:51:12.852185 44849 net.cpp:226] conv2 needs backward computation.
I0423 11:51:12.852205 44849 net.cpp:226] pool1 needs backward computation.
I0423 11:51:12.852226 44849 net.cpp:226] conv1 needs backward computation.
I0423 11:51:12.852246 44849 net.cpp:228] data_2 does not need backward computation.
I0423 11:51:12.852265 44849 net.cpp:228] data_1 does not need backward computation.
I0423 11:51:12.852284 44849 net.cpp:270] This network produces output dummy_labels
I0423 11:51:12.852305 44849 net.cpp:270] This network produces output loss
I0423 11:51:12.886935 44849 net.cpp:283] Network initialization done.
I0423 11:51:12.887071 44849 solver.cpp:60] Solver scaffolding done.
I0423 11:51:12.887462 44849 caffe.cpp:209] Resuming from /work/04002/aa67857/caffe/pirc/mnist_3_full/mnist_3_full_iter_5000.solverstate
[libprotobuf WARNING google/protobuf/io/coded_stream.cc:505] Reading dangerously large protocol message.  If the message turns out to be larger than 2147483647 bytes, parsing will be halted for security reasons.  To increase the limit (or to disable these warnings), see CodedInputStream::SetTotalBytesLimit() in google/protobuf/io/coded_stream.h.
[libprotobuf WARNING google/protobuf/io/coded_stream.cc:78] The total number of bytes read was 583458559
I0423 11:51:17.115631 44849 sgd_solver.cpp:318] SGDSolver: restoring history
I0423 11:51:17.341300 44849 caffe.cpp:219] Starting Optimization
I0423 11:51:17.341423 44849 solver.cpp:280] Solving pirc_mnist_full_train_test
I0423 11:51:17.341449 44849 solver.cpp:281] Learning Rate Policy: inv
I0423 11:51:17.342492 44849 solver.cpp:338] Iteration 5000, Testing net (#0)
I0423 11:51:18.427392 44849 blocking_queue.cpp:50] Data layer prefetch queue empty
I0423 11:51:59.351156 44849 solver.cpp:406]     Test net output #0: dummy_labels = 0.4
I0423 11:51:59.351310 44849 solver.cpp:406]     Test net output #1: dummy_labels = 0.533333
I0423 11:51:59.351342 44849 solver.cpp:406]     Test net output #2: dummy_labels = 0.533333
I0423 11:51:59.351369 44849 solver.cpp:406]     Test net output #3: dummy_labels = 0.55
I0423 11:51:59.351395 44849 solver.cpp:406]     Test net output #4: dummy_labels = 0.466667
I0423 11:51:59.351420 44849 solver.cpp:406]     Test net output #5: dummy_labels = 0.55
I0423 11:51:59.351445 44849 solver.cpp:406]     Test net output #6: dummy_labels = 0.5
I0423 11:51:59.351470 44849 solver.cpp:406]     Test net output #7: dummy_labels = 0.5
I0423 11:51:59.351508 44849 solver.cpp:406]     Test net output #8: dummy_labels = 0.533333
I0423 11:51:59.351536 44849 solver.cpp:406]     Test net output #9: dummy_labels = 0.55
I0423 11:51:59.351562 44849 solver.cpp:406]     Test net output #10: dummy_labels = 0.433333
I0423 11:51:59.351588 44849 solver.cpp:406]     Test net output #11: dummy_labels = 0.433333
I0423 11:51:59.351613 44849 solver.cpp:406]     Test net output #12: dummy_labels = 0.5
I0423 11:51:59.351637 44849 solver.cpp:406]     Test net output #13: dummy_labels = 0.383333
I0423 11:51:59.351661 44849 solver.cpp:406]     Test net output #14: dummy_labels = 0.533333
I0423 11:51:59.351686 44849 solver.cpp:406]     Test net output #15: dummy_labels = 0.616667
I0423 11:51:59.351711 44849 solver.cpp:406]     Test net output #16: dummy_labels = 0.483333
I0423 11:51:59.351737 44849 solver.cpp:406]     Test net output #17: dummy_labels = 0.516667
I0423 11:51:59.351766 44849 solver.cpp:406]     Test net output #18: dummy_labels = 0.516667
I0423 11:51:59.351794 44849 solver.cpp:406]     Test net output #19: dummy_labels = 0.4
I0423 11:51:59.351819 44849 solver.cpp:406]     Test net output #20: dummy_labels = 0.583333
I0423 11:51:59.351845 44849 solver.cpp:406]     Test net output #21: dummy_labels = 0.483333
I0423 11:51:59.351869 44849 solver.cpp:406]     Test net output #22: dummy_labels = 0.433333
I0423 11:51:59.351894 44849 solver.cpp:406]     Test net output #23: dummy_labels = 0.566667
I0423 11:51:59.351919 44849 solver.cpp:406]     Test net output #24: dummy_labels = 0.55
I0423 11:51:59.351944 44849 solver.cpp:406]     Test net output #25: dummy_labels = 0.566667
I0423 11:51:59.351969 44849 solver.cpp:406]     Test net output #26: dummy_labels = 0.483333
I0423 11:51:59.351994 44849 solver.cpp:406]     Test net output #27: dummy_labels = 0.433333
I0423 11:51:59.352018 44849 solver.cpp:406]     Test net output #28: dummy_labels = 0.383333
I0423 11:51:59.352043 44849 solver.cpp:406]     Test net output #29: dummy_labels = 0.516667
I0423 11:51:59.352068 44849 solver.cpp:406]     Test net output #30: dummy_labels = 0.55
I0423 11:51:59.352093 44849 solver.cpp:406]     Test net output #31: dummy_labels = 0.5
I0423 11:51:59.352118 44849 solver.cpp:406]     Test net output #32: dummy_labels = 0.6
I0423 11:51:59.352143 44849 solver.cpp:406]     Test net output #33: dummy_labels = 0.566667
I0423 11:51:59.352166 44849 solver.cpp:406]     Test net output #34: dummy_labels = 0.533333
I0423 11:51:59.352191 44849 solver.cpp:406]     Test net output #35: dummy_labels = 0.366667
I0423 11:51:59.352216 44849 solver.cpp:406]     Test net output #36: dummy_labels = 0.466667
I0423 11:51:59.352241 44849 solver.cpp:406]     Test net output #37: dummy_labels = 0.483333
I0423 11:51:59.352265 44849 solver.cpp:406]     Test net output #38: dummy_labels = 0.433333
I0423 11:51:59.352290 44849 solver.cpp:406]     Test net output #39: dummy_labels = 0.483333
I0423 11:51:59.352314 44849 solver.cpp:406]     Test net output #40: dummy_labels = 0.5
I0423 11:51:59.352339 44849 solver.cpp:406]     Test net output #41: dummy_labels = 0.483333
I0423 11:51:59.352365 44849 solver.cpp:406]     Test net output #42: dummy_labels = 0.516667
I0423 11:51:59.352388 44849 solver.cpp:406]     Test net output #43: dummy_labels = 0.366667
I0423 11:51:59.352413 44849 solver.cpp:406]     Test net output #44: dummy_labels = 0.55
I0423 11:51:59.352438 44849 solver.cpp:406]     Test net output #45: dummy_labels = 0.466667
I0423 11:51:59.352484 44849 solver.cpp:406]     Test net output #46: dummy_labels = 0.466667
I0423 11:51:59.352511 44849 solver.cpp:406]     Test net output #47: dummy_labels = 0.5
I0423 11:51:59.352537 44849 solver.cpp:406]     Test net output #48: dummy_labels = 0.483333
I0423 11:51:59.352561 44849 solver.cpp:406]     Test net output #49: dummy_labels = 0.466667
I0423 11:51:59.352586 44849 solver.cpp:406]     Test net output #50: dummy_labels = 0.416667
I0423 11:51:59.352610 44849 solver.cpp:406]     Test net output #51: dummy_labels = 0.6
I0423 11:51:59.352646 44849 solver.cpp:406]     Test net output #52: dummy_labels = 0.45
I0423 11:51:59.352674 44849 solver.cpp:406]     Test net output #53: dummy_labels = 0.566667
I0423 11:51:59.352699 44849 solver.cpp:406]     Test net output #54: dummy_labels = 0.583333
I0423 11:51:59.352723 44849 solver.cpp:406]     Test net output #55: dummy_labels = 0.566667
I0423 11:51:59.352748 44849 solver.cpp:406]     Test net output #56: dummy_labels = 0.466667
I0423 11:51:59.352782 44849 solver.cpp:406]     Test net output #57: dummy_labels = 0.483333
I0423 11:51:59.352807 44849 solver.cpp:406]     Test net output #58: dummy_labels = 0.433333
I0423 11:51:59.352831 44849 solver.cpp:406]     Test net output #59: dummy_labels = 0.5
I0423 11:51:59.352856 44849 solver.cpp:406]     Test net output #60: dummy_labels = 0.466667
I0423 11:51:59.352881 44849 solver.cpp:406]     Test net output #61: dummy_labels = 0.666667
I0423 11:51:59.352905 44849 solver.cpp:406]     Test net output #62: dummy_labels = 0.383333
I0423 11:51:59.352931 44849 solver.cpp:406]     Test net output #63: dummy_labels = 0.55
I0423 11:51:59.352955 44849 solver.cpp:406]     Test net output #64: dummy_labels = 0.533333
I0423 11:51:59.352980 44849 solver.cpp:406]     Test net output #65: dummy_labels = 0.566667
I0423 11:51:59.353004 44849 solver.cpp:406]     Test net output #66: dummy_labels = 0.533333
I0423 11:51:59.353029 44849 solver.cpp:406]     Test net output #67: dummy_labels = 0.516667
I0423 11:51:59.353054 44849 solver.cpp:406]     Test net output #68: dummy_labels = 0.416667
I0423 11:51:59.353078 44849 solver.cpp:406]     Test net output #69: dummy_labels = 0.566667
I0423 11:51:59.353102 44849 solver.cpp:406]     Test net output #70: dummy_labels = 0.433333
I0423 11:51:59.353127 44849 solver.cpp:406]     Test net output #71: dummy_labels = 0.516667
I0423 11:51:59.353152 44849 solver.cpp:406]     Test net output #72: dummy_labels = 0.566667
I0423 11:51:59.353176 44849 solver.cpp:406]     Test net output #73: dummy_labels = 0.583333
I0423 11:51:59.353200 44849 solver.cpp:406]     Test net output #74: dummy_labels = 0.45
I0423 11:51:59.353224 44849 solver.cpp:406]     Test net output #75: dummy_labels = 0.55
I0423 11:51:59.353250 44849 solver.cpp:406]     Test net output #76: dummy_labels = 0.533333
I0423 11:51:59.353274 44849 solver.cpp:406]     Test net output #77: dummy_labels = 0.55
I0423 11:51:59.353301 44849 solver.cpp:406]     Test net output #78: dummy_labels = 0.483333
I0423 11:51:59.353325 44849 solver.cpp:406]     Test net output #79: dummy_labels = 0.6
I0423 11:51:59.353350 44849 solver.cpp:406]     Test net output #80: dummy_labels = 0.4
I0423 11:51:59.353374 44849 solver.cpp:406]     Test net output #81: dummy_labels = 0.383333
I0423 11:51:59.353399 44849 solver.cpp:406]     Test net output #82: dummy_labels = 0.533333
I0423 11:51:59.353423 44849 solver.cpp:406]     Test net output #83: dummy_labels = 0.55
I0423 11:51:59.353447 44849 solver.cpp:406]     Test net output #84: dummy_labels = 0.45
I0423 11:51:59.353472 44849 solver.cpp:406]     Test net output #85: dummy_labels = 0.4
I0423 11:51:59.353497 44849 solver.cpp:406]     Test net output #86: dummy_labels = 0.6
I0423 11:51:59.353521 44849 solver.cpp:406]     Test net output #87: dummy_labels = 0.516667
I0423 11:51:59.353546 44849 solver.cpp:406]     Test net output #88: dummy_labels = 0.6
I0423 11:51:59.353570 44849 solver.cpp:406]     Test net output #89: dummy_labels = 0.433333
I0423 11:51:59.353595 44849 solver.cpp:406]     Test net output #90: dummy_labels = 0.483333
I0423 11:51:59.353634 44849 solver.cpp:406]     Test net output #91: dummy_labels = 0.45
I0423 11:51:59.353662 44849 solver.cpp:406]     Test net output #92: dummy_labels = 0.55
I0423 11:51:59.353687 44849 solver.cpp:406]     Test net output #93: dummy_labels = 0.466667
I0423 11:51:59.353710 44849 solver.cpp:406]     Test net output #94: dummy_labels = 0.45
I0423 11:51:59.353734 44849 solver.cpp:406]     Test net output #95: dummy_labels = 0.433333
I0423 11:51:59.353777 44849 solver.cpp:406]     Test net output #96: dummy_labels = 0.45
I0423 11:51:59.353819 44849 solver.cpp:406]     Test net output #97: dummy_labels = 0.533333
I0423 11:51:59.353847 44849 solver.cpp:406]     Test net output #98: dummy_labels = 0.383333
I0423 11:51:59.353873 44849 solver.cpp:406]     Test net output #99: dummy_labels = 0.683333
I0423 11:51:59.353901 44849 solver.cpp:406]     Test net output #100: loss = 3.63467 (* 1 = 3.63467 loss)
I0423 11:52:00.375627 44849 solver.cpp:229] Iteration 5000, loss = 0.430666
I0423 11:52:00.816371 44849 solver.cpp:245]     Train net output #0: dummy_labels = 0
I0423 11:52:00.816408 44849 solver.cpp:245]     Train net output #1: dummy_labels = 0
I0423 11:52:00.816434 44849 solver.cpp:245]     Train net output #2: dummy_labels = 0
I0423 11:52:00.816458 44849 solver.cpp:245]     Train net output #3: dummy_labels = 0
I0423 11:52:00.816481 44849 solver.cpp:245]     Train net output #4: dummy_labels = 0
I0423 11:52:00.816504 44849 solver.cpp:245]     Train net output #5: dummy_labels = 0
I0423 11:52:00.816527 44849 solver.cpp:245]     Train net output #6: dummy_labels = 0
I0423 11:52:00.816550 44849 solver.cpp:245]     Train net output #7: dummy_labels = 0
I0423 11:52:00.816573 44849 solver.cpp:245]     Train net output #8: dummy_labels = 0
I0423 11:52:00.816596 44849 solver.cpp:245]     Train net output #9: dummy_labels = 0
I0423 11:52:00.816619 44849 solver.cpp:245]     Train net output #10: dummy_labels = 0
I0423 11:52:00.816642 44849 solver.cpp:245]     Train net output #11: dummy_labels = 0
I0423 11:52:00.816664 44849 solver.cpp:245]     Train net output #12: dummy_labels = 0
I0423 11:52:00.816687 44849 solver.cpp:245]     Train net output #13: dummy_labels = 0
I0423 11:52:00.816710 44849 solver.cpp:245]     Train net output #14: dummy_labels = 0
I0423 11:52:00.816733 44849 solver.cpp:245]     Train net output #15: dummy_labels = 0
I0423 11:52:00.816756 44849 solver.cpp:245]     Train net output #16: dummy_labels = 0
I0423 11:52:00.816784 44849 solver.cpp:245]     Train net output #17: dummy_labels = 1
I0423 11:52:00.816808 44849 solver.cpp:245]     Train net output #18: dummy_labels = 0
I0423 11:52:00.816831 44849 solver.cpp:245]     Train net output #19: dummy_labels = 0
I0423 11:52:00.816854 44849 solver.cpp:245]     Train net output #20: dummy_labels = 0
I0423 11:52:00.816876 44849 solver.cpp:245]     Train net output #21: dummy_labels = 0
I0423 11:52:00.816900 44849 solver.cpp:245]     Train net output #22: dummy_labels = 0
I0423 11:52:00.816922 44849 solver.cpp:245]     Train net output #23: dummy_labels = 1
I0423 11:52:00.816944 44849 solver.cpp:245]     Train net output #24: dummy_labels = 0
I0423 11:52:00.816967 44849 solver.cpp:245]     Train net output #25: dummy_labels = 0
I0423 11:52:00.816990 44849 solver.cpp:245]     Train net output #26: dummy_labels = 0
I0423 11:52:00.817013 44849 solver.cpp:245]     Train net output #27: dummy_labels = 1
I0423 11:52:00.817036 44849 solver.cpp:245]     Train net output #28: dummy_labels = 0
I0423 11:52:00.817059 44849 solver.cpp:245]     Train net output #29: dummy_labels = 0
I0423 11:52:00.817081 44849 solver.cpp:245]     Train net output #30: dummy_labels = 0
I0423 11:52:00.817104 44849 solver.cpp:245]     Train net output #31: dummy_labels = 0
I0423 11:52:00.817127 44849 solver.cpp:245]     Train net output #32: dummy_labels = 0
I0423 11:52:00.817149 44849 solver.cpp:245]     Train net output #33: dummy_labels = 0
I0423 11:52:00.817173 44849 solver.cpp:245]     Train net output #34: dummy_labels = 0
I0423 11:52:00.817195 44849 solver.cpp:245]     Train net output #35: dummy_labels = 0
I0423 11:52:00.817251 44849 solver.cpp:245]     Train net output #36: dummy_labels = 1
I0423 11:52:00.817276 44849 solver.cpp:245]     Train net output #37: dummy_labels = 0
I0423 11:52:00.817299 44849 solver.cpp:245]     Train net output #38: dummy_labels = 0
I0423 11:52:00.817322 44849 solver.cpp:245]     Train net output #39: dummy_labels = 0
I0423 11:52:00.817344 44849 solver.cpp:245]     Train net output #40: dummy_labels = 0
I0423 11:52:00.817368 44849 solver.cpp:245]     Train net output #41: dummy_labels = 0
I0423 11:52:00.817409 44849 solver.cpp:245]     Train net output #42: dummy_labels = 1
I0423 11:52:00.817435 44849 solver.cpp:245]     Train net output #43: dummy_labels = 0
I0423 11:52:00.817457 44849 solver.cpp:245]     Train net output #44: dummy_labels = 0
I0423 11:52:00.817481 44849 solver.cpp:245]     Train net output #45: dummy_labels = 0
I0423 11:52:00.817503 44849 solver.cpp:245]     Train net output #46: dummy_labels = 0
I0423 11:52:00.817525 44849 solver.cpp:245]     Train net output #47: dummy_labels = 0
I0423 11:52:00.817548 44849 solver.cpp:245]     Train net output #48: dummy_labels = 1
I0423 11:52:00.817570 44849 solver.cpp:245]     Train net output #49: dummy_labels = 1
I0423 11:52:00.817592 44849 solver.cpp:245]     Train net output #50: dummy_labels = 0
I0423 11:52:00.817615 44849 solver.cpp:245]     Train net output #51: dummy_labels = 0
I0423 11:52:00.817637 44849 solver.cpp:245]     Train net output #52: dummy_labels = 0
I0423 11:52:00.817661 44849 solver.cpp:245]     Train net output #53: dummy_labels = 0
I0423 11:52:00.817682 44849 solver.cpp:245]     Train net output #54: dummy_labels = 0
I0423 11:52:00.817705 44849 solver.cpp:245]     Train net output #55: dummy_labels = 0
I0423 11:52:00.817728 44849 solver.cpp:245]     Train net output #56: dummy_labels = 1
I0423 11:52:00.817750 44849 solver.cpp:245]     Train net output #57: dummy_labels = 0
I0423 11:52:00.817777 44849 solver.cpp:245]     Train net output #58: dummy_labels = 0
I0423 11:52:00.817801 44849 solver.cpp:245]     Train net output #59: dummy_labels = 0
I0423 11:52:00.817823 44849 solver.cpp:245]     Train net output #60: dummy_labels = 0
I0423 11:52:00.817847 44849 solver.cpp:245]     Train net output #61: dummy_labels = 0
I0423 11:52:00.817868 44849 solver.cpp:245]     Train net output #62: dummy_labels = 0
I0423 11:52:00.817891 44849 solver.cpp:245]     Train net output #63: dummy_labels = 0
I0423 11:52:00.817914 44849 solver.cpp:245]     Train net output #64: dummy_labels = 0
I0423 11:52:00.817936 44849 solver.cpp:245]     Train net output #65: dummy_labels = 0
I0423 11:52:00.817958 44849 solver.cpp:245]     Train net output #66: dummy_labels = 0
I0423 11:52:00.817981 44849 solver.cpp:245]     Train net output #67: dummy_labels = 0
I0423 11:52:00.818003 44849 solver.cpp:245]     Train net output #68: dummy_labels = 0
I0423 11:52:00.818025 44849 solver.cpp:245]     Train net output #69: dummy_labels = 0
I0423 11:52:00.818048 44849 solver.cpp:245]     Train net output #70: dummy_labels = 0
I0423 11:52:00.818071 44849 solver.cpp:245]     Train net output #71: dummy_labels = 0
I0423 11:52:00.818094 44849 solver.cpp:245]     Train net output #72: dummy_labels = 0
I0423 11:52:00.818115 44849 solver.cpp:245]     Train net output #73: dummy_labels = 1
I0423 11:52:00.818138 44849 solver.cpp:245]     Train net output #74: dummy_labels = 0
I0423 11:52:00.818161 44849 solver.cpp:245]     Train net output #75: dummy_labels = 0
I0423 11:52:00.818182 44849 solver.cpp:245]     Train net output #76: dummy_labels = 1
I0423 11:52:00.818205 44849 solver.cpp:245]     Train net output #77: dummy_labels = 0
I0423 11:52:00.818228 44849 solver.cpp:245]     Train net output #78: dummy_labels = 1
I0423 11:52:00.818250 44849 solver.cpp:245]     Train net output #79: dummy_labels = 0
I0423 11:52:00.818272 44849 solver.cpp:245]     Train net output #80: dummy_labels = 0
I0423 11:52:00.818295 44849 solver.cpp:245]     Train net output #81: dummy_labels = 1
I0423 11:52:00.818317 44849 solver.cpp:245]     Train net output #82: dummy_labels = 0
I0423 11:52:00.818362 44849 solver.cpp:245]     Train net output #83: dummy_labels = 1
I0423 11:52:00.818387 44849 solver.cpp:245]     Train net output #84: dummy_labels = 0
I0423 11:52:00.818409 44849 solver.cpp:245]     Train net output #85: dummy_labels = 0
I0423 11:52:00.818433 44849 solver.cpp:245]     Train net output #86: dummy_labels = 0
I0423 11:52:00.818455 44849 solver.cpp:245]     Train net output #87: dummy_labels = 0
I0423 11:52:00.818477 44849 solver.cpp:245]     Train net output #88: dummy_labels = 0
I0423 11:52:00.818512 44849 solver.cpp:245]     Train net output #89: dummy_labels = 0
I0423 11:52:00.818538 44849 solver.cpp:245]     Train net output #90: dummy_labels = 0
I0423 11:52:00.818562 44849 solver.cpp:245]     Train net output #91: dummy_labels = 0
I0423 11:52:00.818583 44849 solver.cpp:245]     Train net output #92: dummy_labels = 0
I0423 11:52:00.818606 44849 solver.cpp:245]     Train net output #93: dummy_labels = 0
I0423 11:52:00.818629 44849 solver.cpp:245]     Train net output #94: dummy_labels = 1
I0423 11:52:00.818651 44849 solver.cpp:245]     Train net output #95: dummy_labels = 0
I0423 11:52:00.818673 44849 solver.cpp:245]     Train net output #96: dummy_labels = 0
I0423 11:52:00.818696 44849 solver.cpp:245]     Train net output #97: dummy_labels = 0
I0423 11:52:00.818718 44849 solver.cpp:245]     Train net output #98: dummy_labels = 0
I0423 11:52:00.818740 44849 solver.cpp:245]     Train net output #99: dummy_labels = 1
I0423 11:52:00.818771 44849 solver.cpp:245]     Train net output #100: loss = 0.430666 (* 1 = 0.430666 loss)
I0423 11:52:00.818837 44849 sgd_solver.cpp:106] Iteration 5000, lr = 7.37788e-09
I0423 11:54:24.670960 44849 solver.cpp:229] Iteration 5100, loss = 0.227174
I0423 11:54:25.111205 44849 solver.cpp:245]     Train net output #0: dummy_labels = 0
I0423 11:54:25.111243 44849 solver.cpp:245]     Train net output #1: dummy_labels = 0
I0423 11:54:25.111268 44849 solver.cpp:245]     Train net output #2: dummy_labels = 1
I0423 11:54:25.111291 44849 solver.cpp:245]     Train net output #3: dummy_labels = 0
I0423 11:54:25.111315 44849 solver.cpp:245]     Train net output #4: dummy_labels = 1
I0423 11:54:25.111337 44849 solver.cpp:245]     Train net output #5: dummy_labels = 0
I0423 11:54:25.111361 44849 solver.cpp:245]     Train net output #6: dummy_labels = 0
I0423 11:54:25.111383 44849 solver.cpp:245]     Train net output #7: dummy_labels = 0
I0423 11:54:25.111407 44849 solver.cpp:245]     Train net output #8: dummy_labels = 0
I0423 11:54:25.111429 44849 solver.cpp:245]     Train net output #9: dummy_labels = 0
I0423 11:54:25.111452 44849 solver.cpp:245]     Train net output #10: dummy_labels = 0
I0423 11:54:25.111474 44849 solver.cpp:245]     Train net output #11: dummy_labels = 0
I0423 11:54:25.111497 44849 solver.cpp:245]     Train net output #12: dummy_labels = 0
I0423 11:54:25.111521 44849 solver.cpp:245]     Train net output #13: dummy_labels = 0
I0423 11:54:25.111543 44849 solver.cpp:245]     Train net output #14: dummy_labels = 0
I0423 11:54:25.111565 44849 solver.cpp:245]     Train net output #15: dummy_labels = 0
I0423 11:54:25.111588 44849 solver.cpp:245]     Train net output #16: dummy_labels = 0
I0423 11:54:25.111611 44849 solver.cpp:245]     Train net output #17: dummy_labels = 0
I0423 11:54:25.111634 44849 solver.cpp:245]     Train net output #18: dummy_labels = 0
I0423 11:54:25.111656 44849 solver.cpp:245]     Train net output #19: dummy_labels = 1
I0423 11:54:25.111680 44849 solver.cpp:245]     Train net output #20: dummy_labels = 0
I0423 11:54:25.111702 44849 solver.cpp:245]     Train net output #21: dummy_labels = 0
I0423 11:54:25.111724 44849 solver.cpp:245]     Train net output #22: dummy_labels = 0
I0423 11:54:25.111747 44849 solver.cpp:245]     Train net output #23: dummy_labels = 0
I0423 11:54:25.111774 44849 solver.cpp:245]     Train net output #24: dummy_labels = 0
I0423 11:54:25.111799 44849 solver.cpp:245]     Train net output #25: dummy_labels = 0
I0423 11:54:25.111821 44849 solver.cpp:245]     Train net output #26: dummy_labels = 0
I0423 11:54:25.111845 44849 solver.cpp:245]     Train net output #27: dummy_labels = 0
I0423 11:54:25.111867 44849 solver.cpp:245]     Train net output #28: dummy_labels = 0
I0423 11:54:25.111891 44849 solver.cpp:245]     Train net output #29: dummy_labels = 0
I0423 11:54:25.111913 44849 solver.cpp:245]     Train net output #30: dummy_labels = 0
I0423 11:54:25.111935 44849 solver.cpp:245]     Train net output #31: dummy_labels = 0
I0423 11:54:25.111958 44849 solver.cpp:245]     Train net output #32: dummy_labels = 0
I0423 11:54:25.111995 44849 solver.cpp:245]     Train net output #33: dummy_labels = 1
I0423 11:54:25.112020 44849 solver.cpp:245]     Train net output #34: dummy_labels = 0
I0423 11:54:25.112045 44849 solver.cpp:245]     Train net output #35: dummy_labels = 0
I0423 11:54:25.112067 44849 solver.cpp:245]     Train net output #36: dummy_labels = 0
I0423 11:54:25.112089 44849 solver.cpp:245]     Train net output #37: dummy_labels = 0
I0423 11:54:25.112112 44849 solver.cpp:245]     Train net output #38: dummy_labels = 0
I0423 11:54:25.112135 44849 solver.cpp:245]     Train net output #39: dummy_labels = 0
I0423 11:54:25.112157 44849 solver.cpp:245]     Train net output #40: dummy_labels = 1
I0423 11:54:25.112180 44849 solver.cpp:245]     Train net output #41: dummy_labels = 0
I0423 11:54:25.112202 44849 solver.cpp:245]     Train net output #42: dummy_labels = 0
I0423 11:54:25.112226 44849 solver.cpp:245]     Train net output #43: dummy_labels = 0
I0423 11:54:25.112247 44849 solver.cpp:245]     Train net output #44: dummy_labels = 0
I0423 11:54:25.112269 44849 solver.cpp:245]     Train net output #45: dummy_labels = 0
I0423 11:54:25.112293 44849 solver.cpp:245]     Train net output #46: dummy_labels = 0
I0423 11:54:25.112314 44849 solver.cpp:245]     Train net output #47: dummy_labels = 0
I0423 11:54:25.112354 44849 solver.cpp:245]     Train net output #48: dummy_labels = 0
I0423 11:54:25.112378 44849 solver.cpp:245]     Train net output #49: dummy_labels = 0
I0423 11:54:25.112401 44849 solver.cpp:245]     Train net output #50: dummy_labels = 1
I0423 11:54:25.112423 44849 solver.cpp:245]     Train net output #51: dummy_labels = 0
I0423 11:54:25.112447 44849 solver.cpp:245]     Train net output #52: dummy_labels = 0
I0423 11:54:25.112468 44849 solver.cpp:245]     Train net output #53: dummy_labels = 0
I0423 11:54:25.112490 44849 solver.cpp:245]     Train net output #54: dummy_labels = 0
I0423 11:54:25.112512 44849 solver.cpp:245]     Train net output #55: dummy_labels = 0
I0423 11:54:25.112534 44849 solver.cpp:245]     Train net output #56: dummy_labels = 0
I0423 11:54:25.112557 44849 solver.cpp:245]     Train net output #57: dummy_labels = 0
I0423 11:54:25.112579 44849 solver.cpp:245]     Train net output #58: dummy_labels = 0
I0423 11:54:25.112601 44849 solver.cpp:245]     Train net output #59: dummy_labels = 0
I0423 11:54:25.112623 44849 solver.cpp:245]     Train net output #60: dummy_labels = 0
I0423 11:54:25.112646 44849 solver.cpp:245]     Train net output #61: dummy_labels = 1
I0423 11:54:25.112668 44849 solver.cpp:245]     Train net output #62: dummy_labels = 0
I0423 11:54:25.112690 44849 solver.cpp:245]     Train net output #63: dummy_labels = 0
I0423 11:54:25.112714 44849 solver.cpp:245]     Train net output #64: dummy_labels = 0
I0423 11:54:25.112735 44849 solver.cpp:245]     Train net output #65: dummy_labels = 0
I0423 11:54:25.112761 44849 solver.cpp:245]     Train net output #66: dummy_labels = 0
I0423 11:54:25.112785 44849 solver.cpp:245]     Train net output #67: dummy_labels = 0
I0423 11:54:25.112808 44849 solver.cpp:245]     Train net output #68: dummy_labels = 0
I0423 11:54:25.112831 44849 solver.cpp:245]     Train net output #69: dummy_labels = 1
I0423 11:54:25.112854 44849 solver.cpp:245]     Train net output #70: dummy_labels = 0
I0423 11:54:25.112876 44849 solver.cpp:245]     Train net output #71: dummy_labels = 0
I0423 11:54:25.112900 44849 solver.cpp:245]     Train net output #72: dummy_labels = 0
I0423 11:54:25.112921 44849 solver.cpp:245]     Train net output #73: dummy_labels = 0
I0423 11:54:25.112944 44849 solver.cpp:245]     Train net output #74: dummy_labels = 0
I0423 11:54:25.112967 44849 solver.cpp:245]     Train net output #75: dummy_labels = 0
I0423 11:54:25.112989 44849 solver.cpp:245]     Train net output #76: dummy_labels = 0
I0423 11:54:25.113011 44849 solver.cpp:245]     Train net output #77: dummy_labels = 0
I0423 11:54:25.113034 44849 solver.cpp:245]     Train net output #78: dummy_labels = 1
I0423 11:54:25.113056 44849 solver.cpp:245]     Train net output #79: dummy_labels = 0
I0423 11:54:25.113088 44849 solver.cpp:245]     Train net output #80: dummy_labels = 0
I0423 11:54:25.113113 44849 solver.cpp:245]     Train net output #81: dummy_labels = 0
I0423 11:54:25.113137 44849 solver.cpp:245]     Train net output #82: dummy_labels = 0
I0423 11:54:25.113159 44849 solver.cpp:245]     Train net output #83: dummy_labels = 0
I0423 11:54:25.113183 44849 solver.cpp:245]     Train net output #84: dummy_labels = 0
I0423 11:54:25.113204 44849 solver.cpp:245]     Train net output #85: dummy_labels = 0
I0423 11:54:25.113227 44849 solver.cpp:245]     Train net output #86: dummy_labels = 0
I0423 11:54:25.113250 44849 solver.cpp:245]     Train net output #87: dummy_labels = 0
I0423 11:54:25.113271 44849 solver.cpp:245]     Train net output #88: dummy_labels = 0
I0423 11:54:25.113293 44849 solver.cpp:245]     Train net output #89: dummy_labels = 0
I0423 11:54:25.113317 44849 solver.cpp:245]     Train net output #90: dummy_labels = 0
I0423 11:54:25.113338 44849 solver.cpp:245]     Train net output #91: dummy_labels = 0
I0423 11:54:25.113360 44849 solver.cpp:245]     Train net output #92: dummy_labels = 0
I0423 11:54:25.113384 44849 solver.cpp:245]     Train net output #93: dummy_labels = 0
I0423 11:54:25.113405 44849 solver.cpp:245]     Train net output #94: dummy_labels = 0
I0423 11:54:25.113441 44849 solver.cpp:245]     Train net output #95: dummy_labels = 0
I0423 11:54:25.113466 44849 solver.cpp:245]     Train net output #96: dummy_labels = 0
I0423 11:54:25.113488 44849 solver.cpp:245]     Train net output #97: dummy_labels = 0
I0423 11:54:25.113512 44849 solver.cpp:245]     Train net output #98: dummy_labels = 0
I0423 11:54:25.113533 44849 solver.cpp:245]     Train net output #99: dummy_labels = 0
I0423 11:54:25.113559 44849 solver.cpp:245]     Train net output #100: loss = 0.227174 (* 1 = 0.227174 loss)
I0423 11:54:25.113589 44849 sgd_solver.cpp:106] Iteration 5100, lr = 7.3412e-09
